

*******************************************************************************
Tue May 12 09:03:35 2020


FIT:    data read from "LL_4000.xvg" u 1:2
	x range restricted to [0.00100000 : 5.00000]
        #datapoints = 16
        residuals are weighted equally (unit weight)

function used for fitting: vai(x,a0,a1,a2)
fitted parameters initialized with current variable values



 Iteration 0
 WSSR        : 9.7885            delta(WSSR)/WSSR   : 0
 delta(WSSR) : 0                 limit for stopping : 1e-05
 lambda	  : 0.496349

initial set of free parameter values

a0              = 1
a1              = 1
a2              = 1

After 7 iterations the fit converged.
final sum of squares of residuals : 3.8508e-07
rel. change during last iteration : -3.17021e-13

degrees of freedom    (FIT_NDF)                        : 13
rms of residuals      (FIT_STDFIT) = sqrt(WSSR/ndf)    : 0.000172109
variance of residuals (reduced chisquare) = WSSR/ndf   : 2.96215e-08

Final set of parameters            Asymptotic Standard Error
=======================            ==========================

a0              = 0.0153736        +/- 0.0002642    (1.719%)
a1              = 0.133927         +/- 0.06804      (50.8%)
a2              = -0.000923273     +/- 0.0009932    (107.6%)


correlation matrix of the fit parameters:

               a0     a1     a2     
a0              1.000 
a1              0.959  1.000 
a2              0.903  0.983  1.000 


*******************************************************************************
Tue May 12 09:03:35 2020


FIT:    data read from "LL_8000.xvg" u 1:2
	x range restricted to [0.00100000 : 5.00000]
        #datapoints = 16
        residuals are weighted equally (unit weight)

function used for fitting: vai(x,a0,a1,a2)
fitted parameters initialized with current variable values



 Iteration 0
 WSSR        : 9.78828           delta(WSSR)/WSSR   : 0
 delta(WSSR) : 0                 limit for stopping : 1e-05
 lambda	  : 0.496349

initial set of free parameter values

a0              = 1
a1              = 1
a2              = 1

After 7 iterations the fit converged.
final sum of squares of residuals : 4.11907e-07
rel. change during last iteration : -3.19765e-13

degrees of freedom    (FIT_NDF)                        : 13
rms of residuals      (FIT_STDFIT) = sqrt(WSSR/ndf)    : 0.000178003
variance of residuals (reduced chisquare) = WSSR/ndf   : 3.16852e-08

Final set of parameters            Asymptotic Standard Error
=======================            ==========================

a0              = 0.0153534        +/- 0.0002733    (1.78%)
a1              = 0.123973         +/- 0.07063      (56.97%)
a2              = -0.00108775      +/- 0.001027     (94.43%)


correlation matrix of the fit parameters:

               a0     a1     a2     
a0              1.000 
a1              0.959  1.000 
a2              0.903  0.983  1.000 


*******************************************************************************
Tue May 12 09:03:35 2020


FIT:    data read from "LL_12000.xvg" u 1:2
	x range restricted to [0.00100000 : 5.00000]
        #datapoints = 16
        residuals are weighted equally (unit weight)

function used for fitting: vai(x,a0,a1,a2)
fitted parameters initialized with current variable values



 Iteration 0
 WSSR        : 9.78805           delta(WSSR)/WSSR   : 0
 delta(WSSR) : 0                 limit for stopping : 1e-05
 lambda	  : 0.496349

initial set of free parameter values

a0              = 1
a1              = 1
a2              = 1

After 7 iterations the fit converged.
final sum of squares of residuals : 4.79916e-07
rel. change during last iteration : -2.42903e-13

degrees of freedom    (FIT_NDF)                        : 13
rms of residuals      (FIT_STDFIT) = sqrt(WSSR/ndf)    : 0.000192137
variance of residuals (reduced chisquare) = WSSR/ndf   : 3.69166e-08

Final set of parameters            Asymptotic Standard Error
=======================            ==========================

a0              = 0.0154066        +/- 0.000295     (1.915%)
a1              = 0.134113         +/- 0.07579      (56.51%)
a2              = -0.000958552     +/- 0.001109     (115.7%)


correlation matrix of the fit parameters:

               a0     a1     a2     
a0              1.000 
a1              0.959  1.000 
a2              0.903  0.983  1.000 


*******************************************************************************
Tue May 12 09:03:35 2020


FIT:    data read from "LL_16000.xvg" u 1:2
	x range restricted to [0.00100000 : 5.00000]
        #datapoints = 16
        residuals are weighted equally (unit weight)

function used for fitting: vai(x,a0,a1,a2)
fitted parameters initialized with current variable values



 Iteration 0
 WSSR        : 9.78736           delta(WSSR)/WSSR   : 0
 delta(WSSR) : 0                 limit for stopping : 1e-05
 lambda	  : 0.496349

initial set of free parameter values

a0              = 1
a1              = 1
a2              = 1

After 7 iterations the fit converged.
final sum of squares of residuals : 3.89654e-07
rel. change during last iteration : -2.42516e-13

degrees of freedom    (FIT_NDF)                        : 13
rms of residuals      (FIT_STDFIT) = sqrt(WSSR/ndf)    : 0.000173128
variance of residuals (reduced chisquare) = WSSR/ndf   : 2.99734e-08

Final set of parameters            Asymptotic Standard Error
=======================            ==========================

a0              = 0.015522         +/- 0.0002658    (1.712%)
a1              = 0.156962         +/- 0.06741      (42.95%)
a2              = -0.000629178     +/- 0.0009991    (158.8%)


correlation matrix of the fit parameters:

               a0     a1     a2     
a0              1.000 
a1              0.959  1.000 
a2              0.903  0.984  1.000 
