Log file opened on Fri Dec 13 14:29:03 2019
Host: r2i3n10  pid: 27166  rank ID: 0  number of ranks:  64
                        :-) GROMACS - mdrun, 2016.1 (-:

                            GROMACS is written by:
     Emile Apol      Rossen Apostolov  Herman J.C. Berendsen    Par Bjelkmar   
 Aldert van Buuren   Rudi van Drunen     Anton Feenstra    Gerrit Groenhof  
 Christoph Junghans   Anca Hamuraru    Vincent Hindriksen Dimitrios Karkoulis
    Peter Kasson        Jiri Kraus      Carsten Kutzner      Per Larsson    
  Justin A. Lemkul   Magnus Lundborg   Pieter Meulenhoff    Erik Marklund   
   Teemu Murtola       Szilard Pall       Sander Pronk      Roland Schulz   
  Alexey Shvetsov     Michael Shirts     Alfons Sijbers     Peter Tieleman  
  Teemu Virolainen  Christian Wennberg    Maarten Wolf   
                           and the project leaders:
        Mark Abraham, Berk Hess, Erik Lindahl, and David van der Spoel

Copyright (c) 1991-2000, University of Groningen, The Netherlands.
Copyright (c) 2001-2015, The GROMACS development team at
Uppsala University, Stockholm University and
the Royal Institute of Technology, Sweden.
check out http://www.gromacs.org for more information.

GROMACS is free software; you can redistribute it and/or modify it
under the terms of the GNU Lesser General Public License
as published by the Free Software Foundation; either version 2.1
of the License, or (at your option) any later version.

GROMACS:      mdrun, version 2016.1
Executable:   /sw/sdev/Modules/gromacs/gromacs-2016.1/bin/mdrun
Data prefix:  /sw/sdev/Modules/gromacs/gromacs-2016.1
Working dir:  /work/pousaneh/0.377-BIG/V17
Command line:
  mdrun -s NVT_e.tpr -deffnm NVT_e -table Table_HS_modif.xvg

GROMACS version:    2016.1
Precision:          single
Memory model:       64 bit
MPI library:        MPI
OpenMP support:     enabled (GMX_OPENMP_MAX_THREADS = 32)
GPU support:        disabled
SIMD instructions:  AVX_256
FFT library:        Intel MKL
RDTSCP usage:       disabled
TNG support:        enabled
Hwloc support:      disabled
Tracing support:    disabled
Built on:           Thu Jan 12 07:55:47 CET 2017
Built by:           vegarde@service0 [CMAKE]
Build OS/arch:      Linux 3.0.101-84-default x86_64
Build CPU vendor:   Unknown
Build CPU brand:    Unknown
Build CPU family:   0   Model: 0   Stepping: 0
Build CPU features: Unknown
C compiler:         /sw/sdev/Modules/intelcomp/17.0/bin/icc Intel 17.0.0.20160721
C compiler flags:    -mavx   -mkl=sequential  -std=gnu99  -O3 -xHost -DNDEBUG -ip -funroll-all-loops -alias-const -ansi-alias  
C++ compiler:       /sw/sdev/Modules/intelcomp/17.0/bin/icpc Intel 17.0.0.20160721
C++ compiler flags:  -mavx    -std=c++0x   -O3 -xHost -DNDEBUG -ip -funroll-all-loops -alias-const -ansi-alias  


Running on 4 nodes with total 64 cores, 128 logical cores
  Cores per node:           16
  Logical cores per node:   32
Hardware detected on host r2i3n10 (the node of MPI rank 0):
  CPU info:
    Vendor: Intel
    Brand:  Intel(R) Xeon(R) CPU E5-2670 0 @ 2.60GHz
    Family: 6   Model: 45   Stepping: 6
    Features: aes apic avx clfsh cmov cx8 cx16 htt lahf mmx msr nonstop_tsc pcid pclmuldq pdcm pdpe1gb popcnt pse rdtscp sse2 sse3 sse4.1 sse4.2 ssse3 tdt x2apic
    SIMD instructions most likely to fit this hardware: AVX_256
    SIMD instructions selected at GROMACS compile time: AVX_256

  Hardware topology: Basic
    Sockets, cores, and logical processors:
      Socket  0: [   0  16] [   1  17] [   2  18] [   3  19] [   4  20] [   5  21] [   6  22] [   7  23]
      Socket  1: [   8  24] [   9  25] [  10  26] [  11  27] [  12  28] [  13  29] [  14  30] [  15  31]


The current CPU can measure timings more accurately than the code in
mdrun was configured to use. This might affect your simulation
speed as accurate timings are needed for load-balancing.
Please consider rebuilding mdrun with the GMX_USE_RDTSCP=ON CMake option.


++++ PLEASE READ AND CITE THE FOLLOWING REFERENCE ++++
M. J. Abraham, T. Murtola, R. Schulz, S. Páll, J. C. Smith, B. Hess, E.
Lindahl
GROMACS: High performance molecular simulations through multi-level
parallelism from laptops to supercomputers
SoftwareX 1 (2015) pp. 19-25
-------- -------- --- Thank You --- -------- --------


++++ PLEASE READ AND CITE THE FOLLOWING REFERENCE ++++
S. Páll, M. J. Abraham, C. Kutzner, B. Hess, E. Lindahl
Tackling Exascale Software Challenges in Molecular Dynamics Simulations with
GROMACS
In S. Markidis & E. Laure (Eds.), Solving Software Challenges for Exascale 8759 (2015) pp. 3-27
-------- -------- --- Thank You --- -------- --------


++++ PLEASE READ AND CITE THE FOLLOWING REFERENCE ++++
S. Pronk, S. Páll, R. Schulz, P. Larsson, P. Bjelkmar, R. Apostolov, M. R.
Shirts, J. C. Smith, P. M. Kasson, D. van der Spoel, B. Hess, and E. Lindahl
GROMACS 4.5: a high-throughput and highly parallel open source molecular
simulation toolkit
Bioinformatics 29 (2013) pp. 845-54
-------- -------- --- Thank You --- -------- --------


++++ PLEASE READ AND CITE THE FOLLOWING REFERENCE ++++
B. Hess and C. Kutzner and D. van der Spoel and E. Lindahl
GROMACS 4: Algorithms for highly efficient, load-balanced, and scalable
molecular simulation
J. Chem. Theory Comput. 4 (2008) pp. 435-447
-------- -------- --- Thank You --- -------- --------


++++ PLEASE READ AND CITE THE FOLLOWING REFERENCE ++++
D. van der Spoel, E. Lindahl, B. Hess, G. Groenhof, A. E. Mark and H. J. C.
Berendsen
GROMACS: Fast, Flexible and Free
J. Comp. Chem. 26 (2005) pp. 1701-1719
-------- -------- --- Thank You --- -------- --------


++++ PLEASE READ AND CITE THE FOLLOWING REFERENCE ++++
E. Lindahl and B. Hess and D. van der Spoel
GROMACS 3.0: A package for molecular simulation and trajectory analysis
J. Mol. Mod. 7 (2001) pp. 306-317
-------- -------- --- Thank You --- -------- --------


++++ PLEASE READ AND CITE THE FOLLOWING REFERENCE ++++
H. J. C. Berendsen, D. van der Spoel and R. van Drunen
GROMACS: A message-passing parallel molecular dynamics implementation
Comp. Phys. Comm. 91 (1995) pp. 43-56
-------- -------- --- Thank You --- -------- --------

Input Parameters:
   integrator                     = md
   tinit                          = 0
   dt                             = 0.002
   nsteps                         = 20000000
   init-step                      = 0
   simulation-part                = 1
   comm-mode                      = Linear
   nstcomm                        = 100
   bd-fric                        = 0
   ld-seed                        = -1509533099
   emtol                          = 10
   emstep                         = 0.01
   niter                          = 20
   fcstep                         = 0
   nstcgsteep                     = 1000
   nbfgscorr                      = 10
   rtpi                           = 0.05
   nstxout                        = 10000000
   nstvout                        = 10000000
   nstfout                        = 0
   nstlog                         = 10000000
   nstcalcenergy                  = 100
   nstenergy                      = 1000000
   nstxout-compressed             = 10000000
   compressed-x-precision         = 1000
   cutoff-scheme                  = Group
   nstlist                        = 10
   ns-type                        = Grid
   pbc                            = xyz
   periodic-molecules             = false
   verlet-buffer-tolerance        = 0.005
   rlist                          = 0.9
   coulombtype                    = PME
   coulomb-modifier               = None
   rcoulomb-switch                = 0
   rcoulomb                       = 0.9
   epsilon-r                      = 1
   epsilon-rf                     = inf
   vdw-type                       = User
   vdw-modifier                   = None
   rvdw-switch                    = 0
   rvdw                           = 0.3479
   DispCorr                       = No
   table-extension                = 1
   fourierspacing                 = 0.16
   fourier-nx                     = 96
   fourier-ny                     = 96
   fourier-nz                     = 96
   pme-order                      = 4
   ewald-rtol                     = 1e-05
   ewald-rtol-lj                  = 0.001
   lj-pme-comb-rule               = Geometric
   ewald-geometry                 = 0
   epsilon-surface                = 0
   implicit-solvent               = No
   gb-algorithm                   = Still
   nstgbradii                     = 1
   rgbradii                       = 1
   gb-epsilon-solvent             = 80
   gb-saltconc                    = 0
   gb-obc-alpha                   = 1
   gb-obc-beta                    = 0.8
   gb-obc-gamma                   = 4.85
   gb-dielectric-offset           = 0.009
   sa-algorithm                   = Ace-approximation
   sa-surface-tension             = 2.05016
   tcoupl                         = Berendsen
   nsttcouple                     = 10
   nh-chain-length                = 0
   print-nose-hoover-chain-variables = false
   pcoupl                         = No
   pcoupltype                     = Isotropic
   nstpcouple                     = -1
   tau-p                          = 1
   compressibility (3x3):
      compressibility[    0]={ 0.00000e+00,  0.00000e+00,  0.00000e+00}
      compressibility[    1]={ 0.00000e+00,  0.00000e+00,  0.00000e+00}
      compressibility[    2]={ 0.00000e+00,  0.00000e+00,  0.00000e+00}
   ref-p (3x3):
      ref-p[    0]={ 0.00000e+00,  0.00000e+00,  0.00000e+00}
      ref-p[    1]={ 0.00000e+00,  0.00000e+00,  0.00000e+00}
      ref-p[    2]={ 0.00000e+00,  0.00000e+00,  0.00000e+00}
   refcoord-scaling               = No
   posres-com (3):
      posres-com[0]= 0.00000e+00
      posres-com[1]= 0.00000e+00
      posres-com[2]= 0.00000e+00
   posres-comB (3):
      posres-comB[0]= 0.00000e+00
      posres-comB[1]= 0.00000e+00
      posres-comB[2]= 0.00000e+00
   QMMM                           = false
   QMconstraints                  = 0
   QMMMscheme                     = 0
   MMChargeScaleFactor            = 1
qm-opts:
   ngQM                           = 0
   constraint-algorithm           = Lincs
   continuation                   = false
   Shake-SOR                      = false
   shake-tol                      = 0.0001
   lincs-order                    = 4
   lincs-iter                     = 1
   lincs-warnangle                = 30
   nwall                          = 0
   wall-type                      = 9-3
   wall-r-linpot                  = -1
   wall-atomtype[0]               = -1
   wall-atomtype[1]               = -1
   wall-density[0]                = 0
   wall-density[1]                = 0
   wall-ewald-zfac                = 3
   pull                           = false
   rotation                       = false
   interactiveMD                  = false
   disre                          = No
   disre-weighting                = Conservative
   disre-mixed                    = false
   dr-fc                          = 1000
   dr-tau                         = 0
   nstdisreout                    = 100
   orire-fc                       = 0
   orire-tau                      = 0
   nstorireout                    = 100
   free-energy                    = no
   cos-acceleration               = 0
   deform (3x3):
      deform[    0]={ 0.00000e+00,  0.00000e+00,  0.00000e+00}
      deform[    1]={ 0.00000e+00,  0.00000e+00,  0.00000e+00}
      deform[    2]={ 0.00000e+00,  0.00000e+00,  0.00000e+00}
   simulated-tempering            = false
   E-x:
      n = 0
   E-xt:
      n = 0
   E-y:
      n = 0
   E-yt:
      n = 0
   E-z:
      n = 0
   E-zt:
      n = 0
   swapcoords                     = no
   userint1                       = 0
   userint2                       = 0
   userint3                       = 0
   userint4                       = 0
   userreal1                      = 0
   userreal2                      = 0
   userreal3                      = 0
   userreal4                      = 0
grpopts:
   nrdf:       29997
   ref-t:       179.8
   tau-t:         0.1
annealing:          No
annealing-npoints:           0
   acc:	           0           0           0
   nfreeze:           N           N           N
   energygrp-flags[  0]: 0


Initializing Domain Decomposition on 64 ranks
Dynamic load balancing: auto
Guess for relative PME load: 0.93
Using 0 separate PME ranks, as guessed by mdrun
Scaling the initial minimum size with 1/0.8 (option -dds) = 1.25
Optimizing the DD grid for 64 cells with a minimum initial size of 0.000 nm
Domain decomposition grid 8 x 8 x 1, separate PME ranks 0
PME domain decomposition: 8 x 8 x 1
Domain decomposition rank 0, coordinates 0 0 0

The initial number of communication pulses is: X 1 Y 1
The initial domain decomposition cell size is: X 1.71 nm Y 1.71 nm

When dynamic load balancing gets turned on, these settings will change to:
The maximum number of communication pulses is: X 1 Y 1
The minimum size for domain decomposition cells is 0.900 nm
The requested allowed shrink of DD cells (option -dds) is: 0.80
The allowed shrink of domain decomposition cells is: X 0.53 Y 0.53
Using two step summing over 4 groups of on average 16.0 ranks

Using 64 MPI processes


NOTE: This file uses the deprecated 'group' cutoff_scheme. This will be
removed in a future release when 'verlet' supports all interaction forms.

Table routines are used for coulomb: false
Table routines are used for vdw:     true
Will do PME sum in reciprocal space for electrostatic interactions.

++++ PLEASE READ AND CITE THE FOLLOWING REFERENCE ++++
U. Essmann, L. Perera, M. L. Berkowitz, T. Darden, H. Lee and L. G. Pedersen 
A smooth particle mesh Ewald method
J. Chem. Phys. 103 (1995) pp. 8577-8592
-------- -------- --- Thank You --- -------- --------

Will do ordinary reciprocal space Ewald sum.
Using a Gaussian width (1/beta) of 0.288146 nm for Ewald
Cut-off's:   NS: 0.9   Coulomb: 0.9   LJ: 0.3479
System total charge: 0.000
Read user tables from Table_HS_modif.xvg with 1501 data points.
Tabscale = 500 points/nm
Generated table with 950 data points for Ewald.
Tabscale = 500 points/nm
Potential shift: LJ r^-12: 0.000e+00 r^-6: 0.000e+00, Ewald -0.000e+00
Initialized non-bonded Ewald correction tables, spacing: 8.85e-04 size: 2148

Removing pbc first time

Non-default thread affinity set probably by the OpenMP library,
disabling internal thread affinity

Initializing LINear Constraint Solver

++++ PLEASE READ AND CITE THE FOLLOWING REFERENCE ++++
B. Hess and H. Bekker and H. J. C. Berendsen and J. G. E. M. Fraaije
LINCS: A Linear Constraint Solver for molecular simulations
J. Comp. Chem. 18 (1997) pp. 1463-1472
-------- -------- --- Thank You --- -------- --------

The number of constraints is 6000

Linking all bonded interactions to atoms

Intra-simulation communication will occur every 10 steps.
Center of mass motion removal mode is Linear
We have the following groups for center of mass motion removal:
  0:  rest

++++ PLEASE READ AND CITE THE FOLLOWING REFERENCE ++++
H. J. C. Berendsen, J. P. M. Postma, A. DiNola and J. R. Haak
Molecular dynamics with coupling to an external bath
J. Chem. Phys. 81 (1984) pp. 3684-3690
-------- -------- --- Thank You --- -------- --------

There are: 12000 Atoms
There are: 18000 VSites
Atom distribution over 64 domains: av 468 stddev 509 min 0 max 1140
Grid: 4 x 4 x 15 cells

Constraining the starting coordinates (step 0)

Constraining the coordinates at t0-dt (step 0)
RMS relative constraint deviation after constraining: 2.32e-06
Initial temperature: 179.686 K

Started mdrun on rank 0 Fri Dec 13 14:29:03 2019
           Step           Time
              0        0.00000


   Energies (kJ/mol)
        LJ (SR)   Coulomb (SR)   Coul. recip.      Potential    Kinetic En.
    3.48564e+02   -1.03240e+06   -4.41414e+05   -1.47346e+06    2.24106e+04
   Total Energy    Temperature Pressure (bar)   Constr. rmsd
   -1.45105e+06    1.79710e+02    8.19387e+01    3.72004e-06

DD  step 9 load imb.: force 154.8%


step 20 Turning on dynamic load balancing, because the performance loss due to load imbalance is 4.2 %.

Writing checkpoint, step 853280 at Fri Dec 13 14:44:03 2019


Writing checkpoint, step 1718370 at Fri Dec 13 14:59:03 2019



step 1718400 Turning off dynamic load balancing, because it is degrading performance.

Atom distribution over 64 domains: av 468 stddev 56 min 365 max 595
Writing checkpoint, step 2576110 at Fri Dec 13 15:14:03 2019


Writing checkpoint, step 3434250 at Fri Dec 13 15:29:03 2019


Writing checkpoint, step 4293020 at Fri Dec 13 15:44:03 2019


Writing checkpoint, step 5151640 at Fri Dec 13 15:59:03 2019


Writing checkpoint, step 6010560 at Fri Dec 13 16:14:03 2019


Writing checkpoint, step 6868960 at Fri Dec 13 16:29:03 2019


Writing checkpoint, step 7727570 at Fri Dec 13 16:44:03 2019


Writing checkpoint, step 8586440 at Fri Dec 13 16:59:03 2019


Writing checkpoint, step 9445600 at Fri Dec 13 17:14:03 2019


DD  step 9999999 load imb.: force 22.2%

           Step           Time
       10000000    20000.00000

   Energies (kJ/mol)
        LJ (SR)   Coulomb (SR)   Coul. recip.      Potential    Kinetic En.
    1.26143e+02   -1.02781e+06   -4.38707e+05   -1.46639e+06    2.23846e+04
   Total Energy    Temperature Pressure (bar)   Constr. rmsd
   -1.44401e+06    1.79502e+02    6.28851e+01    5.54467e-06

Writing checkpoint, step 10305110 at Fri Dec 13 17:29:03 2019


Writing checkpoint, step 11164260 at Fri Dec 13 17:44:03 2019


Writing checkpoint, step 12023240 at Fri Dec 13 17:59:03 2019


Writing checkpoint, step 12881840 at Fri Dec 13 18:14:03 2019


Writing checkpoint, step 13741060 at Fri Dec 13 18:29:03 2019


Writing checkpoint, step 14600360 at Fri Dec 13 18:44:03 2019


Writing checkpoint, step 15460300 at Fri Dec 13 18:59:03 2019


Writing checkpoint, step 16319280 at Fri Dec 13 19:14:03 2019


Writing checkpoint, step 17178790 at Fri Dec 13 19:29:03 2019


Writing checkpoint, step 18037920 at Fri Dec 13 19:44:03 2019


Writing checkpoint, step 18897120 at Fri Dec 13 19:59:03 2019


Writing checkpoint, step 19755960 at Fri Dec 13 20:14:03 2019


DD  step 19999999 load imb.: force 28.8%

           Step           Time
       20000000    40000.00000

Writing checkpoint, step 20000000 at Fri Dec 13 20:18:19 2019


   Energies (kJ/mol)
        LJ (SR)   Coulomb (SR)   Coul. recip.      Potential    Kinetic En.
    1.21298e+02   -1.02795e+06   -4.38789e+05   -1.46662e+06    2.24600e+04
   Total Energy    Temperature Pressure (bar)   Constr. rmsd
   -1.44416e+06    1.80106e+02    5.97684e+01    5.52574e-06

	<======  ###############  ==>
	<====  A V E R A G E S  ====>
	<==  ###############  ======>

	Statistics over 20000001 steps using 200001 frames

   Energies (kJ/mol)
        LJ (SR)   Coulomb (SR)   Coul. recip.      Potential    Kinetic En.
    1.09548e+02   -1.02785e+06   -4.38743e+05   -1.46649e+06    2.24218e+04
   Total Energy    Temperature Pressure (bar)   Constr. rmsd
   -1.44407e+06    1.79799e+02    5.76100e+01    0.00000e+00

   Total Virial (kJ/mol)
    3.05553e+03   -1.25001e-01   -1.71201e-01
   -1.24835e-01    3.05553e+03    1.47487e-01
   -1.71326e-01    1.47487e-01    3.05550e+03

   Pressure (bar)
    5.76150e+01    6.74839e-04    7.84552e-04
    6.72682e-04    5.76186e+01   -1.08789e-02
    7.86178e-04   -1.08789e-02    5.75964e+01


	M E G A - F L O P S   A C C O U N T I N G

 NB=Group-cutoff nonbonded kernels    NxN=N-by-N cluster Verlet kernels
 RF=Reaction-Field  VdW=Van der Waals  QSTab=quadratic-spline table
 W3=SPC/TIP3p  W4=TIP4p (single or pairs)
 V&F=Potential and force  V=Potential only  F=Force only

 Computing:                               M-Number         M-Flops  % Flops
-----------------------------------------------------------------------------
 NB VdW [V&F]                        586101.685269      586101.685     0.0
 NB VdW [F]                        49877806.966584    49877806.967     0.8
 NB Elec. [V&F]                     2419278.352232     2419278.352     0.0
 NB Elec. [F]                     161023898.038505   161023898.039     2.6
 Calc Weights                       1800000.090000    64800003.240     1.0
 Spread Q Bspline                  38400001.920000    76800003.840     1.2
 Gather F Bspline                  38400001.920000   230400011.520     3.7
 3D-FFT                           699114434.955720  5592915479.646    88.8
 Solve PME                          1474560.073728    94371844.719     1.5
 NS-Pairs                            213941.936773     4492780.672     0.1
 Reset In Box                         12000.000000       36000.000     0.0
 CG-CoM                               60000.060000      180000.180     0.0
 Virial                                6576.032880      118368.592     0.0
 Stop-CM                               6000.060000       60000.600     0.0
 Calc-Ekin                           120000.060000     3240001.620     0.1
 Lincs                               120000.018000     7200001.080     0.1
 Constraint-V                        240000.024000     1920000.192     0.0
 Constraint-Vir                        1200.006000       28800.144     0.0
 Virtual Site 2                      363600.036000     8362800.828     0.1
-----------------------------------------------------------------------------
 Total                                              6298833181.915   100.0
-----------------------------------------------------------------------------


    D O M A I N   D E C O M P O S I T I O N   S T A T I S T I C S

 av. #atoms communicated per step for force:  2 x 38410.6

 Average load imbalance: 8.1 %
 Part of the total run time spent waiting due to load imbalance: 0.3 %


     R E A L   C Y C L E   A N D   T I M E   A C C O U N T I N G

On 64 MPI ranks

 Computing:          Num   Num      Call    Wall time         Giga-Cycles
                     Ranks Threads  Count      (s)         total sum    %
-----------------------------------------------------------------------------
 Domain decomp.        64    1    2000001     330.090      54927.211   1.6
 DD comm. load         64    1     190122       0.592         98.440   0.0
 DD comm. bounds       64    1     171838       9.952       1655.961   0.0
 Vsite constr.         64    1   20000001      79.334      13201.295   0.4
 Neighbor search       64    1    2000001     277.448      46167.567   1.3
 Comm. coord.          64    1   20000001     328.540      54669.365   1.6
 Force                 64    1   20000001     780.111     129810.932   3.7
 Wait + Comm. F        64    1   20000001     331.091      55093.798   1.6
 PME mesh              64    1   20000001   18244.132    3035836.166  87.1
 Vsite spread          64    1   20200002      85.321      14197.401   0.4
 Write traj.           64    1         26       0.049          8.207   0.0
 Update                64    1   20000001     136.425      22701.218   0.7
 Constraints           64    1   20000001     149.228      24831.635   0.7
 Comm. energies        64    1    2000001      93.245      15516.096   0.4
 Rest                                         110.171      18332.506   0.5
-----------------------------------------------------------------------------
 Total                                      20955.729    3487047.800 100.0
-----------------------------------------------------------------------------
 Breakdown of PME mesh computation
-----------------------------------------------------------------------------
 PME redist. X/F       64    1   40000002    1517.056     252439.233   7.2
 PME spread/gather     64    1   40000002    2850.992     474406.958  13.6
 PME 3D-FFT            64    1   40000002    4543.295     756007.372  21.7
 PME 3D-FFT Comm.      64    1   80000004    8709.040    1449190.296  41.6
 PME solve Elec        64    1   20000001     571.520      95101.257   2.7
-----------------------------------------------------------------------------

               Core t (s)   Wall t (s)        (%)
       Time:  1341166.666    20955.729     6400.0
                         5h49:15
                 (ns/day)    (hour/ns)
Performance:      164.919        0.146
Finished mdrun on rank 0 Fri Dec 13 20:18:19 2019
