Log file opened on Fri Apr 24 18:10:55 2020
Host: r4i0n4  pid: 15136  rank ID: 0  number of ranks:  64
                        :-) GROMACS - mdrun, 2016.1 (-:

                            GROMACS is written by:
     Emile Apol      Rossen Apostolov  Herman J.C. Berendsen    Par Bjelkmar   
 Aldert van Buuren   Rudi van Drunen     Anton Feenstra    Gerrit Groenhof  
 Christoph Junghans   Anca Hamuraru    Vincent Hindriksen Dimitrios Karkoulis
    Peter Kasson        Jiri Kraus      Carsten Kutzner      Per Larsson    
  Justin A. Lemkul   Magnus Lundborg   Pieter Meulenhoff    Erik Marklund   
   Teemu Murtola       Szilard Pall       Sander Pronk      Roland Schulz   
  Alexey Shvetsov     Michael Shirts     Alfons Sijbers     Peter Tieleman  
  Teemu Virolainen  Christian Wennberg    Maarten Wolf   
                           and the project leaders:
        Mark Abraham, Berk Hess, Erik Lindahl, and David van der Spoel

Copyright (c) 1991-2000, University of Groningen, The Netherlands.
Copyright (c) 2001-2015, The GROMACS development team at
Uppsala University, Stockholm University and
the Royal Institute of Technology, Sweden.
check out http://www.gromacs.org for more information.

GROMACS is free software; you can redistribute it and/or modify it
under the terms of the GNU Lesser General Public License
as published by the Free Software Foundation; either version 2.1
of the License, or (at your option) any later version.

GROMACS:      mdrun, version 2016.1
Executable:   /sw/sdev/Modules/gromacs/gromacs-2016.1/bin/mdrun
Data prefix:  /sw/sdev/Modules/gromacs/gromacs-2016.1
Working dir:  /work/pousaneh/Field-Big/0.377/a2/V12
Command line:
  mdrun -s NVT_vis.tpr -deffnm NVT_vis -table Table_HS_modif.xvg

GROMACS version:    2016.1
Precision:          single
Memory model:       64 bit
MPI library:        MPI
OpenMP support:     enabled (GMX_OPENMP_MAX_THREADS = 32)
GPU support:        disabled
SIMD instructions:  AVX_256
FFT library:        Intel MKL
RDTSCP usage:       disabled
TNG support:        enabled
Hwloc support:      disabled
Tracing support:    disabled
Built on:           Thu Jan 12 07:55:47 CET 2017
Built by:           vegarde@service0 [CMAKE]
Build OS/arch:      Linux 3.0.101-84-default x86_64
Build CPU vendor:   Unknown
Build CPU brand:    Unknown
Build CPU family:   0   Model: 0   Stepping: 0
Build CPU features: Unknown
C compiler:         /sw/sdev/Modules/intelcomp/17.0/bin/icc Intel 17.0.0.20160721
C compiler flags:    -mavx   -mkl=sequential  -std=gnu99  -O3 -xHost -DNDEBUG -ip -funroll-all-loops -alias-const -ansi-alias  
C++ compiler:       /sw/sdev/Modules/intelcomp/17.0/bin/icpc Intel 17.0.0.20160721
C++ compiler flags:  -mavx    -std=c++0x   -O3 -xHost -DNDEBUG -ip -funroll-all-loops -alias-const -ansi-alias  


Running on 4 nodes with total 64 cores, 128 logical cores
  Cores per node:           16
  Logical cores per node:   32
Hardware detected on host r4i0n4 (the node of MPI rank 0):
  CPU info:
    Vendor: Intel
    Brand:  Intel(R) Xeon(R) CPU E5-2670 0 @ 2.60GHz
    Family: 6   Model: 45   Stepping: 6
    Features: aes apic avx clfsh cmov cx8 cx16 htt lahf mmx msr nonstop_tsc pcid pclmuldq pdcm pdpe1gb popcnt pse rdtscp sse2 sse3 sse4.1 sse4.2 ssse3 tdt x2apic
    SIMD instructions most likely to fit this hardware: AVX_256
    SIMD instructions selected at GROMACS compile time: AVX_256

  Hardware topology: Basic
    Sockets, cores, and logical processors:
      Socket  0: [   0  16] [   1  17] [   2  18] [   3  19] [   4  20] [   5  21] [   6  22] [   7  23]
      Socket  1: [   8  24] [   9  25] [  10  26] [  11  27] [  12  28] [  13  29] [  14  30] [  15  31]


The current CPU can measure timings more accurately than the code in
mdrun was configured to use. This might affect your simulation
speed as accurate timings are needed for load-balancing.
Please consider rebuilding mdrun with the GMX_USE_RDTSCP=ON CMake option.


++++ PLEASE READ AND CITE THE FOLLOWING REFERENCE ++++
M. J. Abraham, T. Murtola, R. Schulz, S. Páll, J. C. Smith, B. Hess, E.
Lindahl
GROMACS: High performance molecular simulations through multi-level
parallelism from laptops to supercomputers
SoftwareX 1 (2015) pp. 19-25
-------- -------- --- Thank You --- -------- --------


++++ PLEASE READ AND CITE THE FOLLOWING REFERENCE ++++
S. Páll, M. J. Abraham, C. Kutzner, B. Hess, E. Lindahl
Tackling Exascale Software Challenges in Molecular Dynamics Simulations with
GROMACS
In S. Markidis & E. Laure (Eds.), Solving Software Challenges for Exascale 8759 (2015) pp. 3-27
-------- -------- --- Thank You --- -------- --------


++++ PLEASE READ AND CITE THE FOLLOWING REFERENCE ++++
S. Pronk, S. Páll, R. Schulz, P. Larsson, P. Bjelkmar, R. Apostolov, M. R.
Shirts, J. C. Smith, P. M. Kasson, D. van der Spoel, B. Hess, and E. Lindahl
GROMACS 4.5: a high-throughput and highly parallel open source molecular
simulation toolkit
Bioinformatics 29 (2013) pp. 845-54
-------- -------- --- Thank You --- -------- --------


++++ PLEASE READ AND CITE THE FOLLOWING REFERENCE ++++
B. Hess and C. Kutzner and D. van der Spoel and E. Lindahl
GROMACS 4: Algorithms for highly efficient, load-balanced, and scalable
molecular simulation
J. Chem. Theory Comput. 4 (2008) pp. 435-447
-------- -------- --- Thank You --- -------- --------


++++ PLEASE READ AND CITE THE FOLLOWING REFERENCE ++++
D. van der Spoel, E. Lindahl, B. Hess, G. Groenhof, A. E. Mark and H. J. C.
Berendsen
GROMACS: Fast, Flexible and Free
J. Comp. Chem. 26 (2005) pp. 1701-1719
-------- -------- --- Thank You --- -------- --------


++++ PLEASE READ AND CITE THE FOLLOWING REFERENCE ++++
E. Lindahl and B. Hess and D. van der Spoel
GROMACS 3.0: A package for molecular simulation and trajectory analysis
J. Mol. Mod. 7 (2001) pp. 306-317
-------- -------- --- Thank You --- -------- --------


++++ PLEASE READ AND CITE THE FOLLOWING REFERENCE ++++
H. J. C. Berendsen, D. van der Spoel and R. van Drunen
GROMACS: A message-passing parallel molecular dynamics implementation
Comp. Phys. Comm. 91 (1995) pp. 43-56
-------- -------- --- Thank You --- -------- --------

Input Parameters:
   integrator                     = md
   tinit                          = 0
   dt                             = 0.002
   nsteps                         = 80000000
   init-step                      = 0
   simulation-part                = 1
   comm-mode                      = Linear
   nstcomm                        = 100
   bd-fric                        = 0
   ld-seed                        = 766840074
   emtol                          = 10
   emstep                         = 0.01
   niter                          = 20
   fcstep                         = 0
   nstcgsteep                     = 1000
   nbfgscorr                      = 10
   rtpi                           = 0.05
   nstxout                        = 500
   nstvout                        = 500
   nstfout                        = 0
   nstlog                         = 1000000
   nstcalcenergy                  = 100
   nstenergy                      = 100000
   nstxout-compressed             = 1000000
   compressed-x-precision         = 1000
   cutoff-scheme                  = Group
   nstlist                        = 5
   ns-type                        = Grid
   pbc                            = xyz
   periodic-molecules             = false
   verlet-buffer-tolerance        = 0.005
   rlist                          = 0.9
   coulombtype                    = PME
   coulomb-modifier               = None
   rcoulomb-switch                = 0
   rcoulomb                       = 0.9
   epsilon-r                      = 1
   epsilon-rf                     = inf
   vdw-type                       = User
   vdw-modifier                   = None
   rvdw-switch                    = 0
   rvdw                           = 0.3479
   DispCorr                       = No
   table-extension                = 1
   fourierspacing                 = 0.16
   fourier-nx                     = 96
   fourier-ny                     = 96
   fourier-nz                     = 96
   pme-order                      = 4
   ewald-rtol                     = 1e-05
   ewald-rtol-lj                  = 0.001
   lj-pme-comb-rule               = Geometric
   ewald-geometry                 = 0
   epsilon-surface                = 0
   implicit-solvent               = No
   gb-algorithm                   = Still
   nstgbradii                     = 1
   rgbradii                       = 1
   gb-epsilon-solvent             = 80
   gb-saltconc                    = 0
   gb-obc-alpha                   = 1
   gb-obc-beta                    = 0.8
   gb-obc-gamma                   = 4.85
   gb-dielectric-offset           = 0.009
   sa-algorithm                   = Ace-approximation
   sa-surface-tension             = 2.05016
   tcoupl                         = Berendsen
   nsttcouple                     = 5
   nh-chain-length                = 0
   print-nose-hoover-chain-variables = false
   pcoupl                         = No
   pcoupltype                     = Isotropic
   nstpcouple                     = -1
   tau-p                          = 1
   compressibility (3x3):
      compressibility[    0]={ 0.00000e+00,  0.00000e+00,  0.00000e+00}
      compressibility[    1]={ 0.00000e+00,  0.00000e+00,  0.00000e+00}
      compressibility[    2]={ 0.00000e+00,  0.00000e+00,  0.00000e+00}
   ref-p (3x3):
      ref-p[    0]={ 0.00000e+00,  0.00000e+00,  0.00000e+00}
      ref-p[    1]={ 0.00000e+00,  0.00000e+00,  0.00000e+00}
      ref-p[    2]={ 0.00000e+00,  0.00000e+00,  0.00000e+00}
   refcoord-scaling               = No
   posres-com (3):
      posres-com[0]= 0.00000e+00
      posres-com[1]= 0.00000e+00
      posres-com[2]= 0.00000e+00
   posres-comB (3):
      posres-comB[0]= 0.00000e+00
      posres-comB[1]= 0.00000e+00
      posres-comB[2]= 0.00000e+00
   QMMM                           = false
   QMconstraints                  = 0
   QMMMscheme                     = 0
   MMChargeScaleFactor            = 1
qm-opts:
   ngQM                           = 0
   constraint-algorithm           = Lincs
   continuation                   = true
   Shake-SOR                      = false
   shake-tol                      = 0.0001
   lincs-order                    = 4
   lincs-iter                     = 1
   lincs-warnangle                = 30
   nwall                          = 0
   wall-type                      = 9-3
   wall-r-linpot                  = -1
   wall-atomtype[0]               = -1
   wall-atomtype[1]               = -1
   wall-density[0]                = 0
   wall-density[1]                = 0
   wall-ewald-zfac                = 3
   pull                           = false
   rotation                       = false
   interactiveMD                  = false
   disre                          = No
   disre-weighting                = Conservative
   disre-mixed                    = false
   dr-fc                          = 1000
   dr-tau                         = 0
   nstdisreout                    = 100
   orire-fc                       = 0
   orire-tau                      = 0
   nstorireout                    = 100
   free-energy                    = no
   cos-acceleration               = 0
   deform (3x3):
      deform[    0]={ 0.00000e+00,  0.00000e+00,  0.00000e+00}
      deform[    1]={ 0.00000e+00,  0.00000e+00,  0.00000e+00}
      deform[    2]={ 0.00000e+00,  0.00000e+00,  0.00000e+00}
   simulated-tempering            = false
   E-x:
      n = 1
        a = 1.055000e+00
        phi = 0.000000e+00
   E-xt:
      n = 0
   E-y:
      n = 0
   E-yt:
      n = 0
   E-z:
      n = 0
   E-zt:
      n = 0
   swapcoords                     = no
   userint1                       = 0
   userint2                       = 0
   userint3                       = 0
   userint4                       = 0
   userreal1                      = 0
   userreal2                      = 0
   userreal3                      = 0
   userreal4                      = 0
grpopts:
   nrdf:       29997
   ref-t:       179.8
   tau-t:          20
annealing:          No
annealing-npoints:           0
   acc:	           0           0           0
   nfreeze:           N           N           N
   energygrp-flags[  0]: 0


Initializing Domain Decomposition on 64 ranks
Dynamic load balancing: auto
Guess for relative PME load: 0.93
Using 0 separate PME ranks, as guessed by mdrun
Scaling the initial minimum size with 1/0.8 (option -dds) = 1.25
Optimizing the DD grid for 64 cells with a minimum initial size of 0.000 nm
Domain decomposition grid 8 x 8 x 1, separate PME ranks 0
PME domain decomposition: 8 x 8 x 1
Domain decomposition rank 0, coordinates 0 0 0

The initial number of communication pulses is: X 1 Y 1
The initial domain decomposition cell size is: X 1.71 nm Y 1.71 nm

When dynamic load balancing gets turned on, these settings will change to:
The maximum number of communication pulses is: X 1 Y 1
The minimum size for domain decomposition cells is 0.900 nm
The requested allowed shrink of DD cells (option -dds) is: 0.80
The allowed shrink of domain decomposition cells is: X 0.53 Y 0.53
Using two step summing over 4 groups of on average 16.0 ranks

Using 64 MPI processes


NOTE: This file uses the deprecated 'group' cutoff_scheme. This will be
removed in a future release when 'verlet' supports all interaction forms.

Table routines are used for coulomb: false
Table routines are used for vdw:     true
Will do PME sum in reciprocal space for electrostatic interactions.

++++ PLEASE READ AND CITE THE FOLLOWING REFERENCE ++++
U. Essmann, L. Perera, M. L. Berkowitz, T. Darden, H. Lee and L. G. Pedersen 
A smooth particle mesh Ewald method
J. Chem. Phys. 103 (1995) pp. 8577-8592
-------- -------- --- Thank You --- -------- --------

Will do ordinary reciprocal space Ewald sum.
Using a Gaussian width (1/beta) of 0.288146 nm for Ewald
Cut-off's:   NS: 0.9   Coulomb: 0.9   LJ: 0.3479
System total charge: 0.000
Read user tables from Table_HS_modif.xvg with 1501 data points.
Tabscale = 500 points/nm
Generated table with 950 data points for Ewald.
Tabscale = 500 points/nm
Potential shift: LJ r^-12: 0.000e+00 r^-6: 0.000e+00, Ewald -0.000e+00
Initialized non-bonded Ewald correction tables, spacing: 8.85e-04 size: 2148


Non-default thread affinity set probably by the OpenMP library,
disabling internal thread affinity

Initializing LINear Constraint Solver

++++ PLEASE READ AND CITE THE FOLLOWING REFERENCE ++++
B. Hess and H. Bekker and H. J. C. Berendsen and J. G. E. M. Fraaije
LINCS: A Linear Constraint Solver for molecular simulations
J. Comp. Chem. 18 (1997) pp. 1463-1472
-------- -------- --- Thank You --- -------- --------

The number of constraints is 6000

Linking all bonded interactions to atoms

Intra-simulation communication will occur every 5 steps.
Center of mass motion removal mode is Linear
We have the following groups for center of mass motion removal:
  0:  rest

++++ PLEASE READ AND CITE THE FOLLOWING REFERENCE ++++
H. J. C. Berendsen, J. P. M. Postma, A. DiNola and J. R. Haak
Molecular dynamics with coupling to an external bath
J. Chem. Phys. 81 (1984) pp. 3684-3690
-------- -------- --- Thank You --- -------- --------

There are: 12000 Atoms
There are: 18000 VSites
Atom distribution over 64 domains: av 468 stddev 54 min 350 max 605
Grid: 4 x 4 x 15 cells
Initial temperature: 177.729 K

Started mdrun on rank 0 Fri Apr 24 18:10:55 2020
           Step           Time
              0        0.00000


   Energies (kJ/mol)
        LJ (SR)   Coulomb (SR)   Coul. recip.      Potential    Kinetic En.
    1.09392e+02   -1.02891e+06   -4.39197e+05   -1.46800e+06    2.21649e+04
   Total Energy    Temperature Pressure (bar)   Constr. rmsd
   -1.44583e+06    1.77739e+02    2.50369e+01    5.49592e-06

DD  step 4 load imb.: force 30.6%

Writing checkpoint, step 838260 at Fri Apr 24 18:25:55 2020


DD  step 999999 load imb.: force 22.5%

           Step           Time
        1000000     2000.00000

   Energies (kJ/mol)
        LJ (SR)   Coulomb (SR)   Coul. recip.      Potential    Kinetic En.
    1.23007e+02   -1.02891e+06   -4.39288e+05   -1.46808e+06    2.27214e+04
   Total Energy    Temperature Pressure (bar)   Constr. rmsd
   -1.44536e+06    1.82202e+02    2.93828e+01    5.45675e-06

Writing checkpoint, step 1677640 at Fri Apr 24 18:40:55 2020


DD  step 1999999 load imb.: force 24.8%

           Step           Time
        2000000     4000.00000

   Energies (kJ/mol)
        LJ (SR)   Coulomb (SR)   Coul. recip.      Potential    Kinetic En.
    1.20315e+02   -1.02872e+06   -4.39218e+05   -1.46782e+06    2.22614e+04
   Total Energy    Temperature Pressure (bar)   Constr. rmsd
   -1.44555e+06    1.78513e+02    2.93690e+01    5.52787e-06

Writing checkpoint, step 2516800 at Fri Apr 24 18:55:55 2020


DD  step 2999999 load imb.: force 23.5%

           Step           Time
        3000000     6000.00000

   Energies (kJ/mol)
        LJ (SR)   Coulomb (SR)   Coul. recip.      Potential    Kinetic En.
    1.39244e+02   -1.02875e+06   -4.39229e+05   -1.46784e+06    2.25252e+04
   Total Energy    Temperature Pressure (bar)   Constr. rmsd
   -1.44531e+06    1.80629e+02    3.28790e+01    5.45875e-06

Writing checkpoint, step 3356515 at Fri Apr 24 19:10:55 2020


DD  step 3999999 load imb.: force 31.1%

           Step           Time
        4000000     8000.00000

   Energies (kJ/mol)
        LJ (SR)   Coulomb (SR)   Coul. recip.      Potential    Kinetic En.
    1.07369e+02   -1.02881e+06   -4.39173e+05   -1.46787e+06    2.24152e+04
   Total Energy    Temperature Pressure (bar)   Constr. rmsd
   -1.44546e+06    1.79747e+02    2.56084e+01    5.57020e-06

Writing checkpoint, step 4196310 at Fri Apr 24 19:25:55 2020


DD  step 4999999 load imb.: force 28.3%

           Step           Time
        5000000    10000.00000

   Energies (kJ/mol)
        LJ (SR)   Coulomb (SR)   Coul. recip.      Potential    Kinetic En.
    1.13399e+02   -1.02877e+06   -4.39200e+05   -1.46786e+06    2.25718e+04
   Total Energy    Temperature Pressure (bar)   Constr. rmsd
   -1.44528e+06    1.81002e+02    2.73160e+01    5.46883e-06

Writing checkpoint, step 5036135 at Fri Apr 24 19:40:55 2020


Writing checkpoint, step 5876085 at Fri Apr 24 19:55:55 2020


DD  step 5999999 load imb.: force 22.6%

           Step           Time
        6000000    12000.00000

   Energies (kJ/mol)
        LJ (SR)   Coulomb (SR)   Coul. recip.      Potential    Kinetic En.
    1.23040e+02   -1.02870e+06   -4.39165e+05   -1.46775e+06    2.22483e+04
   Total Energy    Temperature Pressure (bar)   Constr. rmsd
   -1.44550e+06    1.78408e+02    3.19077e+01    5.52613e-06

Writing checkpoint, step 6715730 at Fri Apr 24 20:10:55 2020


DD  step 6999999 load imb.: force 22.2%

           Step           Time
        7000000    14000.00000

   Energies (kJ/mol)
        LJ (SR)   Coulomb (SR)   Coul. recip.      Potential    Kinetic En.
    1.09537e+02   -1.02868e+06   -4.39231e+05   -1.46781e+06    2.24849e+04
   Total Energy    Temperature Pressure (bar)   Constr. rmsd
   -1.44532e+06    1.80305e+02    2.65980e+01    5.55002e-06

Writing checkpoint, step 7555715 at Fri Apr 24 20:25:55 2020


DD  step 7999999 load imb.: force 20.8%

           Step           Time
        8000000    16000.00000

   Energies (kJ/mol)
        LJ (SR)   Coulomb (SR)   Coul. recip.      Potential    Kinetic En.
    1.48198e+02   -1.02893e+06   -4.39264e+05   -1.46804e+06    2.26534e+04
   Total Energy    Temperature Pressure (bar)   Constr. rmsd
   -1.44539e+06    1.81657e+02    3.46309e+01    5.52261e-06

Writing checkpoint, step 8395705 at Fri Apr 24 20:40:55 2020


DD  step 8999999 load imb.: force 25.2%

           Step           Time
        9000000    18000.00000

   Energies (kJ/mol)
        LJ (SR)   Coulomb (SR)   Coul. recip.      Potential    Kinetic En.
    1.01037e+02   -1.02870e+06   -4.39193e+05   -1.46779e+06    2.24999e+04
   Total Energy    Temperature Pressure (bar)   Constr. rmsd
   -1.44529e+06    1.80425e+02    2.39177e+01    5.53644e-06

Writing checkpoint, step 9236130 at Fri Apr 24 20:55:55 2020


DD  step 9999999 load imb.: force 32.2%

           Step           Time
       10000000    20000.00000

   Energies (kJ/mol)
        LJ (SR)   Coulomb (SR)   Coul. recip.      Potential    Kinetic En.
    1.19368e+02   -1.02882e+06   -4.39235e+05   -1.46794e+06    2.24427e+04
   Total Energy    Temperature Pressure (bar)   Constr. rmsd
   -1.44549e+06    1.79967e+02    2.66322e+01    5.51121e-06

Writing checkpoint, step 10076520 at Fri Apr 24 21:10:55 2020


Writing checkpoint, step 10916815 at Fri Apr 24 21:25:55 2020


DD  step 10999999 load imb.: force 23.8%

           Step           Time
       11000000    22000.00000

   Energies (kJ/mol)
        LJ (SR)   Coulomb (SR)   Coul. recip.      Potential    Kinetic En.
    1.17547e+02   -1.02868e+06   -4.39185e+05   -1.46775e+06    2.24020e+04
   Total Energy    Temperature Pressure (bar)   Constr. rmsd
   -1.44535e+06    1.79641e+02    2.86553e+01    5.51371e-06

Writing checkpoint, step 11757160 at Fri Apr 24 21:40:55 2020


DD  step 11999999 load imb.: force 25.6%

           Step           Time
       12000000    24000.00000

   Energies (kJ/mol)
        LJ (SR)   Coulomb (SR)   Coul. recip.      Potential    Kinetic En.
    1.14913e+02   -1.02866e+06   -4.39160e+05   -1.46770e+06    2.21218e+04
   Total Energy    Temperature Pressure (bar)   Constr. rmsd
   -1.44558e+06    1.77394e+02    2.77167e+01    5.61669e-06

Writing checkpoint, step 12597190 at Fri Apr 24 21:55:55 2020


DD  step 12999999 load imb.: force 23.6%

           Step           Time
       13000000    26000.00000

   Energies (kJ/mol)
        LJ (SR)   Coulomb (SR)   Coul. recip.      Potential    Kinetic En.
    1.11792e+02   -1.02864e+06   -4.39182e+05   -1.46771e+06    2.23061e+04
   Total Energy    Temperature Pressure (bar)   Constr. rmsd
   -1.44540e+06    1.78872e+02    2.72138e+01    5.43536e-06

Writing checkpoint, step 13437525 at Fri Apr 24 22:10:55 2020


DD  step 13999999 load imb.: force 28.8%

           Step           Time
       14000000    28000.00000

   Energies (kJ/mol)
        LJ (SR)   Coulomb (SR)   Coul. recip.      Potential    Kinetic En.
    1.35531e+02   -1.02871e+06   -4.39190e+05   -1.46777e+06    2.24016e+04
   Total Energy    Temperature Pressure (bar)   Constr. rmsd
   -1.44537e+06    1.79638e+02    3.20693e+01    5.59653e-06

Writing checkpoint, step 14277930 at Fri Apr 24 22:25:55 2020


DD  step 14999999 load imb.: force 28.6%

           Step           Time
       15000000    30000.00000

   Energies (kJ/mol)
        LJ (SR)   Coulomb (SR)   Coul. recip.      Potential    Kinetic En.
    1.51627e+02   -1.02881e+06   -4.39174e+05   -1.46783e+06    2.23811e+04
   Total Energy    Temperature Pressure (bar)   Constr. rmsd
   -1.44545e+06    1.79473e+02    3.59893e+01    5.59099e-06

Writing checkpoint, step 15118605 at Fri Apr 24 22:40:55 2020


Writing checkpoint, step 15959380 at Fri Apr 24 22:55:55 2020


DD  step 15999999 load imb.: force 21.7%

           Step           Time
       16000000    32000.00000

   Energies (kJ/mol)
        LJ (SR)   Coulomb (SR)   Coul. recip.      Potential    Kinetic En.
    1.18839e+02   -1.02878e+06   -4.39206e+05   -1.46787e+06    2.24874e+04
   Total Energy    Temperature Pressure (bar)   Constr. rmsd
   -1.44538e+06    1.80326e+02    2.82615e+01    5.62917e-06

Writing checkpoint, step 16800295 at Fri Apr 24 23:10:55 2020


DD  step 16999999 load imb.: force 20.4%

           Step           Time
       17000000    34000.00000

   Energies (kJ/mol)
        LJ (SR)   Coulomb (SR)   Coul. recip.      Potential    Kinetic En.
    1.50241e+02   -1.02886e+06   -4.39198e+05   -1.46791e+06    2.24957e+04
   Total Energy    Temperature Pressure (bar)   Constr. rmsd
   -1.44542e+06    1.80392e+02    3.40269e+01    5.49437e-06

Writing checkpoint, step 17640580 at Fri Apr 24 23:25:55 2020


DD  step 17999999 load imb.: force 33.9%

           Step           Time
       18000000    36000.00000

   Energies (kJ/mol)
        LJ (SR)   Coulomb (SR)   Coul. recip.      Potential    Kinetic En.
    1.05937e+02   -1.02873e+06   -4.39203e+05   -1.46783e+06    2.24141e+04
   Total Energy    Temperature Pressure (bar)   Constr. rmsd
   -1.44541e+06    1.79738e+02    2.56789e+01    5.61839e-06

Writing checkpoint, step 18480995 at Fri Apr 24 23:40:55 2020


DD  step 18999999 load imb.: force 19.4%

           Step           Time
       19000000    38000.00000

   Energies (kJ/mol)
        LJ (SR)   Coulomb (SR)   Coul. recip.      Potential    Kinetic En.
    1.30675e+02   -1.02886e+06   -4.39223e+05   -1.46795e+06    2.25281e+04
   Total Energy    Temperature Pressure (bar)   Constr. rmsd
   -1.44542e+06    1.80652e+02    3.06482e+01    5.54635e-06

Writing checkpoint, step 19321175 at Fri Apr 24 23:55:55 2020


DD  step 19999999 load imb.: force 24.9%

           Step           Time
       20000000    40000.00000

   Energies (kJ/mol)
        LJ (SR)   Coulomb (SR)   Coul. recip.      Potential    Kinetic En.
    1.07758e+02   -1.02870e+06   -4.39176e+05   -1.46777e+06    2.24796e+04
   Total Energy    Temperature Pressure (bar)   Constr. rmsd
   -1.44529e+06    1.80263e+02    2.57114e+01    5.54917e-06

Writing checkpoint, step 20161350 at Sat Apr 25 00:10:55 2020


DD  step 20999999 load imb.: force 20.2%

           Step           Time
       21000000    42000.00000

   Energies (kJ/mol)
        LJ (SR)   Coulomb (SR)   Coul. recip.      Potential    Kinetic En.
    1.19613e+02   -1.02875e+06   -4.39238e+05   -1.46787e+06    2.24699e+04
   Total Energy    Temperature Pressure (bar)   Constr. rmsd
   -1.44540e+06    1.80185e+02    2.92985e+01    5.57314e-06

Writing checkpoint, step 21001895 at Sat Apr 25 00:25:55 2020


Writing checkpoint, step 21842525 at Sat Apr 25 00:40:55 2020


DD  step 21999999 load imb.: force 27.5%

           Step           Time
       22000000    44000.00000

   Energies (kJ/mol)
        LJ (SR)   Coulomb (SR)   Coul. recip.      Potential    Kinetic En.
    1.52167e+02   -1.02871e+06   -4.39147e+05   -1.46771e+06    2.24762e+04
   Total Energy    Temperature Pressure (bar)   Constr. rmsd
   -1.44523e+06    1.80236e+02    3.70125e+01    5.54291e-06

Writing checkpoint, step 22683390 at Sat Apr 25 00:55:55 2020


DD  step 22999999 load imb.: force 23.8%

           Step           Time
       23000000    46000.00000

   Energies (kJ/mol)
        LJ (SR)   Coulomb (SR)   Coul. recip.      Potential    Kinetic En.
    1.27314e+02   -1.02867e+06   -4.39229e+05   -1.46777e+06    2.23354e+04
   Total Energy    Temperature Pressure (bar)   Constr. rmsd
   -1.44544e+06    1.79107e+02    2.94624e+01    5.49275e-06

Writing checkpoint, step 23523990 at Sat Apr 25 01:10:55 2020


DD  step 23999999 load imb.: force 25.5%

           Step           Time
       24000000    48000.00000

   Energies (kJ/mol)
        LJ (SR)   Coulomb (SR)   Coul. recip.      Potential    Kinetic En.
    1.29489e+02   -1.02875e+06   -4.39155e+05   -1.46777e+06    2.24867e+04
   Total Energy    Temperature Pressure (bar)   Constr. rmsd
   -1.44528e+06    1.80320e+02    3.13612e+01    5.53367e-06

Writing checkpoint, step 24364950 at Sat Apr 25 01:25:55 2020


DD  step 24999999 load imb.: force 32.4%

           Step           Time
       25000000    50000.00000

   Energies (kJ/mol)
        LJ (SR)   Coulomb (SR)   Coul. recip.      Potential    Kinetic En.
    1.40882e+02   -1.02883e+06   -4.39255e+05   -1.46794e+06    2.24318e+04
   Total Energy    Temperature Pressure (bar)   Constr. rmsd
   -1.44551e+06    1.79880e+02    3.34629e+01    5.53133e-06

Writing checkpoint, step 25205340 at Sat Apr 25 01:40:55 2020


DD  step 25999999 load imb.: force 20.9%

           Step           Time
       26000000    52000.00000

   Energies (kJ/mol)
        LJ (SR)   Coulomb (SR)   Coul. recip.      Potential    Kinetic En.
    1.31920e+02   -1.02887e+06   -4.39206e+05   -1.46794e+06    2.25919e+04
   Total Energy    Temperature Pressure (bar)   Constr. rmsd
   -1.44535e+06    1.81163e+02    3.12464e+01    5.55215e-06

Writing checkpoint, step 26046225 at Sat Apr 25 01:55:55 2020


Writing checkpoint, step 26886590 at Sat Apr 25 02:10:55 2020


DD  step 26999999 load imb.: force 14.9%

           Step           Time
       27000000    54000.00000

   Energies (kJ/mol)
        LJ (SR)   Coulomb (SR)   Coul. recip.      Potential    Kinetic En.
    1.06599e+02   -1.02874e+06   -4.39202e+05   -1.46784e+06    2.24079e+04
   Total Energy    Temperature Pressure (bar)   Constr. rmsd
   -1.44543e+06    1.79688e+02    2.57522e+01    5.55785e-06

Writing checkpoint, step 27727335 at Sat Apr 25 02:25:55 2020


DD  step 27999999 load imb.: force 20.0%

           Step           Time
       28000000    56000.00000

   Energies (kJ/mol)
        LJ (SR)   Coulomb (SR)   Coul. recip.      Potential    Kinetic En.
    1.40100e+02   -1.02879e+06   -4.39182e+05   -1.46783e+06    2.23946e+04
   Total Energy    Temperature Pressure (bar)   Constr. rmsd
   -1.44543e+06    1.79582e+02    3.41942e+01    5.64955e-06

Writing checkpoint, step 28568180 at Sat Apr 25 02:40:55 2020


DD  step 28999999 load imb.: force 29.4%

           Step           Time
       29000000    58000.00000

   Energies (kJ/mol)
        LJ (SR)   Coulomb (SR)   Coul. recip.      Potential    Kinetic En.
    1.31555e+02   -1.02864e+06   -4.39138e+05   -1.46765e+06    2.23468e+04
   Total Energy    Temperature Pressure (bar)   Constr. rmsd
   -1.44530e+06    1.79198e+02    3.23703e+01    5.46276e-06

Writing checkpoint, step 29409470 at Sat Apr 25 02:55:55 2020


DD  step 29999999 load imb.: force 29.5%

           Step           Time
       30000000    60000.00000

   Energies (kJ/mol)
        LJ (SR)   Coulomb (SR)   Coul. recip.      Potential    Kinetic En.
    1.28473e+02   -1.02875e+06   -4.39180e+05   -1.46780e+06    2.23471e+04
   Total Energy    Temperature Pressure (bar)   Constr. rmsd
   -1.44546e+06    1.79200e+02    3.07412e+01    5.61676e-06

Writing checkpoint, step 30249765 at Sat Apr 25 03:10:55 2020


DD  step 30999999 load imb.: force 20.9%

           Step           Time
       31000000    62000.00000

   Energies (kJ/mol)
        LJ (SR)   Coulomb (SR)   Coul. recip.      Potential    Kinetic En.
    1.15732e+02   -1.02864e+06   -4.39190e+05   -1.46772e+06    2.23654e+04
   Total Energy    Temperature Pressure (bar)   Constr. rmsd
   -1.44535e+06    1.79347e+02    2.77891e+01    5.50329e-06

Writing checkpoint, step 31090430 at Sat Apr 25 03:25:55 2020


Writing checkpoint, step 31931345 at Sat Apr 25 03:40:55 2020


DD  step 31999999 load imb.: force 26.4%

           Step           Time
       32000000    64000.00000

   Energies (kJ/mol)
        LJ (SR)   Coulomb (SR)   Coul. recip.      Potential    Kinetic En.
    1.20679e+02   -1.02876e+06   -4.39193e+05   -1.46783e+06    2.23034e+04
   Total Energy    Temperature Pressure (bar)   Constr. rmsd
   -1.44553e+06    1.78850e+02    2.82512e+01    5.54132e-06

Writing checkpoint, step 32769210 at Sat Apr 25 03:55:55 2020


DD  step 32999999 load imb.: force 19.8%

           Step           Time
       33000000    66000.00000

   Energies (kJ/mol)
        LJ (SR)   Coulomb (SR)   Coul. recip.      Potential    Kinetic En.
    1.29408e+02   -1.02874e+06   -4.39202e+05   -1.46781e+06    2.24422e+04
   Total Energy    Temperature Pressure (bar)   Constr. rmsd
   -1.44537e+06    1.79963e+02    3.23310e+01    5.50971e-06

Writing checkpoint, step 33609790 at Sat Apr 25 04:10:55 2020


DD  step 33999999 load imb.: force 23.0%

           Step           Time
       34000000    68000.00000

   Energies (kJ/mol)
        LJ (SR)   Coulomb (SR)   Coul. recip.      Potential    Kinetic En.
    1.42933e+02   -1.02878e+06   -4.39221e+05   -1.46786e+06    2.24450e+04
   Total Energy    Temperature Pressure (bar)   Constr. rmsd
   -1.44541e+06    1.79985e+02    3.50379e+01    5.32323e-06

Writing checkpoint, step 34450890 at Sat Apr 25 04:25:55 2020


DD  step 34999999 load imb.: force 18.7%

           Step           Time
       35000000    70000.00000

   Energies (kJ/mol)
        LJ (SR)   Coulomb (SR)   Coul. recip.      Potential    Kinetic En.
    1.01495e+02   -1.02875e+06   -4.39120e+05   -1.46777e+06    2.23759e+04
   Total Energy    Temperature Pressure (bar)   Constr. rmsd
   -1.44539e+06    1.79432e+02    2.57285e+01    5.57107e-06

Writing checkpoint, step 35291560 at Sat Apr 25 04:40:55 2020


DD  step 35999999 load imb.: force 20.8%

           Step           Time
       36000000    72000.00000

   Energies (kJ/mol)
        LJ (SR)   Coulomb (SR)   Coul. recip.      Potential    Kinetic En.
    1.20025e+02   -1.02887e+06   -4.39215e+05   -1.46797e+06    2.26255e+04
   Total Energy    Temperature Pressure (bar)   Constr. rmsd
   -1.44534e+06    1.81433e+02    2.79231e+01    5.50255e-06

Writing checkpoint, step 36132365 at Sat Apr 25 04:55:55 2020


Writing checkpoint, step 36973110 at Sat Apr 25 05:10:55 2020


DD  step 36999999 load imb.: force 24.3%

           Step           Time
       37000000    74000.00000

   Energies (kJ/mol)
        LJ (SR)   Coulomb (SR)   Coul. recip.      Potential    Kinetic En.
    1.28321e+02   -1.02872e+06   -4.39152e+05   -1.46774e+06    2.25350e+04
   Total Energy    Temperature Pressure (bar)   Constr. rmsd
   -1.44521e+06    1.80707e+02    3.12349e+01    5.53800e-06

Writing checkpoint, step 37813880 at Sat Apr 25 05:25:55 2020


DD  step 37999999 load imb.: force 34.4%

           Step           Time
       38000000    76000.00000

   Energies (kJ/mol)
        LJ (SR)   Coulomb (SR)   Coul. recip.      Potential    Kinetic En.
    1.33976e+02   -1.02876e+06   -4.39162e+05   -1.46779e+06    2.24326e+04
   Total Energy    Temperature Pressure (bar)   Constr. rmsd
   -1.44536e+06    1.79886e+02    3.15778e+01    5.53667e-06

Writing checkpoint, step 38654930 at Sat Apr 25 05:40:55 2020


DD  step 38999999 load imb.: force 31.9%

           Step           Time
       39000000    78000.00000

   Energies (kJ/mol)
        LJ (SR)   Coulomb (SR)   Coul. recip.      Potential    Kinetic En.
    1.05194e+02   -1.02877e+06   -4.39224e+05   -1.46789e+06    2.24150e+04
   Total Energy    Temperature Pressure (bar)   Constr. rmsd
   -1.44548e+06    1.79745e+02    2.35966e+01    5.54142e-06

Writing checkpoint, step 39495740 at Sat Apr 25 05:55:55 2020


DD  step 39999999 load imb.: force 26.4%

           Step           Time
       40000000    80000.00000

   Energies (kJ/mol)
        LJ (SR)   Coulomb (SR)   Coul. recip.      Potential    Kinetic En.
    1.26717e+02   -1.02867e+06   -4.39153e+05   -1.46770e+06    2.24383e+04
   Total Energy    Temperature Pressure (bar)   Constr. rmsd
   -1.44526e+06    1.79931e+02    3.19924e+01    5.47048e-06

Writing checkpoint, step 40336145 at Sat Apr 25 06:10:55 2020


DD  step 40999999 load imb.: force 27.2%

           Step           Time
       41000000    82000.00000

   Energies (kJ/mol)
        LJ (SR)   Coulomb (SR)   Coul. recip.      Potential    Kinetic En.
    1.37177e+02   -1.02867e+06   -4.39170e+05   -1.46771e+06    2.22965e+04
   Total Energy    Temperature Pressure (bar)   Constr. rmsd
   -1.44541e+06    1.78795e+02    3.31401e+01    5.54977e-06

Writing checkpoint, step 41176660 at Sat Apr 25 06:25:55 2020


DD  step 41999999 load imb.: force 30.6%

           Step           Time
       42000000    84000.00000

   Energies (kJ/mol)
        LJ (SR)   Coulomb (SR)   Coul. recip.      Potential    Kinetic En.
    1.18638e+02   -1.02879e+06   -4.39216e+05   -1.46788e+06    2.22993e+04
   Total Energy    Temperature Pressure (bar)   Constr. rmsd
   -1.44559e+06    1.78817e+02    2.82549e+01    5.48662e-06

Writing checkpoint, step 42017060 at Sat Apr 25 06:40:55 2020


Writing checkpoint, step 42858005 at Sat Apr 25 06:55:55 2020


DD  step 42999999 load imb.: force 31.8%

           Step           Time
       43000000    86000.00000

   Energies (kJ/mol)
        LJ (SR)   Coulomb (SR)   Coul. recip.      Potential    Kinetic En.
    1.22137e+02   -1.02868e+06   -4.39129e+05   -1.46769e+06    2.22563e+04
   Total Energy    Temperature Pressure (bar)   Constr. rmsd
   -1.44543e+06    1.78473e+02    3.05237e+01    5.40450e-06

Writing checkpoint, step 43698680 at Sat Apr 25 07:10:55 2020


DD  step 43999999 load imb.: force 37.1%

           Step           Time
       44000000    88000.00000

   Energies (kJ/mol)
        LJ (SR)   Coulomb (SR)   Coul. recip.      Potential    Kinetic En.
    1.04607e+02   -1.02885e+06   -4.39254e+05   -1.46800e+06    2.27078e+04
   Total Energy    Temperature Pressure (bar)   Constr. rmsd
   -1.44529e+06    1.82093e+02    2.51574e+01    5.53954e-06

Writing checkpoint, step 44539540 at Sat Apr 25 07:25:55 2020


DD  step 44999999 load imb.: force 21.6%

           Step           Time
       45000000    90000.00000

   Energies (kJ/mol)
        LJ (SR)   Coulomb (SR)   Coul. recip.      Potential    Kinetic En.
    1.18135e+02   -1.02890e+06   -4.39208e+05   -1.46799e+06    2.24312e+04
   Total Energy    Temperature Pressure (bar)   Constr. rmsd
   -1.44556e+06    1.79875e+02    2.87275e+01    5.51576e-06

Writing checkpoint, step 45380760 at Sat Apr 25 07:40:55 2020


DD  step 45999999 load imb.: force 26.5%

           Step           Time
       46000000    92000.00000

   Energies (kJ/mol)
        LJ (SR)   Coulomb (SR)   Coul. recip.      Potential    Kinetic En.
    1.13070e+02   -1.02875e+06   -4.39120e+05   -1.46775e+06    2.23900e+04
   Total Energy    Temperature Pressure (bar)   Constr. rmsd
   -1.44536e+06    1.79544e+02    2.62795e+01    5.51468e-06

Writing checkpoint, step 46222150 at Sat Apr 25 07:55:55 2020


DD  step 46999999 load imb.: force 24.9%

           Step           Time
       47000000    94000.00000

   Energies (kJ/mol)
        LJ (SR)   Coulomb (SR)   Coul. recip.      Potential    Kinetic En.
    1.00844e+02   -1.02867e+06   -4.39212e+05   -1.46778e+06    2.24513e+04
   Total Energy    Temperature Pressure (bar)   Constr. rmsd
   -1.44533e+06    1.80036e+02    2.39206e+01    5.52744e-06

Writing checkpoint, step 47062515 at Sat Apr 25 08:10:55 2020


Writing checkpoint, step 47903340 at Sat Apr 25 08:25:55 2020


DD  step 47999999 load imb.: force 23.4%

           Step           Time
       48000000    96000.00000

   Energies (kJ/mol)
        LJ (SR)   Coulomb (SR)   Coul. recip.      Potential    Kinetic En.
    1.17217e+02   -1.02882e+06   -4.39189e+05   -1.46789e+06    2.25205e+04
   Total Energy    Temperature Pressure (bar)   Constr. rmsd
   -1.44537e+06    1.80591e+02    2.89531e+01    5.51488e-06

Writing checkpoint, step 48744385 at Sat Apr 25 08:40:55 2020


DD  step 48999999 load imb.: force 19.1%

           Step           Time
       49000000    98000.00000

   Energies (kJ/mol)
        LJ (SR)   Coulomb (SR)   Coul. recip.      Potential    Kinetic En.
    1.30607e+02   -1.02877e+06   -4.39123e+05   -1.46777e+06    2.23749e+04
   Total Energy    Temperature Pressure (bar)   Constr. rmsd
   -1.44539e+06    1.79424e+02    3.14146e+01    5.52842e-06

Writing checkpoint, step 49584930 at Sat Apr 25 08:55:55 2020


DD  step 49999999 load imb.: force 26.5%

           Step           Time
       50000000   100000.00000

   Energies (kJ/mol)
        LJ (SR)   Coulomb (SR)   Coul. recip.      Potential    Kinetic En.
    1.24334e+02   -1.02865e+06   -4.39124e+05   -1.46765e+06    2.24268e+04
   Total Energy    Temperature Pressure (bar)   Constr. rmsd
   -1.44523e+06    1.79839e+02    3.12702e+01    5.44840e-06

Writing checkpoint, step 50425905 at Sat Apr 25 09:10:55 2020


DD  step 50999999 load imb.: force 17.9%

           Step           Time
       51000000   102000.00000

   Energies (kJ/mol)
        LJ (SR)   Coulomb (SR)   Coul. recip.      Potential    Kinetic En.
    1.18203e+02   -1.02886e+06   -4.39214e+05   -1.46796e+06    2.24264e+04
   Total Energy    Temperature Pressure (bar)   Constr. rmsd
   -1.44553e+06    1.79837e+02    2.79570e+01    5.46318e-06

Writing checkpoint, step 51267005 at Sat Apr 25 09:25:55 2020


DD  step 51999999 load imb.: force 18.3%

           Step           Time
       52000000   104000.00000

   Energies (kJ/mol)
        LJ (SR)   Coulomb (SR)   Coul. recip.      Potential    Kinetic En.
    1.45016e+02   -1.02882e+06   -4.39193e+05   -1.46787e+06    2.24398e+04
   Total Energy    Temperature Pressure (bar)   Constr. rmsd
   -1.44543e+06    1.79943e+02    3.45468e+01    5.51182e-06

Writing checkpoint, step 52107685 at Sat Apr 25 09:40:55 2020


Writing checkpoint, step 52948425 at Sat Apr 25 09:55:55 2020


DD  step 52999999 load imb.: force 17.5%

           Step           Time
       53000000   106000.00000

   Energies (kJ/mol)
        LJ (SR)   Coulomb (SR)   Coul. recip.      Potential    Kinetic En.
    1.22099e+02   -1.02878e+06   -4.39161e+05   -1.46782e+06    2.25563e+04
   Total Energy    Temperature Pressure (bar)   Constr. rmsd
   -1.44526e+06    1.80878e+02    2.94956e+01    5.51852e-06

Writing checkpoint, step 53789745 at Sat Apr 25 10:10:55 2020


DD  step 53999999 load imb.: force 33.9%

           Step           Time
       54000000   108000.00000

   Energies (kJ/mol)
        LJ (SR)   Coulomb (SR)   Coul. recip.      Potential    Kinetic En.
    1.27611e+02   -1.02869e+06   -4.39160e+05   -1.46772e+06    2.24389e+04
   Total Energy    Temperature Pressure (bar)   Constr. rmsd
   -1.44528e+06    1.79937e+02    3.16260e+01    5.51466e-06

Writing checkpoint, step 54630475 at Sat Apr 25 10:25:55 2020


DD  step 54999999 load imb.: force 26.6%

           Step           Time
       55000000   110000.00000

   Energies (kJ/mol)
        LJ (SR)   Coulomb (SR)   Coul. recip.      Potential    Kinetic En.
    8.63652e+01   -1.02861e+06   -4.39091e+05   -1.46762e+06    2.23522e+04
   Total Energy    Temperature Pressure (bar)   Constr. rmsd
   -1.44527e+06    1.79241e+02    2.14837e+01    5.50183e-06

Writing checkpoint, step 55470970 at Sat Apr 25 10:40:55 2020


DD  step 55999999 load imb.: force 25.0%

           Step           Time
       56000000   112000.00000

   Energies (kJ/mol)
        LJ (SR)   Coulomb (SR)   Coul. recip.      Potential    Kinetic En.
    1.13564e+02   -1.02890e+06   -4.39192e+05   -1.46798e+06    2.24798e+04
   Total Energy    Temperature Pressure (bar)   Constr. rmsd
   -1.44550e+06    1.80265e+02    2.83696e+01    5.43812e-06

Writing checkpoint, step 56311875 at Sat Apr 25 10:55:55 2020


DD  step 56999999 load imb.: force 24.3%

           Step           Time
       57000000   114000.00000

   Energies (kJ/mol)
        LJ (SR)   Coulomb (SR)   Coul. recip.      Potential    Kinetic En.
    1.30203e+02   -1.02872e+06   -4.39203e+05   -1.46779e+06    2.24055e+04
   Total Energy    Temperature Pressure (bar)   Constr. rmsd
   -1.44539e+06    1.79669e+02    3.14021e+01    5.50709e-06

Writing checkpoint, step 57151220 at Sat Apr 25 11:10:55 2020


Writing checkpoint, step 57991465 at Sat Apr 25 11:25:55 2020


DD  step 57999999 load imb.: force 27.6%

           Step           Time
       58000000   116000.00000

   Energies (kJ/mol)
        LJ (SR)   Coulomb (SR)   Coul. recip.      Potential    Kinetic En.
    1.37977e+02   -1.02875e+06   -4.39229e+05   -1.46785e+06    2.25880e+04
   Total Energy    Temperature Pressure (bar)   Constr. rmsd
   -1.44526e+06    1.81132e+02    3.12077e+01    5.42919e-06

Writing checkpoint, step 58832005 at Sat Apr 25 11:40:55 2020


DD  step 58999999 load imb.: force 24.3%

           Step           Time
       59000000   118000.00000

   Energies (kJ/mol)
        LJ (SR)   Coulomb (SR)   Coul. recip.      Potential    Kinetic En.
    1.37736e+02   -1.02886e+06   -4.39144e+05   -1.46786e+06    2.25691e+04
   Total Energy    Temperature Pressure (bar)   Constr. rmsd
   -1.44529e+06    1.80981e+02    3.22022e+01    5.51202e-06

Writing checkpoint, step 59672160 at Sat Apr 25 11:55:55 2020


DD  step 59999999 load imb.: force 34.7%

           Step           Time
       60000000   120000.00000

   Energies (kJ/mol)
        LJ (SR)   Coulomb (SR)   Coul. recip.      Potential    Kinetic En.
    1.20800e+02   -1.02869e+06   -4.39187e+05   -1.46776e+06    2.23607e+04
   Total Energy    Temperature Pressure (bar)   Constr. rmsd
   -1.44540e+06    1.79309e+02    2.94885e+01    5.53073e-06

Writing checkpoint, step 60511870 at Sat Apr 25 12:10:55 2020


DD  step 60999999 load imb.: force 25.8%

           Step           Time
       61000000   122000.00000

   Energies (kJ/mol)
        LJ (SR)   Coulomb (SR)   Coul. recip.      Potential    Kinetic En.
    1.24680e+02   -1.02880e+06   -4.39208e+05   -1.46789e+06    2.25378e+04
   Total Energy    Temperature Pressure (bar)   Constr. rmsd
   -1.44535e+06    1.80730e+02    2.99424e+01    5.48865e-06

Writing checkpoint, step 61352075 at Sat Apr 25 12:25:55 2020


DD  step 61999999 load imb.: force 24.8%

           Step           Time
       62000000   124000.00000

   Energies (kJ/mol)
        LJ (SR)   Coulomb (SR)   Coul. recip.      Potential    Kinetic En.
    1.47791e+02   -1.02885e+06   -4.39211e+05   -1.46791e+06    2.25520e+04
   Total Energy    Temperature Pressure (bar)   Constr. rmsd
   -1.44536e+06    1.80844e+02    3.49634e+01    5.48057e-06

Writing checkpoint, step 62192550 at Sat Apr 25 12:40:55 2020


DD  step 62999999 load imb.: force 22.1%

           Step           Time
       63000000   126000.00000

   Energies (kJ/mol)
        LJ (SR)   Coulomb (SR)   Coul. recip.      Potential    Kinetic En.
    1.32937e+02   -1.02883e+06   -4.39190e+05   -1.46789e+06    2.24511e+04
   Total Energy    Temperature Pressure (bar)   Constr. rmsd
   -1.44544e+06    1.80034e+02    3.10753e+01    5.52683e-06

Writing checkpoint, step 63032195 at Sat Apr 25 12:55:55 2020


Writing checkpoint, step 63872435 at Sat Apr 25 13:10:55 2020


DD  step 63999999 load imb.: force 17.4%

           Step           Time
       64000000   128000.00000

   Energies (kJ/mol)
        LJ (SR)   Coulomb (SR)   Coul. recip.      Potential    Kinetic En.
    1.38968e+02   -1.02874e+06   -4.39201e+05   -1.46780e+06    2.24996e+04
   Total Energy    Temperature Pressure (bar)   Constr. rmsd
   -1.44530e+06    1.80423e+02    3.38088e+01    5.60378e-06

Writing checkpoint, step 64712875 at Sat Apr 25 13:25:55 2020


DD  step 64999999 load imb.: force 24.4%

           Step           Time
       65000000   130000.00000

   Energies (kJ/mol)
        LJ (SR)   Coulomb (SR)   Coul. recip.      Potential    Kinetic En.
    1.01397e+02   -1.02874e+06   -4.39172e+05   -1.46781e+06    2.25315e+04
   Total Energy    Temperature Pressure (bar)   Constr. rmsd
   -1.44528e+06    1.80679e+02    2.42046e+01    5.58241e-06

Writing checkpoint, step 65554205 at Sat Apr 25 13:40:55 2020


DD  step 65999999 load imb.: force 26.8%

           Step           Time
       66000000   132000.00000

   Energies (kJ/mol)
        LJ (SR)   Coulomb (SR)   Coul. recip.      Potential    Kinetic En.
    1.63991e+02   -1.02869e+06   -4.39165e+05   -1.46769e+06    2.24228e+04
   Total Energy    Temperature Pressure (bar)   Constr. rmsd
   -1.44527e+06    1.79807e+02    3.89945e+01    5.40863e-06

Writing checkpoint, step 66395085 at Sat Apr 25 13:55:55 2020


DD  step 66999999 load imb.: force 25.1%

           Step           Time
       67000000   134000.00000

   Energies (kJ/mol)
        LJ (SR)   Coulomb (SR)   Coul. recip.      Potential    Kinetic En.
    1.39551e+02   -1.02873e+06   -4.39177e+05   -1.46777e+06    2.24431e+04
   Total Energy    Temperature Pressure (bar)   Constr. rmsd
   -1.44532e+06    1.79970e+02    3.34543e+01    5.47228e-06

Writing checkpoint, step 67236360 at Sat Apr 25 14:10:55 2020


DD  step 67999999 load imb.: force 24.3%

           Step           Time
       68000000   136000.00000

   Energies (kJ/mol)
        LJ (SR)   Coulomb (SR)   Coul. recip.      Potential    Kinetic En.
    1.32339e+02   -1.02859e+06   -4.39151e+05   -1.46761e+06    2.22172e+04
   Total Energy    Temperature Pressure (bar)   Constr. rmsd
   -1.44539e+06    1.78159e+02    3.29744e+01    5.52656e-06

Writing checkpoint, step 68077605 at Sat Apr 25 14:25:55 2020


Writing checkpoint, step 68918545 at Sat Apr 25 14:40:55 2020


DD  step 68999999 load imb.: force 28.3%

           Step           Time
       69000000   138000.00000

   Energies (kJ/mol)
        LJ (SR)   Coulomb (SR)   Coul. recip.      Potential    Kinetic En.
    1.06516e+02   -1.02861e+06   -4.39133e+05   -1.46764e+06    2.22846e+04
   Total Energy    Temperature Pressure (bar)   Constr. rmsd
   -1.44535e+06    1.78699e+02    2.72931e+01    5.52274e-06

Writing checkpoint, step 69759550 at Sat Apr 25 14:55:55 2020


DD  step 69999999 load imb.: force 23.5%

           Step           Time
       70000000   140000.00000

   Energies (kJ/mol)
        LJ (SR)   Coulomb (SR)   Coul. recip.      Potential    Kinetic En.
    1.42430e+02   -1.02883e+06   -4.39229e+05   -1.46792e+06    2.25442e+04
   Total Energy    Temperature Pressure (bar)   Constr. rmsd
   -1.44538e+06    1.80781e+02    3.31748e+01    5.49417e-06

Writing checkpoint, step 70600670 at Sat Apr 25 15:10:55 2020


DD  step 70999999 load imb.: force 29.2%

           Step           Time
       71000000   142000.00000

   Energies (kJ/mol)
        LJ (SR)   Coulomb (SR)   Coul. recip.      Potential    Kinetic En.
    1.24001e+02   -1.02880e+06   -4.39231e+05   -1.46791e+06    2.24473e+04
   Total Energy    Temperature Pressure (bar)   Constr. rmsd
   -1.44546e+06    1.80004e+02    2.97238e+01    5.57204e-06

Writing checkpoint, step 71442020 at Sat Apr 25 15:25:55 2020


DD  step 71999999 load imb.: force 21.6%

           Step           Time
       72000000   144000.00000

   Energies (kJ/mol)
        LJ (SR)   Coulomb (SR)   Coul. recip.      Potential    Kinetic En.
    1.29670e+02   -1.02881e+06   -4.39208e+05   -1.46789e+06    2.25703e+04
   Total Energy    Temperature Pressure (bar)   Constr. rmsd
   -1.44532e+06    1.80990e+02    3.01553e+01    5.58145e-06

Writing checkpoint, step 72282810 at Sat Apr 25 15:40:55 2020


DD  step 72999999 load imb.: force 21.4%

           Step           Time
       73000000   146000.00000

   Energies (kJ/mol)
        LJ (SR)   Coulomb (SR)   Coul. recip.      Potential    Kinetic En.
    1.00246e+02   -1.02868e+06   -4.39205e+05   -1.46778e+06    2.24130e+04
   Total Energy    Temperature Pressure (bar)   Constr. rmsd
   -1.44537e+06    1.79729e+02    2.50072e+01    5.49758e-06

Writing checkpoint, step 73124090 at Sat Apr 25 15:55:55 2020


Writing checkpoint, step 73964860 at Sat Apr 25 16:10:55 2020


DD  step 73999999 load imb.: force 32.7%

           Step           Time
       74000000   148000.00000

   Energies (kJ/mol)
        LJ (SR)   Coulomb (SR)   Coul. recip.      Potential    Kinetic En.
    1.18110e+02   -1.02873e+06   -4.39174e+05   -1.46778e+06    2.22484e+04
   Total Energy    Temperature Pressure (bar)   Constr. rmsd
   -1.44553e+06    1.78409e+02    2.88343e+01    5.51875e-06

Writing checkpoint, step 74805775 at Sat Apr 25 16:25:55 2020


DD  step 74999999 load imb.: force 21.4%

           Step           Time
       75000000   150000.00000

   Energies (kJ/mol)
        LJ (SR)   Coulomb (SR)   Coul. recip.      Potential    Kinetic En.
    1.09074e+02   -1.02873e+06   -4.39129e+05   -1.46775e+06    2.25323e+04
   Total Energy    Temperature Pressure (bar)   Constr. rmsd
   -1.44522e+06    1.80686e+02    2.62578e+01    5.45905e-06

Writing checkpoint, step 75646560 at Sat Apr 25 16:40:55 2020


DD  step 75999999 load imb.: force 33.8%

           Step           Time
       76000000   152000.00000

   Energies (kJ/mol)
        LJ (SR)   Coulomb (SR)   Coul. recip.      Potential    Kinetic En.
    1.31716e+02   -1.02879e+06   -4.39202e+05   -1.46786e+06    2.26273e+04
   Total Energy    Temperature Pressure (bar)   Constr. rmsd
   -1.44524e+06    1.81447e+02    3.03894e+01    5.46883e-06

Writing checkpoint, step 76487475 at Sat Apr 25 16:55:55 2020


DD  step 76999999 load imb.: force 26.4%

           Step           Time
       77000000   154000.00000

   Energies (kJ/mol)
        LJ (SR)   Coulomb (SR)   Coul. recip.      Potential    Kinetic En.
    1.62308e+02   -1.02885e+06   -4.39189e+05   -1.46788e+06    2.25456e+04
   Total Energy    Temperature Pressure (bar)   Constr. rmsd
   -1.44533e+06    1.80792e+02    3.80000e+01    5.54257e-06

Writing checkpoint, step 77328185 at Sat Apr 25 17:10:55 2020


DD  step 77999999 load imb.: force 24.2%

           Step           Time
       78000000   156000.00000

   Energies (kJ/mol)
        LJ (SR)   Coulomb (SR)   Coul. recip.      Potential    Kinetic En.
    1.19390e+02   -1.02871e+06   -4.39252e+05   -1.46784e+06    2.23296e+04
   Total Energy    Temperature Pressure (bar)   Constr. rmsd
   -1.44551e+06    1.79060e+02    2.79448e+01    5.55968e-06

Writing checkpoint, step 78168905 at Sat Apr 25 17:25:55 2020


DD  step 78999999 load imb.: force 28.1%

           Step           Time
       79000000   158000.00000

   Energies (kJ/mol)
        LJ (SR)   Coulomb (SR)   Coul. recip.      Potential    Kinetic En.
    1.29919e+02   -1.02885e+06   -4.39275e+05   -1.46799e+06    2.26595e+04
   Total Energy    Temperature Pressure (bar)   Constr. rmsd
   -1.44533e+06    1.81706e+02    2.92834e+01    5.45904e-06

Writing checkpoint, step 79009505 at Sat Apr 25 17:40:55 2020


Writing checkpoint, step 79850070 at Sat Apr 25 17:55:55 2020


DD  step 79999999 load imb.: force 20.1%

           Step           Time
       80000000   160000.00000

Writing checkpoint, step 80000000 at Sat Apr 25 17:58:36 2020


   Energies (kJ/mol)
        LJ (SR)   Coulomb (SR)   Coul. recip.      Potential    Kinetic En.
    1.26922e+02   -1.02867e+06   -4.39217e+05   -1.46776e+06    2.24818e+04
   Total Energy    Temperature Pressure (bar)   Constr. rmsd
   -1.44528e+06    1.80281e+02    2.95169e+01    5.49664e-06

	<======  ###############  ==>
	<====  A V E R A G E S  ====>
	<==  ###############  ======>

	Statistics over 80000001 steps using 800001 frames

   Energies (kJ/mol)
        LJ (SR)   Coulomb (SR)   Coul. recip.      Potential    Kinetic En.
    1.20389e+02   -1.02875e+06   -4.39187e+05   -1.46781e+06    2.24319e+04
   Total Energy    Temperature Pressure (bar)   Constr. rmsd
   -1.44538e+06    1.79881e+02    2.88960e+01    0.00000e+00

   Total Virial (kJ/mol)
    8.02259e+03    1.62131e-01    2.94119e-01
    1.62219e-01    3.88005e+03    1.02641e-01
    2.94172e-01    1.02615e-01    3.88072e+03

   Pressure (bar)
   -1.69854e+01   -1.92473e-03   -2.82910e-03
   -1.92588e-03    5.18425e+01   -2.87240e-03
   -2.82979e-03   -2.87205e-03    5.18310e+01


	M E G A - F L O P S   A C C O U N T I N G

 NB=Group-cutoff nonbonded kernels    NxN=N-by-N cluster Verlet kernels
 RF=Reaction-Field  VdW=Van der Waals  QSTab=quadratic-spline table
 W3=SPC/TIP3p  W4=TIP4p (single or pairs)
 V&F=Potential and force  V=Potential only  F=Force only

 Computing:                               M-Number         M-Flops  % Flops
-----------------------------------------------------------------------------
 NB VdW [V&F]                       2341204.536247     2341204.536     0.0
 NB VdW [F]                       199240184.331510   199240184.332     0.8
 NB Elec. [V&F]                     9658559.548392     9658559.548     0.0
 NB Elec. [F]                     642867573.889469   642867573.889     2.5
 Calc Weights                       7200000.090000   259200003.240     1.0
 Spread Q Bspline                 153600001.920000   307200003.840     1.2
 Gather F Bspline                 153600001.920000   921600011.520     3.7
 3D-FFT                           2796457634.955720 22371661079.646    88.7
 Solve PME                          5898240.073728   377487364.719     1.5
 NS-Pairs                           1705392.603156    35813244.666     0.1
 Reset In Box                         96000.000000      288000.000     0.0
 CG-CoM                              480000.030000     1440000.090     0.0
 Virial                               26304.032880      473472.592     0.0
 Stop-CM                              24000.030000      240000.300     0.0
 Calc-Ekin                           960000.060000    25920001.620     0.1
 Lincs                               480000.006000    28800000.360     0.1
 Constraint-V                        960000.012000     7680000.096     0.0
 Constraint-Vir                        4800.006000      115200.144     0.0
 Virtual Site 2                     1454400.036000    33451200.828     0.1
-----------------------------------------------------------------------------
 Total                                             25225477105.966   100.0
-----------------------------------------------------------------------------


    D O M A I N   D E C O M P O S I T I O N   S T A T I S T I C S

 av. #atoms communicated per step for force:  2 x 38186.3

 Average load imbalance: 25.3 %
 Part of the total run time spent waiting due to load imbalance: 0.7 %


     R E A L   C Y C L E   A N D   T I M E   A C C O U N T I N G

On 64 MPI ranks

 Computing:          Num   Num      Call    Wall time         Giga-Cycles
                     Ranks Threads  Count      (s)         total sum    %
-----------------------------------------------------------------------------
 Domain decomp.        64    1   16000000    2520.893     419476.369   2.9
 DD comm. load         64    1     160002       0.548         91.121   0.0
 Vsite constr.         64    1   80000001     318.478      52994.654   0.4
 Neighbor search       64    1   16000001    2205.716     367030.985   2.6
 Comm. coord.          64    1   80000001    1211.718     201629.787   1.4
 Force                 64    1   80000001    3180.442     529225.405   3.7
 Wait + Comm. F        64    1   80000001    1195.319     198900.993   1.4
 PME mesh              64    1   80000001   71109.058   11832542.534  83.0
 Vsite spread          64    1   80800002     344.520      57328.086   0.4
 Write traj.           64    1     160096     111.211      18505.437   0.1
 Update                64    1   80000001     555.813      92487.237   0.6
 Constraints           64    1   80000001     596.860      99317.480   0.7
 Comm. energies        64    1   16000001    1709.902     284527.583   2.0
 Rest                                         600.192      99871.827   0.7
-----------------------------------------------------------------------------
 Total                                      85660.668   14253929.499 100.0
-----------------------------------------------------------------------------
 Breakdown of PME mesh computation
-----------------------------------------------------------------------------
 PME redist. X/F       64    1  160000002    5878.736     978221.265   6.9
 PME spread/gather     64    1  160000002   11184.699    1861133.117  13.1
 PME 3D-FFT            64    1  160000002   18228.610    3033239.527  21.3
 PME 3D-FFT Comm.      64    1  320000004   33311.156    5542974.190  38.9
 PME solve Elec        64    1   80000001    2289.076     380902.150   2.7
-----------------------------------------------------------------------------

               Core t (s)   Wall t (s)        (%)
       Time:  5482282.761    85660.668     6400.0
                         23h47:40
                 (ns/day)    (hour/ns)
Performance:      161.381        0.149
Finished mdrun on rank 0 Sat Apr 25 17:58:36 2020
