

*******************************************************************************
Sun Sep 15 18:23:14 2019


FIT:    data read from "LL_4000.xvg" u 1:2
	x range restricted to [0.00100000 : 5.00000]
        #datapoints = 16
        residuals are weighted equally (unit weight)

function used for fitting: vai(x,a0,a1,a2)
fitted parameters initialized with current variable values



 Iteration 0
 WSSR        : 38352.4           delta(WSSR)/WSSR   : 0
 delta(WSSR) : 0                 limit for stopping : 1e-05
 lambda	  : 31.9622

initial set of free parameter values

a0              = 1
a1              = 1
a2              = 1

After 7 iterations the fit converged.
final sum of squares of residuals : 6.69805e-06
rel. change during last iteration : -1.24942e-13

degrees of freedom    (FIT_NDF)                        : 13
rms of residuals      (FIT_STDFIT) = sqrt(WSSR/ndf)    : 0.000717798
variance of residuals (reduced chisquare) = WSSR/ndf   : 5.15234e-07

Final set of parameters            Asymptotic Standard Error
=======================            ==========================

a0              = 0.181189         +/- 0.001103     (0.6088%)
a1              = 0.0240199        +/- 0.001952     (8.126%)
a2              = 0.000108744      +/- 2.93e-05     (26.94%)


correlation matrix of the fit parameters:

               a0     a1     a2     
a0              1.000 
a1              0.956  1.000 
a2              0.903  0.985  1.000 


*******************************************************************************
Sun Sep 15 18:23:14 2019


FIT:    data read from "LL_8000.xvg" u 1:2
	x range restricted to [0.00100000 : 5.00000]
        #datapoints = 16
        residuals are weighted equally (unit weight)

function used for fitting: vai(x,a0,a1,a2)
fitted parameters initialized with current variable values



 Iteration 0
 WSSR        : 38352             delta(WSSR)/WSSR   : 0
 delta(WSSR) : 0                 limit for stopping : 1e-05
 lambda	  : 31.9622

initial set of free parameter values

a0              = 1
a1              = 1
a2              = 1

After 7 iterations the fit converged.
final sum of squares of residuals : 5.90007e-06
rel. change during last iteration : -1.65672e-13

degrees of freedom    (FIT_NDF)                        : 13
rms of residuals      (FIT_STDFIT) = sqrt(WSSR/ndf)    : 0.000673685
variance of residuals (reduced chisquare) = WSSR/ndf   : 4.53852e-07

Final set of parameters            Asymptotic Standard Error
=======================            ==========================

a0              = 0.182293         +/- 0.001035     (0.5679%)
a1              = 0.0248261        +/- 0.001816     (7.316%)
a2              = 0.000117499      +/- 2.75e-05     (23.4%)


correlation matrix of the fit parameters:

               a0     a1     a2     
a0              1.000 
a1              0.956  1.000 
a2              0.903  0.985  1.000 


*******************************************************************************
Sun Sep 15 18:23:14 2019


FIT:    data read from "LL_12000.xvg" u 1:2
	x range restricted to [0.00100000 : 5.00000]
        #datapoints = 16
        residuals are weighted equally (unit weight)

function used for fitting: vai(x,a0,a1,a2)
fitted parameters initialized with current variable values



 Iteration 0
 WSSR        : 38352             delta(WSSR)/WSSR   : 0
 delta(WSSR) : 0                 limit for stopping : 1e-05
 lambda	  : 31.9622

initial set of free parameter values

a0              = 1
a1              = 1
a2              = 1

After 7 iterations the fit converged.
final sum of squares of residuals : 7.17612e-06
rel. change during last iteration : -1.53445e-13

degrees of freedom    (FIT_NDF)                        : 13
rms of residuals      (FIT_STDFIT) = sqrt(WSSR/ndf)    : 0.000742973
variance of residuals (reduced chisquare) = WSSR/ndf   : 5.52009e-07

Final set of parameters            Asymptotic Standard Error
=======================            ==========================

a0              = 0.183791         +/- 0.001142     (0.6212%)
a1              = 0.0273366        +/- 0.001972     (7.213%)
a2              = 0.000154123      +/- 3.033e-05    (19.68%)


correlation matrix of the fit parameters:

               a0     a1     a2     
a0              1.000 
a1              0.955  1.000 
a2              0.903  0.985  1.000 


*******************************************************************************
Sun Sep 15 18:23:14 2019


FIT:    data read from "LL_16000.xvg" u 1:2
	x range restricted to [0.00100000 : 5.00000]
        #datapoints = 16
        residuals are weighted equally (unit weight)

function used for fitting: vai(x,a0,a1,a2)
fitted parameters initialized with current variable values



 Iteration 0
 WSSR        : 38351.7           delta(WSSR)/WSSR   : 0
 delta(WSSR) : 0                 limit for stopping : 1e-05
 lambda	  : 31.9622

initial set of free parameter values

a0              = 1
a1              = 1
a2              = 1

After 7 iterations the fit converged.
final sum of squares of residuals : 1.07022e-05
rel. change during last iteration : -1.24101e-13

degrees of freedom    (FIT_NDF)                        : 13
rms of residuals      (FIT_STDFIT) = sqrt(WSSR/ndf)    : 0.000907328
variance of residuals (reduced chisquare) = WSSR/ndf   : 8.23244e-07

Final set of parameters            Asymptotic Standard Error
=======================            ==========================

a0              = 0.184957         +/- 0.001394     (0.7539%)
a1              = 0.0288118        +/- 0.002382     (8.269%)
a2              = 0.000175735      +/- 3.704e-05    (21.08%)


correlation matrix of the fit parameters:

               a0     a1     a2     
a0              1.000 
a1              0.955  1.000 
a2              0.903  0.986  1.000 
