Log file opened on Sun Mar  1 15:56:00 2020
Host: r3i2n4  pid: 8260  rank ID: 0  number of ranks:  64
                        :-) GROMACS - mdrun, 2016.1 (-:

                            GROMACS is written by:
     Emile Apol      Rossen Apostolov  Herman J.C. Berendsen    Par Bjelkmar   
 Aldert van Buuren   Rudi van Drunen     Anton Feenstra    Gerrit Groenhof  
 Christoph Junghans   Anca Hamuraru    Vincent Hindriksen Dimitrios Karkoulis
    Peter Kasson        Jiri Kraus      Carsten Kutzner      Per Larsson    
  Justin A. Lemkul   Magnus Lundborg   Pieter Meulenhoff    Erik Marklund   
   Teemu Murtola       Szilard Pall       Sander Pronk      Roland Schulz   
  Alexey Shvetsov     Michael Shirts     Alfons Sijbers     Peter Tieleman  
  Teemu Virolainen  Christian Wennberg    Maarten Wolf   
                           and the project leaders:
        Mark Abraham, Berk Hess, Erik Lindahl, and David van der Spoel

Copyright (c) 1991-2000, University of Groningen, The Netherlands.
Copyright (c) 2001-2015, The GROMACS development team at
Uppsala University, Stockholm University and
the Royal Institute of Technology, Sweden.
check out http://www.gromacs.org for more information.

GROMACS is free software; you can redistribute it and/or modify it
under the terms of the GNU Lesser General Public License
as published by the Free Software Foundation; either version 2.1
of the License, or (at your option) any later version.

GROMACS:      mdrun, version 2016.1
Executable:   /sw/sdev/Modules/gromacs/gromacs-2016.1/bin/mdrun
Data prefix:  /sw/sdev/Modules/gromacs/gromacs-2016.1
Working dir:  /work/pousaneh/Field-Big/0.377/a2/V11
Command line:
  mdrun -s NVT_F.tpr -deffnm NVT_F -table Table_HS_modif.xvg

GROMACS version:    2016.1
Precision:          single
Memory model:       64 bit
MPI library:        MPI
OpenMP support:     enabled (GMX_OPENMP_MAX_THREADS = 32)
GPU support:        disabled
SIMD instructions:  AVX_256
FFT library:        Intel MKL
RDTSCP usage:       disabled
TNG support:        enabled
Hwloc support:      disabled
Tracing support:    disabled
Built on:           Thu Jan 12 07:55:47 CET 2017
Built by:           vegarde@service0 [CMAKE]
Build OS/arch:      Linux 3.0.101-84-default x86_64
Build CPU vendor:   Unknown
Build CPU brand:    Unknown
Build CPU family:   0   Model: 0   Stepping: 0
Build CPU features: Unknown
C compiler:         /sw/sdev/Modules/intelcomp/17.0/bin/icc Intel 17.0.0.20160721
C compiler flags:    -mavx   -mkl=sequential  -std=gnu99  -O3 -xHost -DNDEBUG -ip -funroll-all-loops -alias-const -ansi-alias  
C++ compiler:       /sw/sdev/Modules/intelcomp/17.0/bin/icpc Intel 17.0.0.20160721
C++ compiler flags:  -mavx    -std=c++0x   -O3 -xHost -DNDEBUG -ip -funroll-all-loops -alias-const -ansi-alias  


Running on 4 nodes with total 64 cores, 128 logical cores
  Cores per node:           16
  Logical cores per node:   32
Hardware detected on host r3i2n4 (the node of MPI rank 0):
  CPU info:
    Vendor: Intel
    Brand:  Intel(R) Xeon(R) CPU E5-2670 0 @ 2.60GHz
    Family: 6   Model: 45   Stepping: 6
    Features: aes apic avx clfsh cmov cx8 cx16 htt lahf mmx msr nonstop_tsc pcid pclmuldq pdcm pdpe1gb popcnt pse rdtscp sse2 sse3 sse4.1 sse4.2 ssse3 tdt x2apic
    SIMD instructions most likely to fit this hardware: AVX_256
    SIMD instructions selected at GROMACS compile time: AVX_256

  Hardware topology: Basic
    Sockets, cores, and logical processors:
      Socket  0: [   0  16] [   1  17] [   2  18] [   3  19] [   4  20] [   5  21] [   6  22] [   7  23]
      Socket  1: [   8  24] [   9  25] [  10  26] [  11  27] [  12  28] [  13  29] [  14  30] [  15  31]


The current CPU can measure timings more accurately than the code in
mdrun was configured to use. This might affect your simulation
speed as accurate timings are needed for load-balancing.
Please consider rebuilding mdrun with the GMX_USE_RDTSCP=ON CMake option.


++++ PLEASE READ AND CITE THE FOLLOWING REFERENCE ++++
M. J. Abraham, T. Murtola, R. Schulz, S. Páll, J. C. Smith, B. Hess, E.
Lindahl
GROMACS: High performance molecular simulations through multi-level
parallelism from laptops to supercomputers
SoftwareX 1 (2015) pp. 19-25
-------- -------- --- Thank You --- -------- --------


++++ PLEASE READ AND CITE THE FOLLOWING REFERENCE ++++
S. Páll, M. J. Abraham, C. Kutzner, B. Hess, E. Lindahl
Tackling Exascale Software Challenges in Molecular Dynamics Simulations with
GROMACS
In S. Markidis & E. Laure (Eds.), Solving Software Challenges for Exascale 8759 (2015) pp. 3-27
-------- -------- --- Thank You --- -------- --------


++++ PLEASE READ AND CITE THE FOLLOWING REFERENCE ++++
S. Pronk, S. Páll, R. Schulz, P. Larsson, P. Bjelkmar, R. Apostolov, M. R.
Shirts, J. C. Smith, P. M. Kasson, D. van der Spoel, B. Hess, and E. Lindahl
GROMACS 4.5: a high-throughput and highly parallel open source molecular
simulation toolkit
Bioinformatics 29 (2013) pp. 845-54
-------- -------- --- Thank You --- -------- --------


++++ PLEASE READ AND CITE THE FOLLOWING REFERENCE ++++
B. Hess and C. Kutzner and D. van der Spoel and E. Lindahl
GROMACS 4: Algorithms for highly efficient, load-balanced, and scalable
molecular simulation
J. Chem. Theory Comput. 4 (2008) pp. 435-447
-------- -------- --- Thank You --- -------- --------


++++ PLEASE READ AND CITE THE FOLLOWING REFERENCE ++++
D. van der Spoel, E. Lindahl, B. Hess, G. Groenhof, A. E. Mark and H. J. C.
Berendsen
GROMACS: Fast, Flexible and Free
J. Comp. Chem. 26 (2005) pp. 1701-1719
-------- -------- --- Thank You --- -------- --------


++++ PLEASE READ AND CITE THE FOLLOWING REFERENCE ++++
E. Lindahl and B. Hess and D. van der Spoel
GROMACS 3.0: A package for molecular simulation and trajectory analysis
J. Mol. Mod. 7 (2001) pp. 306-317
-------- -------- --- Thank You --- -------- --------


++++ PLEASE READ AND CITE THE FOLLOWING REFERENCE ++++
H. J. C. Berendsen, D. van der Spoel and R. van Drunen
GROMACS: A message-passing parallel molecular dynamics implementation
Comp. Phys. Comm. 91 (1995) pp. 43-56
-------- -------- --- Thank You --- -------- --------

Input Parameters:
   integrator                     = md
   tinit                          = 0
   dt                             = 0.002
   nsteps                         = 100000000
   init-step                      = 0
   simulation-part                = 1
   comm-mode                      = Linear
   nstcomm                        = 100
   bd-fric                        = 0
   ld-seed                        = 2118641700
   emtol                          = 10
   emstep                         = 0.01
   niter                          = 20
   fcstep                         = 0
   nstcgsteep                     = 1000
   nbfgscorr                      = 10
   rtpi                           = 0.05
   nstxout                        = 10000000
   nstvout                        = 10000000
   nstfout                        = 0
   nstlog                         = 10000000
   nstcalcenergy                  = 100
   nstenergy                      = 1000000
   nstxout-compressed             = 10000000
   compressed-x-precision         = 1000
   cutoff-scheme                  = Group
   nstlist                        = 10
   ns-type                        = Grid
   pbc                            = xyz
   periodic-molecules             = false
   verlet-buffer-tolerance        = 0.005
   rlist                          = 0.9
   coulombtype                    = PME
   coulomb-modifier               = None
   rcoulomb-switch                = 0
   rcoulomb                       = 0.9
   epsilon-r                      = 1
   epsilon-rf                     = inf
   vdw-type                       = User
   vdw-modifier                   = None
   rvdw-switch                    = 0
   rvdw                           = 0.3479
   DispCorr                       = No
   table-extension                = 1
   fourierspacing                 = 0.16
   fourier-nx                     = 84
   fourier-ny                     = 84
   fourier-nz                     = 84
   pme-order                      = 4
   ewald-rtol                     = 1e-05
   ewald-rtol-lj                  = 0.001
   lj-pme-comb-rule               = Geometric
   ewald-geometry                 = 0
   epsilon-surface                = 0
   implicit-solvent               = No
   gb-algorithm                   = Still
   nstgbradii                     = 1
   rgbradii                       = 1
   gb-epsilon-solvent             = 80
   gb-saltconc                    = 0
   gb-obc-alpha                   = 1
   gb-obc-beta                    = 0.8
   gb-obc-gamma                   = 4.85
   gb-dielectric-offset           = 0.009
   sa-algorithm                   = Ace-approximation
   sa-surface-tension             = 2.05016
   tcoupl                         = V-rescale
   nsttcouple                     = 10
   nh-chain-length                = 0
   print-nose-hoover-chain-variables = false
   pcoupl                         = No
   pcoupltype                     = Isotropic
   nstpcouple                     = -1
   tau-p                          = 1
   compressibility (3x3):
      compressibility[    0]={ 0.00000e+00,  0.00000e+00,  0.00000e+00}
      compressibility[    1]={ 0.00000e+00,  0.00000e+00,  0.00000e+00}
      compressibility[    2]={ 0.00000e+00,  0.00000e+00,  0.00000e+00}
   ref-p (3x3):
      ref-p[    0]={ 0.00000e+00,  0.00000e+00,  0.00000e+00}
      ref-p[    1]={ 0.00000e+00,  0.00000e+00,  0.00000e+00}
      ref-p[    2]={ 0.00000e+00,  0.00000e+00,  0.00000e+00}
   refcoord-scaling               = No
   posres-com (3):
      posres-com[0]= 0.00000e+00
      posres-com[1]= 0.00000e+00
      posres-com[2]= 0.00000e+00
   posres-comB (3):
      posres-comB[0]= 0.00000e+00
      posres-comB[1]= 0.00000e+00
      posres-comB[2]= 0.00000e+00
   QMMM                           = false
   QMconstraints                  = 0
   QMMMscheme                     = 0
   MMChargeScaleFactor            = 1
qm-opts:
   ngQM                           = 0
   constraint-algorithm           = Lincs
   continuation                   = true
   Shake-SOR                      = false
   shake-tol                      = 0.0001
   lincs-order                    = 4
   lincs-iter                     = 1
   lincs-warnangle                = 30
   nwall                          = 0
   wall-type                      = 9-3
   wall-r-linpot                  = -1
   wall-atomtype[0]               = -1
   wall-atomtype[1]               = -1
   wall-density[0]                = 0
   wall-density[1]                = 0
   wall-ewald-zfac                = 3
   pull                           = false
   rotation                       = false
   interactiveMD                  = false
   disre                          = No
   disre-weighting                = Conservative
   disre-mixed                    = false
   dr-fc                          = 1000
   dr-tau                         = 0
   nstdisreout                    = 100
   orire-fc                       = 0
   orire-tau                      = 0
   nstorireout                    = 100
   free-energy                    = no
   cos-acceleration               = 0
   deform (3x3):
      deform[    0]={ 0.00000e+00,  0.00000e+00,  0.00000e+00}
      deform[    1]={ 0.00000e+00,  0.00000e+00,  0.00000e+00}
      deform[    2]={ 0.00000e+00,  0.00000e+00,  0.00000e+00}
   simulated-tempering            = false
   E-x:
      n = 1
        a = 1.055000e+00
        phi = 0.000000e+00
   E-xt:
      n = 0
   E-y:
      n = 0
   E-yt:
      n = 0
   E-z:
      n = 0
   E-zt:
      n = 0
   swapcoords                     = no
   userint1                       = 0
   userint2                       = 0
   userint3                       = 0
   userint4                       = 0
   userreal1                      = 0
   userreal2                      = 0
   userreal3                      = 0
   userreal4                      = 0
grpopts:
   nrdf:       29997
   ref-t:       179.8
   tau-t:         0.1
annealing:          No
annealing-npoints:           0
   acc:	           0           0           0
   nfreeze:           N           N           N
   energygrp-flags[  0]: 0


Initializing Domain Decomposition on 64 ranks
Dynamic load balancing: auto
Guess for relative PME load: 0.90
Using 0 separate PME ranks, as guessed by mdrun
Scaling the initial minimum size with 1/0.8 (option -dds) = 1.25
Optimizing the DD grid for 64 cells with a minimum initial size of 0.000 nm
Domain decomposition grid 8 x 8 x 1, separate PME ranks 0
PME domain decomposition: 8 x 8 x 1
Domain decomposition rank 0, coordinates 0 0 0

The initial number of communication pulses is: X 1 Y 1
The initial domain decomposition cell size is: X 1.65 nm Y 1.65 nm

When dynamic load balancing gets turned on, these settings will change to:
The maximum number of communication pulses is: X 1 Y 1
The minimum size for domain decomposition cells is 0.900 nm
The requested allowed shrink of DD cells (option -dds) is: 0.80
The allowed shrink of domain decomposition cells is: X 0.55 Y 0.55
Using two step summing over 4 groups of on average 16.0 ranks

Using 64 MPI processes


NOTE: This file uses the deprecated 'group' cutoff_scheme. This will be
removed in a future release when 'verlet' supports all interaction forms.

Table routines are used for coulomb: false
Table routines are used for vdw:     true
Will do PME sum in reciprocal space for electrostatic interactions.

++++ PLEASE READ AND CITE THE FOLLOWING REFERENCE ++++
U. Essmann, L. Perera, M. L. Berkowitz, T. Darden, H. Lee and L. G. Pedersen 
A smooth particle mesh Ewald method
J. Chem. Phys. 103 (1995) pp. 8577-8592
-------- -------- --- Thank You --- -------- --------

Will do ordinary reciprocal space Ewald sum.
Using a Gaussian width (1/beta) of 0.288146 nm for Ewald
Cut-off's:   NS: 0.9   Coulomb: 0.9   LJ: 0.3479
System total charge: 0.000
Read user tables from Table_HS_modif.xvg with 1501 data points.
Tabscale = 500 points/nm
Generated table with 950 data points for Ewald.
Tabscale = 500 points/nm
Potential shift: LJ r^-12: 0.000e+00 r^-6: 0.000e+00, Ewald -0.000e+00
Initialized non-bonded Ewald correction tables, spacing: 8.85e-04 size: 2148


Non-default thread affinity set probably by the OpenMP library,
disabling internal thread affinity

Initializing LINear Constraint Solver

++++ PLEASE READ AND CITE THE FOLLOWING REFERENCE ++++
B. Hess and H. Bekker and H. J. C. Berendsen and J. G. E. M. Fraaije
LINCS: A Linear Constraint Solver for molecular simulations
J. Comp. Chem. 18 (1997) pp. 1463-1472
-------- -------- --- Thank You --- -------- --------

The number of constraints is 6000

Linking all bonded interactions to atoms

Intra-simulation communication will occur every 10 steps.
Center of mass motion removal mode is Linear
We have the following groups for center of mass motion removal:
  0:  rest

++++ PLEASE READ AND CITE THE FOLLOWING REFERENCE ++++
G. Bussi, D. Donadio and M. Parrinello
Canonical sampling through velocity rescaling
J. Chem. Phys. 126 (2007) pp. 014101
-------- -------- --- Thank You --- -------- --------

There are: 12000 Atoms
There are: 18000 VSites
Atom distribution over 64 domains: av 468 stddev 59 min 340 max 665
Grid: 4 x 4 x 15 cells
Initial temperature: 177.99 K

Started mdrun on rank 0 Sun Mar  1 15:56:01 2020
           Step           Time
              0        0.00000


   Energies (kJ/mol)
        LJ (SR)   Coulomb (SR)   Coul. recip.      Potential    Kinetic En.
    1.36244e+02   -1.02823e+06   -4.38982e+05   -1.46707e+06    2.27955e+04
   Total Energy  Conserved En.    Temperature Pressure (bar)   Constr. rmsd
   -1.44428e+06   -1.44428e+06    1.82796e+02    5.30244e+01    5.52342e-06

DD  step 9 load imb.: force 32.3%

Writing checkpoint, step 1041290 at Sun Mar  1 16:11:01 2020


Writing checkpoint, step 2084970 at Sun Mar  1 16:26:01 2020


Writing checkpoint, step 3129580 at Sun Mar  1 16:41:01 2020


Writing checkpoint, step 4175170 at Sun Mar  1 16:56:01 2020


Writing checkpoint, step 5221200 at Sun Mar  1 17:11:01 2020


Writing checkpoint, step 6268590 at Sun Mar  1 17:26:01 2020


Writing checkpoint, step 7316370 at Sun Mar  1 17:41:01 2020


Writing checkpoint, step 8364450 at Sun Mar  1 17:56:01 2020


Writing checkpoint, step 9412260 at Sun Mar  1 18:11:01 2020


DD  step 9999999 load imb.: force 25.9%

           Step           Time
       10000000    20000.00000

   Energies (kJ/mol)
        LJ (SR)   Coulomb (SR)   Coul. recip.      Potential    Kinetic En.
    1.30351e+02   -1.02890e+06   -4.39390e+05   -1.46816e+06    2.26871e+04
   Total Energy  Conserved En.    Temperature Pressure (bar)   Constr. rmsd
   -1.44548e+06   -1.42542e+06    1.81927e+02    3.47696e+01    5.38646e-06

Writing checkpoint, step 10460490 at Sun Mar  1 18:26:01 2020


Writing checkpoint, step 11508400 at Sun Mar  1 18:41:01 2020


Writing checkpoint, step 12556880 at Sun Mar  1 18:56:01 2020


Writing checkpoint, step 13605220 at Sun Mar  1 19:11:01 2020


Writing checkpoint, step 14653260 at Sun Mar  1 19:26:01 2020


Writing checkpoint, step 15701020 at Sun Mar  1 19:41:01 2020


Writing checkpoint, step 16749050 at Sun Mar  1 19:56:01 2020


Writing checkpoint, step 17796670 at Sun Mar  1 20:11:01 2020


Writing checkpoint, step 18845610 at Sun Mar  1 20:26:01 2020


Writing checkpoint, step 19894410 at Sun Mar  1 20:41:01 2020


DD  step 19999999 load imb.: force 32.4%

           Step           Time
       20000000    40000.00000

   Energies (kJ/mol)
        LJ (SR)   Coulomb (SR)   Coul. recip.      Potential    Kinetic En.
    1.30710e+02   -1.02907e+06   -4.39425e+05   -1.46837e+06    2.21674e+04
   Total Energy  Conserved En.    Temperature Pressure (bar)   Constr. rmsd
   -1.44620e+06   -1.41664e+06    1.77760e+02    3.20471e+01    5.40122e-06

Writing checkpoint, step 20943300 at Sun Mar  1 20:56:01 2020


Writing checkpoint, step 21992760 at Sun Mar  1 21:11:01 2020


Writing checkpoint, step 23041510 at Sun Mar  1 21:26:01 2020


Writing checkpoint, step 24091360 at Sun Mar  1 21:41:01 2020


Writing checkpoint, step 25140660 at Sun Mar  1 21:56:01 2020


Writing checkpoint, step 26190130 at Sun Mar  1 22:11:01 2020


Writing checkpoint, step 27238800 at Sun Mar  1 22:26:01 2020


Writing checkpoint, step 28287550 at Sun Mar  1 22:41:01 2020


Writing checkpoint, step 29336150 at Sun Mar  1 22:56:01 2020


DD  step 29999999 load imb.: force 34.4%

           Step           Time
       30000000    60000.00000

   Energies (kJ/mol)
        LJ (SR)   Coulomb (SR)   Coul. recip.      Potential    Kinetic En.
    1.33952e+02   -1.02912e+06   -4.39543e+05   -1.46852e+06    2.25427e+04
   Total Energy  Conserved En.    Temperature Pressure (bar)   Constr. rmsd
   -1.44598e+06   -1.40794e+06    1.80769e+02    3.27905e+01    5.42020e-06

Writing checkpoint, step 30384480 at Sun Mar  1 23:11:01 2020


Writing checkpoint, step 31432670 at Sun Mar  1 23:26:01 2020


Writing checkpoint, step 32481590 at Sun Mar  1 23:41:01 2020


Writing checkpoint, step 33530980 at Sun Mar  1 23:56:01 2020


Writing checkpoint, step 34580170 at Mon Mar  2 00:11:01 2020


Writing checkpoint, step 35629870 at Mon Mar  2 00:26:01 2020


Writing checkpoint, step 36679790 at Mon Mar  2 00:41:01 2020


Writing checkpoint, step 37728960 at Mon Mar  2 00:56:01 2020


Writing checkpoint, step 38777970 at Mon Mar  2 01:11:01 2020


Writing checkpoint, step 39826830 at Mon Mar  2 01:26:01 2020


DD  step 39999999 load imb.: force 27.6%

           Step           Time
       40000000    80000.00000

   Energies (kJ/mol)
        LJ (SR)   Coulomb (SR)   Coul. recip.      Potential    Kinetic En.
    1.21454e+02   -1.02909e+06   -4.39509e+05   -1.46847e+06    2.23506e+04
   Total Energy  Conserved En.    Temperature Pressure (bar)   Constr. rmsd
   -1.44612e+06   -1.39933e+06    1.79228e+02    2.89898e+01    5.38782e-06

Writing checkpoint, step 40875260 at Mon Mar  2 01:41:01 2020


Writing checkpoint, step 41923690 at Mon Mar  2 01:56:01 2020


Writing checkpoint, step 42972210 at Mon Mar  2 02:11:01 2020


Writing checkpoint, step 44020200 at Mon Mar  2 02:26:01 2020


Writing checkpoint, step 45068780 at Mon Mar  2 02:41:01 2020


Writing checkpoint, step 46117210 at Mon Mar  2 02:56:01 2020


Writing checkpoint, step 47165040 at Mon Mar  2 03:11:01 2020


Writing checkpoint, step 48213580 at Mon Mar  2 03:26:01 2020


Writing checkpoint, step 49262870 at Mon Mar  2 03:41:01 2020


DD  step 49999999 load imb.: force 30.3%

           Step           Time
       50000000   100000.00000

   Energies (kJ/mol)
        LJ (SR)   Coulomb (SR)   Coul. recip.      Potential    Kinetic En.
    1.10390e+02   -1.02915e+06   -4.39573e+05   -1.46862e+06    2.24624e+04
   Total Energy  Conserved En.    Temperature Pressure (bar)   Constr. rmsd
   -1.44615e+06   -1.39068e+06    1.80125e+02    2.71091e+01    5.41166e-06

Writing checkpoint, step 50310880 at Mon Mar  2 03:56:01 2020


Writing checkpoint, step 51359440 at Mon Mar  2 04:11:01 2020


Writing checkpoint, step 52408500 at Mon Mar  2 04:26:01 2020


Writing checkpoint, step 53457430 at Mon Mar  2 04:41:01 2020


Writing checkpoint, step 54506740 at Mon Mar  2 04:56:01 2020


Writing checkpoint, step 55556520 at Mon Mar  2 05:11:01 2020


Writing checkpoint, step 56605940 at Mon Mar  2 05:26:01 2020


Writing checkpoint, step 57655370 at Mon Mar  2 05:41:01 2020


Writing checkpoint, step 58704520 at Mon Mar  2 05:56:01 2020


Writing checkpoint, step 59753240 at Mon Mar  2 06:11:01 2020


DD  step 59999999 load imb.: force 18.9%

           Step           Time
       60000000   120000.00000

   Energies (kJ/mol)
        LJ (SR)   Coulomb (SR)   Coul. recip.      Potential    Kinetic En.
    1.17270e+02   -1.02910e+06   -4.39498e+05   -1.46848e+06    2.22251e+04
   Total Energy  Conserved En.    Temperature Pressure (bar)   Constr. rmsd
   -1.44625e+06   -1.38170e+06    1.78222e+02    2.63859e+01    5.33911e-06

Writing checkpoint, step 60802040 at Mon Mar  2 06:26:01 2020


Writing checkpoint, step 61851650 at Mon Mar  2 06:41:01 2020


Writing checkpoint, step 62900430 at Mon Mar  2 06:56:01 2020


Writing checkpoint, step 63948840 at Mon Mar  2 07:11:01 2020


Writing checkpoint, step 64997200 at Mon Mar  2 07:26:01 2020


Writing checkpoint, step 66045690 at Mon Mar  2 07:41:01 2020


Writing checkpoint, step 67093560 at Mon Mar  2 07:56:01 2020


Writing checkpoint, step 68141300 at Mon Mar  2 08:11:01 2020


Writing checkpoint, step 69189810 at Mon Mar  2 08:26:01 2020


DD  step 69999999 load imb.: force 25.2%

           Step           Time
       70000000   140000.00000

   Energies (kJ/mol)
        LJ (SR)   Coulomb (SR)   Coul. recip.      Potential    Kinetic En.
    1.37136e+02   -1.02903e+06   -4.39452e+05   -1.46834e+06    2.24837e+04
   Total Energy  Conserved En.    Temperature Pressure (bar)   Constr. rmsd
   -1.44586e+06   -1.37298e+06    1.80296e+02    3.48265e+01    5.41233e-06

Writing checkpoint, step 70238300 at Mon Mar  2 08:41:01 2020


Writing checkpoint, step 71286830 at Mon Mar  2 08:56:01 2020


Writing checkpoint, step 72336010 at Mon Mar  2 09:11:01 2020


Writing checkpoint, step 73384740 at Mon Mar  2 09:26:01 2020


Writing checkpoint, step 74434070 at Mon Mar  2 09:41:01 2020


Writing checkpoint, step 75482660 at Mon Mar  2 09:56:01 2020


Writing checkpoint, step 76530400 at Mon Mar  2 10:11:01 2020


Writing checkpoint, step 77579120 at Mon Mar  2 10:26:01 2020


Writing checkpoint, step 78628320 at Mon Mar  2 10:41:01 2020


Writing checkpoint, step 79676930 at Mon Mar  2 10:56:01 2020


DD  step 79999999 load imb.: force 21.8%

           Step           Time
       80000000   160000.00000

   Energies (kJ/mol)
        LJ (SR)   Coulomb (SR)   Coul. recip.      Potential    Kinetic En.
    1.48460e+02   -1.02907e+06   -4.39447e+05   -1.46837e+06    2.24068e+04
   Total Energy  Conserved En.    Temperature Pressure (bar)   Constr. rmsd
   -1.44596e+06   -1.36447e+06    1.79679e+02    3.64602e+01    5.46537e-06

Writing checkpoint, step 80725500 at Mon Mar  2 11:11:01 2020


Writing checkpoint, step 81774270 at Mon Mar  2 11:26:01 2020


Writing checkpoint, step 82824180 at Mon Mar  2 11:41:01 2020


Writing checkpoint, step 83873320 at Mon Mar  2 11:56:01 2020


Writing checkpoint, step 84921860 at Mon Mar  2 12:11:01 2020


Writing checkpoint, step 85970740 at Mon Mar  2 12:26:01 2020


Writing checkpoint, step 87019640 at Mon Mar  2 12:41:01 2020


Writing checkpoint, step 88067970 at Mon Mar  2 12:56:01 2020


Writing checkpoint, step 89113800 at Mon Mar  2 13:11:01 2020


DD  step 89999999 load imb.: force 20.5%

           Step           Time
       90000000   180000.00000

   Energies (kJ/mol)
        LJ (SR)   Coulomb (SR)   Coul. recip.      Potential    Kinetic En.
    1.26209e+02   -1.02906e+06   -4.39468e+05   -1.46840e+06    2.26521e+04
   Total Energy  Conserved En.    Temperature Pressure (bar)   Constr. rmsd
   -1.44575e+06   -1.35564e+06    1.81646e+02    3.11542e+01    5.30766e-06

Writing checkpoint, step 90161810 at Mon Mar  2 13:26:01 2020


Writing checkpoint, step 91210430 at Mon Mar  2 13:41:01 2020


Writing checkpoint, step 92258940 at Mon Mar  2 13:56:01 2020


Writing checkpoint, step 93307690 at Mon Mar  2 14:11:01 2020


Writing checkpoint, step 94356550 at Mon Mar  2 14:26:01 2020


Writing checkpoint, step 95404550 at Mon Mar  2 14:41:01 2020


Writing checkpoint, step 96453780 at Mon Mar  2 14:56:01 2020


Writing checkpoint, step 97502720 at Mon Mar  2 15:11:01 2020


Writing checkpoint, step 98552530 at Mon Mar  2 15:26:01 2020


Writing checkpoint, step 99602720 at Mon Mar  2 15:41:01 2020


DD  step 99999999 load imb.: force 28.5%

           Step           Time
      100000000   200000.00000

Writing checkpoint, step 100000000 at Mon Mar  2 15:46:42 2020




-----------------------------------------------------------
Restarting from checkpoint, appending to previous log file.

Log file opened on Sat Apr  4 18:09:25 2020
Host: r3i1n2  pid: 22737  rank ID: 0  number of ranks:  32
                        :-) GROMACS - mdrun, 2016.1 (-:

Executable:   /sw/sdev/Modules/gromacs/gromacs-2016.1/bin/mdrun
Data prefix:  /sw/sdev/Modules/gromacs/gromacs-2016.1
Working dir:  /work/pousaneh/Field-Big/0.377/a2/V11
Command line:
  mdrun -s NVT_F.tpr -deffnm NVT_F -append -cpi NVT_F.cpt -table Table_HS_modif.xvg

GROMACS version:    2016.1
Precision:          single
Memory model:       64 bit
MPI library:        MPI
OpenMP support:     enabled (GMX_OPENMP_MAX_THREADS = 32)
GPU support:        disabled
SIMD instructions:  AVX_256
FFT library:        Intel MKL
RDTSCP usage:       disabled
TNG support:        enabled
Hwloc support:      disabled
Tracing support:    disabled
Built on:           Thu Jan 12 07:55:47 CET 2017
Built by:           vegarde@service0 [CMAKE]
Build OS/arch:      Linux 3.0.101-84-default x86_64
Build CPU vendor:   Unknown
Build CPU brand:    Unknown
Build CPU family:   0   Model: 0   Stepping: 0
Build CPU features: Unknown
C compiler:         /sw/sdev/Modules/intelcomp/17.0/bin/icc Intel 17.0.0.20160721
C compiler flags:    -mavx   -mkl=sequential  -std=gnu99  -O3 -xHost -DNDEBUG -ip -funroll-all-loops -alias-const -ansi-alias  
C++ compiler:       /sw/sdev/Modules/intelcomp/17.0/bin/icpc Intel 17.0.0.20160721
C++ compiler flags:  -mavx    -std=c++0x   -O3 -xHost -DNDEBUG -ip -funroll-all-loops -alias-const -ansi-alias  


Initializing Domain Decomposition on 32 ranks
Dynamic load balancing: auto
Guess for relative PME load: 0.90
Using 0 separate PME ranks, as guessed by mdrun
Scaling the initial minimum size with 1/0.8 (option -dds) = 1.25
Optimizing the DD grid for 32 cells with a minimum initial size of 0.000 nm
Domain decomposition grid 8 x 4 x 1, separate PME ranks 0
PME domain decomposition: 8 x 4 x 1
Domain decomposition rank 0, coordinates 0 0 0

The initial number of communication pulses is: X 1 Y 1
The initial domain decomposition cell size is: X 1.65 nm Y 3.30 nm

When dynamic load balancing gets turned on, these settings will change to:
The maximum number of communication pulses is: X 1 Y 1
The minimum size for domain decomposition cells is 0.900 nm
The requested allowed shrink of DD cells (option -dds) is: 0.80
The allowed shrink of domain decomposition cells is: X 0.55 Y 0.27
Using two step summing over 2 groups of on average 16.0 ranks

Using 32 MPI processes


NOTE: This file uses the deprecated 'group' cutoff_scheme. This will be
removed in a future release when 'verlet' supports all interaction forms.

Table routines are used for coulomb: false
Table routines are used for vdw:     true
Will do PME sum in reciprocal space for electrostatic interactions.

++++ PLEASE READ AND CITE THE FOLLOWING REFERENCE ++++
U. Essmann, L. Perera, M. L. Berkowitz, T. Darden, H. Lee and L. G. Pedersen 
A smooth particle mesh Ewald method
J. Chem. Phys. 103 (1995) pp. 8577-8592
-------- -------- --- Thank You --- -------- --------

Will do ordinary reciprocal space Ewald sum.
Using a Gaussian width (1/beta) of 0.288146 nm for Ewald
Cut-off's:   NS: 0.9   Coulomb: 0.9   LJ: 0.3479
System total charge: 0.000
Read user tables from Table_HS_modif.xvg with 1501 data points.
Tabscale = 500 points/nm
Generated table with 950 data points for Ewald.
Tabscale = 500 points/nm
Potential shift: LJ r^-12: 0.000e+00 r^-6: 0.000e+00, Ewald -0.000e+00
Initialized non-bonded Ewald correction tables, spacing: 8.85e-04 size: 2148


Non-default thread affinity set probably by the OpenMP library,
disabling internal thread affinity

Initializing LINear Constraint Solver

++++ PLEASE READ AND CITE THE FOLLOWING REFERENCE ++++
B. Hess and H. Bekker and H. J. C. Berendsen and J. G. E. M. Fraaije
LINCS: A Linear Constraint Solver for molecular simulations
J. Comp. Chem. 18 (1997) pp. 1463-1472
-------- -------- --- Thank You --- -------- --------

The number of constraints is 6000

Linking all bonded interactions to atoms

Intra-simulation communication will occur every 10 steps.
Center of mass motion removal mode is Linear
We have the following groups for center of mass motion removal:
  0:  rest
There are: 12000 Atoms
There are: 18000 VSites
Atom distribution over 32 domains: av 937 stddev 63 min 785 max 1065
Grid: 4 x 6 x 15 cells
Initial temperature: 178.272 K

Started mdrun on rank 0 Sat Apr  4 18:09:25 2020
           Step           Time
      100000000   200000.00000


   Energies (kJ/mol)
        LJ (SR)   Coulomb (SR)   Coul. recip.      Potential    Kinetic En.
    1.36187e+02   -1.02905e+06   -4.39468e+05   -1.46838e+06    2.22293e+04
   Total Energy  Conserved En.    Temperature Pressure (bar)   Constr. rmsd
   -1.44615e+06   -1.34689e+06    1.78256e+02    3.16732e+01    5.44550e-06

DD  step 100000009 load imb.: force 19.9%

DD  step 100499999 load imb.: force 20.6%

           Step           Time
      100500000   201000.00000

Writing checkpoint, step 100500000 at Sat Apr  4 18:19:07 2020




-----------------------------------------------------------
Restarting from checkpoint, appending to previous log file.

Log file opened on Sun Apr 12 17:41:22 2020
Host: r6i2n4  pid: 7390  rank ID: 0  number of ranks:  64
                        :-) GROMACS - mdrun, 2016.1 (-:

Executable:   /sw/sdev/Modules/gromacs/gromacs-2016.1/bin/mdrun
Data prefix:  /sw/sdev/Modules/gromacs/gromacs-2016.1
Working dir:  /work/pousaneh/Field-Big/0.377/a2/V11
Command line:
  mdrun -s NVT_F.tpr -deffnm NVT_F -append -cpi NVT_F.cpt -table Table_HS_modif.xvg

GROMACS version:    2016.1
Precision:          single
Memory model:       64 bit
MPI library:        MPI
OpenMP support:     enabled (GMX_OPENMP_MAX_THREADS = 32)
GPU support:        disabled
SIMD instructions:  AVX_256
FFT library:        Intel MKL
RDTSCP usage:       disabled
TNG support:        enabled
Hwloc support:      disabled
Tracing support:    disabled
Built on:           Thu Jan 12 07:55:47 CET 2017
Built by:           vegarde@service0 [CMAKE]
Build OS/arch:      Linux 3.0.101-84-default x86_64
Build CPU vendor:   Unknown
Build CPU brand:    Unknown
Build CPU family:   0   Model: 0   Stepping: 0
Build CPU features: Unknown
C compiler:         /sw/sdev/Modules/intelcomp/17.0/bin/icc Intel 17.0.0.20160721
C compiler flags:    -mavx   -mkl=sequential  -std=gnu99  -O3 -xHost -DNDEBUG -ip -funroll-all-loops -alias-const -ansi-alias  
C++ compiler:       /sw/sdev/Modules/intelcomp/17.0/bin/icpc Intel 17.0.0.20160721
C++ compiler flags:  -mavx    -std=c++0x   -O3 -xHost -DNDEBUG -ip -funroll-all-loops -alias-const -ansi-alias  


Initializing Domain Decomposition on 64 ranks
Dynamic load balancing: auto
Guess for relative PME load: 0.90
Using 0 separate PME ranks, as guessed by mdrun
Scaling the initial minimum size with 1/0.8 (option -dds) = 1.25
Optimizing the DD grid for 64 cells with a minimum initial size of 0.000 nm
Domain decomposition grid 8 x 8 x 1, separate PME ranks 0
PME domain decomposition: 8 x 8 x 1
Domain decomposition rank 0, coordinates 0 0 0

The initial number of communication pulses is: X 1 Y 1
The initial domain decomposition cell size is: X 1.65 nm Y 1.65 nm

When dynamic load balancing gets turned on, these settings will change to:
The maximum number of communication pulses is: X 1 Y 1
The minimum size for domain decomposition cells is 0.900 nm
The requested allowed shrink of DD cells (option -dds) is: 0.80
The allowed shrink of domain decomposition cells is: X 0.55 Y 0.55
Using two step summing over 4 groups of on average 16.0 ranks

Using 64 MPI processes


NOTE: This file uses the deprecated 'group' cutoff_scheme. This will be
removed in a future release when 'verlet' supports all interaction forms.

Table routines are used for coulomb: false
Table routines are used for vdw:     true
Will do PME sum in reciprocal space for electrostatic interactions.

++++ PLEASE READ AND CITE THE FOLLOWING REFERENCE ++++
U. Essmann, L. Perera, M. L. Berkowitz, T. Darden, H. Lee and L. G. Pedersen 
A smooth particle mesh Ewald method
J. Chem. Phys. 103 (1995) pp. 8577-8592
-------- -------- --- Thank You --- -------- --------

Will do ordinary reciprocal space Ewald sum.
Using a Gaussian width (1/beta) of 0.288146 nm for Ewald
Cut-off's:   NS: 0.9   Coulomb: 0.9   LJ: 0.3479
System total charge: 0.000
Read user tables from Table_HS_modif.xvg with 1501 data points.
Tabscale = 500 points/nm
Generated table with 950 data points for Ewald.
Tabscale = 500 points/nm
Potential shift: LJ r^-12: 0.000e+00 r^-6: 0.000e+00, Ewald -0.000e+00
Initialized non-bonded Ewald correction tables, spacing: 8.85e-04 size: 2148


Non-default thread affinity set probably by the OpenMP library,
disabling internal thread affinity

Initializing LINear Constraint Solver

++++ PLEASE READ AND CITE THE FOLLOWING REFERENCE ++++
B. Hess and H. Bekker and H. J. C. Berendsen and J. G. E. M. Fraaije
LINCS: A Linear Constraint Solver for molecular simulations
J. Comp. Chem. 18 (1997) pp. 1463-1472
-------- -------- --- Thank You --- -------- --------

The number of constraints is 6000

Linking all bonded interactions to atoms

Intra-simulation communication will occur every 10 steps.
Center of mass motion removal mode is Linear
We have the following groups for center of mass motion removal:
  0:  rest
There are: 12000 Atoms
There are: 18000 VSites
Atom distribution over 64 domains: av 468 stddev 47 min 385 max 560
Grid: 4 x 4 x 15 cells
Initial temperature: 178.936 K

Started mdrun on rank 0 Sun Apr 12 17:41:22 2020

DD  step 100500009 load imb.: force 20.4%

DD  step 100504999 load imb.: force 21.2%

           Step           Time
      100505000   201010.00000

Writing checkpoint, step 100505000 at Sun Apr 12 17:41:26 2020




-----------------------------------------------------------
Restarting from checkpoint, appending to previous log file.

Log file opened on Fri Apr 24 18:10:51 2020
Host: r4i6n10  pid: 14776  rank ID: 0  number of ranks:  64
                        :-) GROMACS - mdrun, 2016.1 (-:

Executable:   /sw/sdev/Modules/gromacs/gromacs-2016.1/bin/mdrun
Data prefix:  /sw/sdev/Modules/gromacs/gromacs-2016.1
Working dir:  /work/pousaneh/Field-Big/0.377/a2/V11
Command line:
  mdrun -s NVT_F.tpr -deffnm NVT_F -append -cpi NVT_F.cpt -table Table_HS_modif.xvg

GROMACS version:    2016.1
Precision:          single
Memory model:       64 bit
MPI library:        MPI
OpenMP support:     enabled (GMX_OPENMP_MAX_THREADS = 32)
GPU support:        disabled
SIMD instructions:  AVX_256
FFT library:        Intel MKL
RDTSCP usage:       disabled
TNG support:        enabled
Hwloc support:      disabled
Tracing support:    disabled
Built on:           Thu Jan 12 07:55:47 CET 2017
Built by:           vegarde@service0 [CMAKE]
Build OS/arch:      Linux 3.0.101-84-default x86_64
Build CPU vendor:   Unknown
Build CPU brand:    Unknown
Build CPU family:   0   Model: 0   Stepping: 0
Build CPU features: Unknown
C compiler:         /sw/sdev/Modules/intelcomp/17.0/bin/icc Intel 17.0.0.20160721
C compiler flags:    -mavx   -mkl=sequential  -std=gnu99  -O3 -xHost -DNDEBUG -ip -funroll-all-loops -alias-const -ansi-alias  
C++ compiler:       /sw/sdev/Modules/intelcomp/17.0/bin/icpc Intel 17.0.0.20160721
C++ compiler flags:  -mavx    -std=c++0x   -O3 -xHost -DNDEBUG -ip -funroll-all-loops -alias-const -ansi-alias  


Initializing Domain Decomposition on 64 ranks
Dynamic load balancing: auto
Domain decomposition grid 8 x 8 x 1, separate PME ranks 0
PME domain decomposition: 8 x 8 x 1
Domain decomposition rank 0, coordinates 0 0 0

The initial number of communication pulses is: X 1 Y 1
The initial domain decomposition cell size is: X 1.65 nm Y 1.65 nm

When dynamic load balancing gets turned on, these settings will change to:
The maximum number of communication pulses is: X 1 Y 1
The minimum size for domain decomposition cells is 0.900 nm
The requested allowed shrink of DD cells (option -dds) is: 0.80
The allowed shrink of domain decomposition cells is: X 0.55 Y 0.55
Using two step summing over 4 groups of on average 16.0 ranks

Using 64 MPI processes


NOTE: This file uses the deprecated 'group' cutoff_scheme. This will be
removed in a future release when 'verlet' supports all interaction forms.

Table routines are used for coulomb: false
Table routines are used for vdw:     true
Will do PME sum in reciprocal space for electrostatic interactions.

++++ PLEASE READ AND CITE THE FOLLOWING REFERENCE ++++
U. Essmann, L. Perera, M. L. Berkowitz, T. Darden, H. Lee and L. G. Pedersen 
A smooth particle mesh Ewald method
J. Chem. Phys. 103 (1995) pp. 8577-8592
-------- -------- --- Thank You --- -------- --------

Will do ordinary reciprocal space Ewald sum.
Using a Gaussian width (1/beta) of 0.288146 nm for Ewald
Cut-off's:   NS: 0.9   Coulomb: 0.9   LJ: 0.3479
System total charge: 0.000
Read user tables from Table_HS_modif.xvg with 1501 data points.
Tabscale = 500 points/nm
Generated table with 950 data points for Ewald.
Tabscale = 500 points/nm
Potential shift: LJ r^-12: 0.000e+00 r^-6: 0.000e+00, Ewald -0.000e+00
Initialized non-bonded Ewald correction tables, spacing: 8.85e-04 size: 2148


Non-default thread affinity set probably by the OpenMP library,
disabling internal thread affinity

Initializing LINear Constraint Solver

++++ PLEASE READ AND CITE THE FOLLOWING REFERENCE ++++
B. Hess and H. Bekker and H. J. C. Berendsen and J. G. E. M. Fraaije
LINCS: A Linear Constraint Solver for molecular simulations
J. Comp. Chem. 18 (1997) pp. 1463-1472
-------- -------- --- Thank You --- -------- --------

The number of constraints is 6000

Linking all bonded interactions to atoms

Intra-simulation communication will occur every 10 steps.
Center of mass motion removal mode is Linear
We have the following groups for center of mass motion removal:
  0:  rest
There are: 12000 Atoms
There are: 18000 VSites
Atom distribution over 64 domains: av 468 stddev 49 min 375 max 575
Grid: 4 x 4 x 15 cells
Initial temperature: 177.646 K

Started mdrun on rank 0 Fri Apr 24 18:10:52 2020

DD  step 100505009 load imb.: force 21.9%

DD  step 100509999 load imb.: force 26.4%

           Step           Time
      100510000   201020.00000

Writing checkpoint, step 100510000 at Fri Apr 24 18:10:56 2020


   811.620     0.1
 Lincs                                   30.006000        1800.360     0.2
 Constraint-V                            60.012000         480.096     0.0
 Constraint-Vir                           0.306000           7.344     0.0
 Virtual Site 2                          90.936000        2091.528     0.2
-----------------------------------------------------------------------------
 Total                                                 1083783.416   100.0
-----------------------------------------------------------------------------


    D O M A I N   D E C O M P O S I T I O N   S T A T I S T I C S

 av. #atoms communicated per step for force:  2 x 39908.4

 Average load imbalance: 24.8 %
 Part of the total run time spent waiting due to load imbalance: 0.9 %


     R E A L   C Y C L E   A N D   T I M E   A C C O U N T I N G

On 64 MPI ranks

 Computing:          Num   Num      Call    Wall time         Giga-Cycles
                     Ranks Threads  Count      (s)         total sum    %
-----------------------------------------------------------------------------
 Domain decomp.        64    1        500       0.082         13.700   1.8
 DD comm. load         64    1          7       0.000          0.009   0.0
 Vsite constr.         64    1       5001       0.020          3.246   0.4
 Neighbor search       64    1        501       0.073         12.151   1.6
 Comm. coord.          64    1       5001       0.077         12.764   1.7
 Force                 64    1       5001       0.203         33.772   4.5
 Wait + Comm. F        64    1       5001       0.070         11.676   1.6
 PME mesh              64    1       5001       3.725        619.892  82.8
 Vsite spread          64    1       5052       0.022          3.631   0.5
 Write traj.           64    1          1       0.003          0.530   0.1
 Update                64    1       5001       0.035          5.842   0.8
 Constraints           64    1       5001       0.037          6.237   0.8
 Comm. energies        64    1        501       0.122         20.239   2.7
 Rest                                           0.032          5.405   0.7
-----------------------------------------------------------------------------
 Total                                          4.502        749.093 100.0
-----------------------------------------------------------------------------
 Breakdown of PME mesh computation
-----------------------------------------------------------------------------
 PME redist. X/F       64    1      10002       0.335         55.765   7.4
 PME spread/gather     64    1      10002       0.621        103.310  13.8
 PME 3D-FFT            64    1      10002       0.871        144.970  19.4
 PME 3D-FFT Comm.      64    1      20004       1.771        294.732  39.3
 PME solve Elec        64    1       5001       0.114         19.027   2.5
-----------------------------------------------------------------------------

               Core t (s)   Wall t (s)        (%)
       Time:      288.097        4.502     6400.0
                 (ns/day)    (hour/ns)
Performance:      191.974        0.125
Finished mdrun on rank 0 Sun Apr 12 17:41:26 2020
   Energies (kJ/mol)
        LJ (SR)   Coulomb (SR)   Coul. recip.      Potential    Kinetic En.
    1.47490e+02   -1.02904e+06   -4.39423e+05   -1.46832e+06    2.25420e+04
   Total Energy  Conserved En.    Temperature Pressure (bar)   Constr. rmsd
   -1.44578e+06   -1.34651e+06    1.80763e+02    3.71956e+01    5.40271e-06

	<======  ###############  ==>
	<====  A V E R A G E S  ====>
	<==  ###############  ======>

	Statistics over 100510001 steps using 1005101 frames

   Energies (kJ/mol)
        LJ (SR)   Coulomb (SR)   Coul. recip.      Potential    Kinetic En.
    1.32162e+02   -1.02907e+06   -4.39474e+05   -1.46842e+06    2.24223e+04
   Total Energy  Conserved En.    Temperature Pressure (bar)   Constr. rmsd
   -1.44599e+06   -1.39034e+06    1.79804e+02    3.23076e+01    0.00000e+00

   Total Virial (kJ/mol)
    8.01545e+03   -1.07712e-01   -2.70742e-01
   -1.07874e-01    3.86223e+03   -6.36819e-01
   -2.70758e-01   -6.36877e-01    3.86225e+03

   Pressure (bar)
   -1.90832e+01   -2.62042e-03    5.92629e-03
   -2.61807e-03    5.80048e+01    6.66489e-03
    5.92653e-03    6.66572e-03    5.80011e+01


	M E G A - F L O P S   A C C O U N T I N G

 NB=Group-cutoff nonbonded kernels    NxN=N-by-N cluster Verlet kernels
 RF=Reaction-Field  VdW=Van der Waals  QSTab=quadratic-spline table
 W3=SPC/TIP3p  W4=TIP4p (single or pairs)
 V&F=Potential and force  V=Potential only  F=Force only

 Computing:                               M-Number         M-Flops  % Flops
-----------------------------------------------------------------------------
 NB VdW [V&F]                           155.894561         155.895     0.0
 NB VdW [F]                           13011.737214       13011.737     1.2
 NB Elec. [V&F]                         657.453256         657.453     0.1
 NB Elec. [F]                         42905.906347       42905.906     4.0
 Calc Weights                           450.090000       16203.240     1.5
 Spread Q Bspline                      9601.920000       19203.840     1.8
 Gather F Bspline                      9601.920000       57611.520     5.3
 3D-FFT                              113685.292512      909482.340    83.9
 Solve PME                              282.296448       18066.973     1.7
 NS-Pairs                                56.340052        1183.141     0.1
 Reset In Box                             3.000000           9.000     0.0
 CG-CoM                                  15.030000          45.090     0.0
 Virial                                   1.676880          30.184     0.0
 Stop-CM                                  1.530000          15.300     0.0
 Calc-Ekin                               30.060000         811.620     0.1
 Lincs                                   30.006000        1800.360     0.2
 Constraint-V                            60.012000         480.096     0.0
 Constraint-Vir                           0.306000           7.344     0.0
 Virtual Site 2                          90.936000        2091.528     0.2
-----------------------------------------------------------------------------
 Total                                                 1083772.567   100.0
-----------------------------------------------------------------------------


    D O M A I N   D E C O M P O S I T I O N   S T A T I S T I C S

 av. #atoms communicated per step for force:  2 x 40002.3

 Average load imbalance: 24.5 %
 Part of the total run time spent waiting due to load imbalance: 0.9 %


     R E A L   C Y C L E   A N D   T I M E   A C C O U N T I N G

On 64 MPI ranks

 Computing:          Num   Num      Call    Wall time         Giga-Cycles
                     Ranks Threads  Count      (s)         total sum    %
-----------------------------------------------------------------------------
 Domain decomp.        64    1        500       0.080         13.337   1.8
 DD comm. load         64    1          7       0.000          0.009   0.0
 Vsite constr.         64    1       5001       0.020          3.248   0.4
 Neighbor search       64    1        501       0.073         12.143   1.6
 Comm. coord.          64    1       5001       0.075         12.422   1.7
 Force                 64    1       5001       0.203         33.769   4.5
 Wait + Comm. F        64    1       5001       0.070         11.630   1.6
 PME mesh              64    1       5001       3.706        616.685  82.4
 Vsite spread          64    1       5052       0.022          3.611   0.5
 Write traj.           64    1          1       0.003          0.581   0.1
 Update                64    1       5001       0.035          5.803   0.8
 Constraints           64    1       5001       0.037          6.195   0.8
 Comm. energies        64    1        501       0.142         23.653   3.2
 Rest                                           0.032          5.251   0.7
-----------------------------------------------------------------------------
 Total                                          4.497        748.336 100.0
-----------------------------------------------------------------------------
 Breakdown of PME mesh computation
-----------------------------------------------------------------------------
 PME redist. X/F       64    1      10002       0.319         53.112   7.1
 PME spread/gather     64    1      10002       0.618        102.770  13.7
 PME 3D-FFT            64    1      10002       0.868        144.519  19.3
 PME 3D-FFT Comm.      64    1      20004       1.774        295.152  39.4
 PME solve Elec        64    1       5001       0.114         19.018   2.5
-----------------------------------------------------------------------------

               Core t (s)   Wall t (s)        (%)
       Time:      287.813        4.497     6400.0
                 (ns/day)    (hour/ns)
Performance:      192.163        0.125
Finished mdrun on rank 0 Fri Apr 24 18:10:56 2020
