Log file opened on Fri Apr 24 18:10:57 2020
Host: r4i6n10  pid: 14855  rank ID: 0  number of ranks:  64
                        :-) GROMACS - mdrun, 2016.1 (-:

                            GROMACS is written by:
     Emile Apol      Rossen Apostolov  Herman J.C. Berendsen    Par Bjelkmar   
 Aldert van Buuren   Rudi van Drunen     Anton Feenstra    Gerrit Groenhof  
 Christoph Junghans   Anca Hamuraru    Vincent Hindriksen Dimitrios Karkoulis
    Peter Kasson        Jiri Kraus      Carsten Kutzner      Per Larsson    
  Justin A. Lemkul   Magnus Lundborg   Pieter Meulenhoff    Erik Marklund   
   Teemu Murtola       Szilard Pall       Sander Pronk      Roland Schulz   
  Alexey Shvetsov     Michael Shirts     Alfons Sijbers     Peter Tieleman  
  Teemu Virolainen  Christian Wennberg    Maarten Wolf   
                           and the project leaders:
        Mark Abraham, Berk Hess, Erik Lindahl, and David van der Spoel

Copyright (c) 1991-2000, University of Groningen, The Netherlands.
Copyright (c) 2001-2015, The GROMACS development team at
Uppsala University, Stockholm University and
the Royal Institute of Technology, Sweden.
check out http://www.gromacs.org for more information.

GROMACS is free software; you can redistribute it and/or modify it
under the terms of the GNU Lesser General Public License
as published by the Free Software Foundation; either version 2.1
of the License, or (at your option) any later version.

GROMACS:      mdrun, version 2016.1
Executable:   /sw/sdev/Modules/gromacs/gromacs-2016.1/bin/mdrun
Data prefix:  /sw/sdev/Modules/gromacs/gromacs-2016.1
Working dir:  /work/pousaneh/Field-Big/0.377/a2/V11
Command line:
  mdrun -s NVT_vis.tpr -deffnm NVT_vis -table Table_HS_modif.xvg

GROMACS version:    2016.1
Precision:          single
Memory model:       64 bit
MPI library:        MPI
OpenMP support:     enabled (GMX_OPENMP_MAX_THREADS = 32)
GPU support:        disabled
SIMD instructions:  AVX_256
FFT library:        Intel MKL
RDTSCP usage:       disabled
TNG support:        enabled
Hwloc support:      disabled
Tracing support:    disabled
Built on:           Thu Jan 12 07:55:47 CET 2017
Built by:           vegarde@service0 [CMAKE]
Build OS/arch:      Linux 3.0.101-84-default x86_64
Build CPU vendor:   Unknown
Build CPU brand:    Unknown
Build CPU family:   0   Model: 0   Stepping: 0
Build CPU features: Unknown
C compiler:         /sw/sdev/Modules/intelcomp/17.0/bin/icc Intel 17.0.0.20160721
C compiler flags:    -mavx   -mkl=sequential  -std=gnu99  -O3 -xHost -DNDEBUG -ip -funroll-all-loops -alias-const -ansi-alias  
C++ compiler:       /sw/sdev/Modules/intelcomp/17.0/bin/icpc Intel 17.0.0.20160721
C++ compiler flags:  -mavx    -std=c++0x   -O3 -xHost -DNDEBUG -ip -funroll-all-loops -alias-const -ansi-alias  


Running on 4 nodes with total 64 cores, 128 logical cores
  Cores per node:           16
  Logical cores per node:   32
Hardware detected on host r4i6n10 (the node of MPI rank 0):
  CPU info:
    Vendor: Intel
    Brand:  Intel(R) Xeon(R) CPU E5-2670 0 @ 2.60GHz
    Family: 6   Model: 45   Stepping: 6
    Features: aes apic avx clfsh cmov cx8 cx16 htt lahf mmx msr nonstop_tsc pcid pclmuldq pdcm pdpe1gb popcnt pse rdtscp sse2 sse3 sse4.1 sse4.2 ssse3 tdt x2apic
    SIMD instructions most likely to fit this hardware: AVX_256
    SIMD instructions selected at GROMACS compile time: AVX_256

  Hardware topology: Basic
    Sockets, cores, and logical processors:
      Socket  0: [   0  16] [   1  17] [   2  18] [   3  19] [   4  20] [   5  21] [   6  22] [   7  23]
      Socket  1: [   8  24] [   9  25] [  10  26] [  11  27] [  12  28] [  13  29] [  14  30] [  15  31]


The current CPU can measure timings more accurately than the code in
mdrun was configured to use. This might affect your simulation
speed as accurate timings are needed for load-balancing.
Please consider rebuilding mdrun with the GMX_USE_RDTSCP=ON CMake option.


++++ PLEASE READ AND CITE THE FOLLOWING REFERENCE ++++
M. J. Abraham, T. Murtola, R. Schulz, S. Páll, J. C. Smith, B. Hess, E.
Lindahl
GROMACS: High performance molecular simulations through multi-level
parallelism from laptops to supercomputers
SoftwareX 1 (2015) pp. 19-25
-------- -------- --- Thank You --- -------- --------


++++ PLEASE READ AND CITE THE FOLLOWING REFERENCE ++++
S. Páll, M. J. Abraham, C. Kutzner, B. Hess, E. Lindahl
Tackling Exascale Software Challenges in Molecular Dynamics Simulations with
GROMACS
In S. Markidis & E. Laure (Eds.), Solving Software Challenges for Exascale 8759 (2015) pp. 3-27
-------- -------- --- Thank You --- -------- --------


++++ PLEASE READ AND CITE THE FOLLOWING REFERENCE ++++
S. Pronk, S. Páll, R. Schulz, P. Larsson, P. Bjelkmar, R. Apostolov, M. R.
Shirts, J. C. Smith, P. M. Kasson, D. van der Spoel, B. Hess, and E. Lindahl
GROMACS 4.5: a high-throughput and highly parallel open source molecular
simulation toolkit
Bioinformatics 29 (2013) pp. 845-54
-------- -------- --- Thank You --- -------- --------


++++ PLEASE READ AND CITE THE FOLLOWING REFERENCE ++++
B. Hess and C. Kutzner and D. van der Spoel and E. Lindahl
GROMACS 4: Algorithms for highly efficient, load-balanced, and scalable
molecular simulation
J. Chem. Theory Comput. 4 (2008) pp. 435-447
-------- -------- --- Thank You --- -------- --------


++++ PLEASE READ AND CITE THE FOLLOWING REFERENCE ++++
D. van der Spoel, E. Lindahl, B. Hess, G. Groenhof, A. E. Mark and H. J. C.
Berendsen
GROMACS: Fast, Flexible and Free
J. Comp. Chem. 26 (2005) pp. 1701-1719
-------- -------- --- Thank You --- -------- --------


++++ PLEASE READ AND CITE THE FOLLOWING REFERENCE ++++
E. Lindahl and B. Hess and D. van der Spoel
GROMACS 3.0: A package for molecular simulation and trajectory analysis
J. Mol. Mod. 7 (2001) pp. 306-317
-------- -------- --- Thank You --- -------- --------


++++ PLEASE READ AND CITE THE FOLLOWING REFERENCE ++++
H. J. C. Berendsen, D. van der Spoel and R. van Drunen
GROMACS: A message-passing parallel molecular dynamics implementation
Comp. Phys. Comm. 91 (1995) pp. 43-56
-------- -------- --- Thank You --- -------- --------

Input Parameters:
   integrator                     = md
   tinit                          = 0
   dt                             = 0.002
   nsteps                         = 80000000
   init-step                      = 0
   simulation-part                = 1
   comm-mode                      = Linear
   nstcomm                        = 100
   bd-fric                        = 0
   ld-seed                        = -1534779231
   emtol                          = 10
   emstep                         = 0.01
   niter                          = 20
   fcstep                         = 0
   nstcgsteep                     = 1000
   nbfgscorr                      = 10
   rtpi                           = 0.05
   nstxout                        = 500
   nstvout                        = 500
   nstfout                        = 0
   nstlog                         = 1000000
   nstcalcenergy                  = 100
   nstenergy                      = 100000
   nstxout-compressed             = 1000000
   compressed-x-precision         = 1000
   cutoff-scheme                  = Group
   nstlist                        = 5
   ns-type                        = Grid
   pbc                            = xyz
   periodic-molecules             = false
   verlet-buffer-tolerance        = 0.005
   rlist                          = 0.9
   coulombtype                    = PME
   coulomb-modifier               = None
   rcoulomb-switch                = 0
   rcoulomb                       = 0.9
   epsilon-r                      = 1
   epsilon-rf                     = inf
   vdw-type                       = User
   vdw-modifier                   = None
   rvdw-switch                    = 0
   rvdw                           = 0.3479
   DispCorr                       = No
   table-extension                = 1
   fourierspacing                 = 0.16
   fourier-nx                     = 84
   fourier-ny                     = 84
   fourier-nz                     = 84
   pme-order                      = 4
   ewald-rtol                     = 1e-05
   ewald-rtol-lj                  = 0.001
   lj-pme-comb-rule               = Geometric
   ewald-geometry                 = 0
   epsilon-surface                = 0
   implicit-solvent               = No
   gb-algorithm                   = Still
   nstgbradii                     = 1
   rgbradii                       = 1
   gb-epsilon-solvent             = 80
   gb-saltconc                    = 0
   gb-obc-alpha                   = 1
   gb-obc-beta                    = 0.8
   gb-obc-gamma                   = 4.85
   gb-dielectric-offset           = 0.009
   sa-algorithm                   = Ace-approximation
   sa-surface-tension             = 2.05016
   tcoupl                         = Berendsen
   nsttcouple                     = 5
   nh-chain-length                = 0
   print-nose-hoover-chain-variables = false
   pcoupl                         = No
   pcoupltype                     = Isotropic
   nstpcouple                     = -1
   tau-p                          = 1
   compressibility (3x3):
      compressibility[    0]={ 0.00000e+00,  0.00000e+00,  0.00000e+00}
      compressibility[    1]={ 0.00000e+00,  0.00000e+00,  0.00000e+00}
      compressibility[    2]={ 0.00000e+00,  0.00000e+00,  0.00000e+00}
   ref-p (3x3):
      ref-p[    0]={ 0.00000e+00,  0.00000e+00,  0.00000e+00}
      ref-p[    1]={ 0.00000e+00,  0.00000e+00,  0.00000e+00}
      ref-p[    2]={ 0.00000e+00,  0.00000e+00,  0.00000e+00}
   refcoord-scaling               = No
   posres-com (3):
      posres-com[0]= 0.00000e+00
      posres-com[1]= 0.00000e+00
      posres-com[2]= 0.00000e+00
   posres-comB (3):
      posres-comB[0]= 0.00000e+00
      posres-comB[1]= 0.00000e+00
      posres-comB[2]= 0.00000e+00
   QMMM                           = false
   QMconstraints                  = 0
   QMMMscheme                     = 0
   MMChargeScaleFactor            = 1
qm-opts:
   ngQM                           = 0
   constraint-algorithm           = Lincs
   continuation                   = true
   Shake-SOR                      = false
   shake-tol                      = 0.0001
   lincs-order                    = 4
   lincs-iter                     = 1
   lincs-warnangle                = 30
   nwall                          = 0
   wall-type                      = 9-3
   wall-r-linpot                  = -1
   wall-atomtype[0]               = -1
   wall-atomtype[1]               = -1
   wall-density[0]                = 0
   wall-density[1]                = 0
   wall-ewald-zfac                = 3
   pull                           = false
   rotation                       = false
   interactiveMD                  = false
   disre                          = No
   disre-weighting                = Conservative
   disre-mixed                    = false
   dr-fc                          = 1000
   dr-tau                         = 0
   nstdisreout                    = 100
   orire-fc                       = 0
   orire-tau                      = 0
   nstorireout                    = 100
   free-energy                    = no
   cos-acceleration               = 0
   deform (3x3):
      deform[    0]={ 0.00000e+00,  0.00000e+00,  0.00000e+00}
      deform[    1]={ 0.00000e+00,  0.00000e+00,  0.00000e+00}
      deform[    2]={ 0.00000e+00,  0.00000e+00,  0.00000e+00}
   simulated-tempering            = false
   E-x:
      n = 1
        a = 1.055000e+00
        phi = 0.000000e+00
   E-xt:
      n = 0
   E-y:
      n = 0
   E-yt:
      n = 0
   E-z:
      n = 0
   E-zt:
      n = 0
   swapcoords                     = no
   userint1                       = 0
   userint2                       = 0
   userint3                       = 0
   userint4                       = 0
   userreal1                      = 0
   userreal2                      = 0
   userreal3                      = 0
   userreal4                      = 0
grpopts:
   nrdf:       29997
   ref-t:       179.8
   tau-t:          20
annealing:          No
annealing-npoints:           0
   acc:	           0           0           0
   nfreeze:           N           N           N
   energygrp-flags[  0]: 0


Initializing Domain Decomposition on 64 ranks
Dynamic load balancing: auto
Guess for relative PME load: 0.90
Using 0 separate PME ranks, as guessed by mdrun
Scaling the initial minimum size with 1/0.8 (option -dds) = 1.25
Optimizing the DD grid for 64 cells with a minimum initial size of 0.000 nm
Domain decomposition grid 8 x 8 x 1, separate PME ranks 0
PME domain decomposition: 8 x 8 x 1
Domain decomposition rank 0, coordinates 0 0 0

The initial number of communication pulses is: X 1 Y 1
The initial domain decomposition cell size is: X 1.65 nm Y 1.65 nm

When dynamic load balancing gets turned on, these settings will change to:
The maximum number of communication pulses is: X 1 Y 1
The minimum size for domain decomposition cells is 0.900 nm
The requested allowed shrink of DD cells (option -dds) is: 0.80
The allowed shrink of domain decomposition cells is: X 0.55 Y 0.55
Using two step summing over 4 groups of on average 16.0 ranks

Using 64 MPI processes


NOTE: This file uses the deprecated 'group' cutoff_scheme. This will be
removed in a future release when 'verlet' supports all interaction forms.

Table routines are used for coulomb: false
Table routines are used for vdw:     true
Will do PME sum in reciprocal space for electrostatic interactions.

++++ PLEASE READ AND CITE THE FOLLOWING REFERENCE ++++
U. Essmann, L. Perera, M. L. Berkowitz, T. Darden, H. Lee and L. G. Pedersen 
A smooth particle mesh Ewald method
J. Chem. Phys. 103 (1995) pp. 8577-8592
-------- -------- --- Thank You --- -------- --------

Will do ordinary reciprocal space Ewald sum.
Using a Gaussian width (1/beta) of 0.288146 nm for Ewald
Cut-off's:   NS: 0.9   Coulomb: 0.9   LJ: 0.3479
System total charge: 0.000
Read user tables from Table_HS_modif.xvg with 1501 data points.
Tabscale = 500 points/nm
Generated table with 950 data points for Ewald.
Tabscale = 500 points/nm
Potential shift: LJ r^-12: 0.000e+00 r^-6: 0.000e+00, Ewald -0.000e+00
Initialized non-bonded Ewald correction tables, spacing: 8.85e-04 size: 2148


Non-default thread affinity set probably by the OpenMP library,
disabling internal thread affinity

Initializing LINear Constraint Solver

++++ PLEASE READ AND CITE THE FOLLOWING REFERENCE ++++
B. Hess and H. Bekker and H. J. C. Berendsen and J. G. E. M. Fraaije
LINCS: A Linear Constraint Solver for molecular simulations
J. Comp. Chem. 18 (1997) pp. 1463-1472
-------- -------- --- Thank You --- -------- --------

The number of constraints is 6000

Linking all bonded interactions to atoms

Intra-simulation communication will occur every 5 steps.
Center of mass motion removal mode is Linear
We have the following groups for center of mass motion removal:
  0:  rest

++++ PLEASE READ AND CITE THE FOLLOWING REFERENCE ++++
H. J. C. Berendsen, J. P. M. Postma, A. DiNola and J. R. Haak
Molecular dynamics with coupling to an external bath
J. Chem. Phys. 81 (1984) pp. 3684-3690
-------- -------- --- Thank You --- -------- --------

There are: 12000 Atoms
There are: 18000 VSites
Atom distribution over 64 domains: av 468 stddev 48 min 355 max 570
Grid: 4 x 4 x 15 cells
Initial temperature: 180.76 K

Started mdrun on rank 0 Fri Apr 24 18:10:57 2020
           Step           Time
              0        0.00000


   Energies (kJ/mol)
        LJ (SR)   Coulomb (SR)   Coul. recip.      Potential    Kinetic En.
    1.47490e+02   -1.02904e+06   -4.39423e+05   -1.46832e+06    2.25420e+04
   Total Energy    Temperature Pressure (bar)   Constr. rmsd
   -1.44578e+06    1.80763e+02    3.71956e+01    5.40271e-06

DD  step 4 load imb.: force 36.4%

Writing checkpoint, step 978360 at Fri Apr 24 18:25:57 2020


DD  step 999999 load imb.: force 27.0%

           Step           Time
        1000000     2000.00000

   Energies (kJ/mol)
        LJ (SR)   Coulomb (SR)   Coul. recip.      Potential    Kinetic En.
    1.52710e+02   -1.02910e+06   -4.39538e+05   -1.46849e+06    2.25809e+04
   Total Energy    Temperature Pressure (bar)   Constr. rmsd
   -1.44591e+06    1.81076e+02    3.86096e+01    5.44511e-06

Writing checkpoint, step 1958315 at Fri Apr 24 18:40:57 2020


DD  step 1999999 load imb.: force 24.1%

           Step           Time
        2000000     4000.00000

   Energies (kJ/mol)
        LJ (SR)   Coulomb (SR)   Coul. recip.      Potential    Kinetic En.
    1.23628e+02   -1.02901e+06   -4.39452e+05   -1.46834e+06    2.23288e+04
   Total Energy    Temperature Pressure (bar)   Constr. rmsd
   -1.44601e+06    1.79054e+02    3.06451e+01    5.45988e-06

Writing checkpoint, step 2938285 at Fri Apr 24 18:55:57 2020


DD  step 2999999 load imb.: force 21.9%

           Step           Time
        3000000     6000.00000

   Energies (kJ/mol)
        LJ (SR)   Coulomb (SR)   Coul. recip.      Potential    Kinetic En.
    1.48951e+02   -1.02914e+06   -4.39488e+05   -1.46848e+06    2.24712e+04
   Total Energy    Temperature Pressure (bar)   Constr. rmsd
   -1.44601e+06    1.80196e+02    3.75537e+01    5.48890e-06

Writing checkpoint, step 3919275 at Fri Apr 24 19:10:57 2020


DD  step 3999999 load imb.: force 22.8%

           Step           Time
        4000000     8000.00000

   Energies (kJ/mol)
        LJ (SR)   Coulomb (SR)   Coul. recip.      Potential    Kinetic En.
    1.38200e+02   -1.02913e+06   -4.39504e+05   -1.46850e+06    2.24821e+04
   Total Energy    Temperature Pressure (bar)   Constr. rmsd
   -1.44601e+06    1.80283e+02    3.32165e+01    5.36304e-06

Writing checkpoint, step 4899965 at Fri Apr 24 19:25:57 2020


DD  step 4999999 load imb.: force 22.0%

           Step           Time
        5000000    10000.00000

   Energies (kJ/mol)
        LJ (SR)   Coulomb (SR)   Coul. recip.      Potential    Kinetic En.
    1.36166e+02   -1.02916e+06   -4.39501e+05   -1.46853e+06    2.24913e+04
   Total Energy    Temperature Pressure (bar)   Constr. rmsd
   -1.44604e+06    1.80357e+02    3.39590e+01    5.38719e-06

Writing checkpoint, step 5881200 at Fri Apr 24 19:40:57 2020


DD  step 5999999 load imb.: force 25.9%

           Step           Time
        6000000    12000.00000

   Energies (kJ/mol)
        LJ (SR)   Coulomb (SR)   Coul. recip.      Potential    Kinetic En.
    1.32090e+02   -1.02913e+06   -4.39557e+05   -1.46856e+06    2.26533e+04
   Total Energy    Temperature Pressure (bar)   Constr. rmsd
   -1.44590e+06    1.81656e+02    3.16987e+01    5.48415e-06

Writing checkpoint, step 6862385 at Fri Apr 24 19:55:57 2020


DD  step 6999999 load imb.: force 22.4%

           Step           Time
        7000000    14000.00000

   Energies (kJ/mol)
        LJ (SR)   Coulomb (SR)   Coul. recip.      Potential    Kinetic En.
    1.06214e+02   -1.02915e+06   -4.39512e+05   -1.46855e+06    2.25285e+04
   Total Energy    Temperature Pressure (bar)   Constr. rmsd
   -1.44603e+06    1.80655e+02    2.60039e+01    5.40463e-06

Writing checkpoint, step 7843705 at Fri Apr 24 20:10:57 2020


DD  step 7999999 load imb.: force 21.1%

           Step           Time
        8000000    16000.00000

   Energies (kJ/mol)
        LJ (SR)   Coulomb (SR)   Coul. recip.      Potential    Kinetic En.
    1.37339e+02   -1.02905e+06   -4.39556e+05   -1.46846e+06    2.23839e+04
   Total Energy    Temperature Pressure (bar)   Constr. rmsd
   -1.44608e+06    1.79496e+02    3.40671e+01    5.55041e-06

Writing checkpoint, step 8825215 at Fri Apr 24 20:25:57 2020


DD  step 8999999 load imb.: force 27.5%

           Step           Time
        9000000    18000.00000

   Energies (kJ/mol)
        LJ (SR)   Coulomb (SR)   Coul. recip.      Potential    Kinetic En.
    1.11149e+02   -1.02895e+06   -4.39434e+05   -1.46827e+06    2.24026e+04
   Total Energy    Temperature Pressure (bar)   Constr. rmsd
   -1.44587e+06    1.79645e+02    2.87672e+01    5.40769e-06

Writing checkpoint, step 9806635 at Fri Apr 24 20:40:57 2020


DD  step 9999999 load imb.: force 15.3%

           Step           Time
       10000000    20000.00000

   Energies (kJ/mol)
        LJ (SR)   Coulomb (SR)   Coul. recip.      Potential    Kinetic En.
    1.38541e+02   -1.02912e+06   -4.39437e+05   -1.46842e+06    2.25381e+04
   Total Energy    Temperature Pressure (bar)   Constr. rmsd
   -1.44588e+06    1.80732e+02    3.56543e+01    5.44866e-06

Writing checkpoint, step 10788425 at Fri Apr 24 20:55:57 2020


DD  step 10999999 load imb.: force 23.7%

           Step           Time
       11000000    22000.00000

   Energies (kJ/mol)
        LJ (SR)   Coulomb (SR)   Coul. recip.      Potential    Kinetic En.
    1.19493e+02   -1.02910e+06   -4.39484e+05   -1.46846e+06    2.26722e+04
   Total Energy    Temperature Pressure (bar)   Constr. rmsd
   -1.44579e+06    1.81807e+02    2.86069e+01    5.41525e-06

Writing checkpoint, step 11770640 at Fri Apr 24 21:10:57 2020


DD  step 11999999 load imb.: force 22.2%

           Step           Time
       12000000    24000.00000

   Energies (kJ/mol)
        LJ (SR)   Coulomb (SR)   Coul. recip.      Potential    Kinetic En.
    1.32301e+02   -1.02894e+06   -4.39443e+05   -1.46825e+06    2.22906e+04
   Total Energy    Temperature Pressure (bar)   Constr. rmsd
   -1.44596e+06    1.78748e+02    3.14443e+01    5.39854e-06

Writing checkpoint, step 12753350 at Fri Apr 24 21:25:57 2020


DD  step 12999999 load imb.: force 21.7%

           Step           Time
       13000000    26000.00000

   Energies (kJ/mol)
        LJ (SR)   Coulomb (SR)   Coul. recip.      Potential    Kinetic En.
    1.21116e+02   -1.02899e+06   -4.39438e+05   -1.46831e+06    2.22391e+04
   Total Energy    Temperature Pressure (bar)   Constr. rmsd
   -1.44607e+06    1.78334e+02    2.98392e+01    5.47320e-06

Writing checkpoint, step 13736400 at Fri Apr 24 21:40:57 2020


DD  step 13999999 load imb.: force 30.7%

           Step           Time
       14000000    28000.00000

   Energies (kJ/mol)
        LJ (SR)   Coulomb (SR)   Coul. recip.      Potential    Kinetic En.
    1.16280e+02   -1.02906e+06   -4.39503e+05   -1.46845e+06    2.25557e+04
   Total Energy    Temperature Pressure (bar)   Constr. rmsd
   -1.44589e+06    1.80873e+02    2.82605e+01    5.50884e-06

Writing checkpoint, step 14718265 at Fri Apr 24 21:55:57 2020


DD  step 14999999 load imb.: force 35.4%

           Step           Time
       15000000    30000.00000

   Energies (kJ/mol)
        LJ (SR)   Coulomb (SR)   Coul. recip.      Potential    Kinetic En.
    1.15702e+02   -1.02896e+06   -4.39455e+05   -1.46830e+06    2.22615e+04
   Total Energy    Temperature Pressure (bar)   Constr. rmsd
   -1.44604e+06    1.78514e+02    2.73041e+01    5.47110e-06

Writing checkpoint, step 15700835 at Fri Apr 24 22:10:57 2020


DD  step 15999999 load imb.: force 18.3%

           Step           Time
       16000000    32000.00000

   Energies (kJ/mol)
        LJ (SR)   Coulomb (SR)   Coul. recip.      Potential    Kinetic En.
    1.05424e+02   -1.02908e+06   -4.39518e+05   -1.46849e+06    2.25458e+04
   Total Energy    Temperature Pressure (bar)   Constr. rmsd
   -1.44594e+06    1.80794e+02    2.54104e+01    5.49083e-06

Writing checkpoint, step 16682985 at Fri Apr 24 22:25:57 2020


DD  step 16999999 load imb.: force 24.8%

           Step           Time
       17000000    34000.00000

   Energies (kJ/mol)
        LJ (SR)   Coulomb (SR)   Coul. recip.      Potential    Kinetic En.
    1.11446e+02   -1.02894e+06   -4.39432e+05   -1.46826e+06    2.23199e+04
   Total Energy    Temperature Pressure (bar)   Constr. rmsd
   -1.44594e+06    1.78983e+02    2.64211e+01    5.40056e-06

Writing checkpoint, step 17665240 at Fri Apr 24 22:40:57 2020


DD  step 17999999 load imb.: force 20.4%

           Step           Time
       18000000    36000.00000

   Energies (kJ/mol)
        LJ (SR)   Coulomb (SR)   Coul. recip.      Potential    Kinetic En.
    1.42881e+02   -1.02916e+06   -4.39500e+05   -1.46851e+06    2.23533e+04
   Total Energy    Temperature Pressure (bar)   Constr. rmsd
   -1.44616e+06    1.79250e+02    3.64114e+01    5.36711e-06

Writing checkpoint, step 18647990 at Fri Apr 24 22:55:57 2020


DD  step 18999999 load imb.: force 19.1%

           Step           Time
       19000000    38000.00000

   Energies (kJ/mol)
        LJ (SR)   Coulomb (SR)   Coul. recip.      Potential    Kinetic En.
    1.33245e+02   -1.02901e+06   -4.39444e+05   -1.46832e+06    2.23993e+04
   Total Energy    Temperature Pressure (bar)   Constr. rmsd
   -1.44592e+06    1.79619e+02    3.22639e+01    5.44355e-06

Writing checkpoint, step 19630825 at Fri Apr 24 23:10:57 2020


DD  step 19999999 load imb.: force 26.9%

           Step           Time
       20000000    40000.00000

   Energies (kJ/mol)
        LJ (SR)   Coulomb (SR)   Coul. recip.      Potential    Kinetic En.
    1.17021e+02   -1.02905e+06   -4.39470e+05   -1.46840e+06    2.24536e+04
   Total Energy    Temperature Pressure (bar)   Constr. rmsd
   -1.44594e+06    1.80054e+02    2.85130e+01    5.35556e-06

Writing checkpoint, step 20613765 at Fri Apr 24 23:25:57 2020


DD  step 20999999 load imb.: force 27.4%

           Step           Time
       21000000    42000.00000

   Energies (kJ/mol)
        LJ (SR)   Coulomb (SR)   Coul. recip.      Potential    Kinetic En.
    1.44263e+02   -1.02906e+06   -4.39545e+05   -1.46846e+06    2.24157e+04
   Total Energy    Temperature Pressure (bar)   Constr. rmsd
   -1.44604e+06    1.79750e+02    3.34677e+01    5.39893e-06

Writing checkpoint, step 21596405 at Fri Apr 24 23:40:57 2020


DD  step 21999999 load imb.: force 17.3%

           Step           Time
       22000000    44000.00000

   Energies (kJ/mol)
        LJ (SR)   Coulomb (SR)   Coul. recip.      Potential    Kinetic En.
    1.35493e+02   -1.02911e+06   -4.39448e+05   -1.46843e+06    2.26109e+04
   Total Energy    Temperature Pressure (bar)   Constr. rmsd
   -1.44582e+06    1.81316e+02    3.25841e+01    5.38616e-06

Writing checkpoint, step 22579255 at Fri Apr 24 23:55:57 2020


DD  step 22999999 load imb.: force 17.8%

           Step           Time
       23000000    46000.00000

   Energies (kJ/mol)
        LJ (SR)   Coulomb (SR)   Coul. recip.      Potential    Kinetic En.
    1.29204e+02   -1.02902e+06   -4.39386e+05   -1.46827e+06    2.23402e+04
   Total Energy    Temperature Pressure (bar)   Constr. rmsd
   -1.44593e+06    1.79145e+02    3.42334e+01    5.40979e-06

Writing checkpoint, step 23562685 at Sat Apr 25 00:10:57 2020


DD  step 23999999 load imb.: force 25.8%

           Step           Time
       24000000    48000.00000

   Energies (kJ/mol)
        LJ (SR)   Coulomb (SR)   Coul. recip.      Potential    Kinetic En.
    1.40381e+02   -1.02916e+06   -4.39493e+05   -1.46851e+06    2.26055e+04
   Total Energy    Temperature Pressure (bar)   Constr. rmsd
   -1.44590e+06    1.81273e+02    3.49082e+01    5.41103e-06

Writing checkpoint, step 24549040 at Sat Apr 25 00:25:57 2020


DD  step 24999999 load imb.: force 16.2%

           Step           Time
       25000000    50000.00000

   Energies (kJ/mol)
        LJ (SR)   Coulomb (SR)   Coul. recip.      Potential    Kinetic En.
    1.23527e+02   -1.02904e+06   -4.39436e+05   -1.46835e+06    2.23594e+04
   Total Energy    Temperature Pressure (bar)   Constr. rmsd
   -1.44599e+06    1.79299e+02    2.99282e+01    5.39124e-06

Writing checkpoint, step 25534700 at Sat Apr 25 00:40:57 2020


DD  step 25999999 load imb.: force 20.2%

           Step           Time
       26000000    52000.00000

   Energies (kJ/mol)
        LJ (SR)   Coulomb (SR)   Coul. recip.      Potential    Kinetic En.
    1.49541e+02   -1.02914e+06   -4.39446e+05   -1.46844e+06    2.24323e+04
   Total Energy    Temperature Pressure (bar)   Constr. rmsd
   -1.44600e+06    1.79883e+02    3.74277e+01    5.41876e-06

Writing checkpoint, step 26521280 at Sat Apr 25 00:55:57 2020


DD  step 26999999 load imb.: force 19.8%

           Step           Time
       27000000    54000.00000

   Energies (kJ/mol)
        LJ (SR)   Coulomb (SR)   Coul. recip.      Potential    Kinetic En.
    1.12413e+02   -1.02902e+06   -4.39493e+05   -1.46840e+06    2.24054e+04
   Total Energy    Temperature Pressure (bar)   Constr. rmsd
   -1.44600e+06    1.79668e+02    2.67522e+01    5.42134e-06

Writing checkpoint, step 27507580 at Sat Apr 25 01:10:57 2020


DD  step 27999999 load imb.: force 23.0%

           Step           Time
       28000000    56000.00000

   Energies (kJ/mol)
        LJ (SR)   Coulomb (SR)   Coul. recip.      Potential    Kinetic En.
    1.46179e+02   -1.02908e+06   -4.39484e+05   -1.46842e+06    2.24042e+04
   Total Energy    Temperature Pressure (bar)   Constr. rmsd
   -1.44601e+06    1.79659e+02    3.68288e+01    5.47602e-06

Writing checkpoint, step 28493450 at Sat Apr 25 01:25:57 2020


DD  step 28999999 load imb.: force 21.2%

           Step           Time
       29000000    58000.00000

   Energies (kJ/mol)
        LJ (SR)   Coulomb (SR)   Coul. recip.      Potential    Kinetic En.
    1.43630e+02   -1.02907e+06   -4.39461e+05   -1.46839e+06    2.24832e+04
   Total Energy    Temperature Pressure (bar)   Constr. rmsd
   -1.44591e+06    1.80292e+02    3.51576e+01    5.36572e-06

Writing checkpoint, step 29479145 at Sat Apr 25 01:40:57 2020


DD  step 29999999 load imb.: force 36.9%

           Step           Time
       30000000    60000.00000

   Energies (kJ/mol)
        LJ (SR)   Coulomb (SR)   Coul. recip.      Potential    Kinetic En.
    1.28712e+02   -1.02900e+06   -4.39465e+05   -1.46834e+06    2.24816e+04
   Total Energy    Temperature Pressure (bar)   Constr. rmsd
   -1.44586e+06    1.80279e+02    3.03276e+01    5.33427e-06

Writing checkpoint, step 30464785 at Sat Apr 25 01:55:57 2020


DD  step 30999999 load imb.: force 31.6%

           Step           Time
       31000000    62000.00000

   Energies (kJ/mol)
        LJ (SR)   Coulomb (SR)   Coul. recip.      Potential    Kinetic En.
    1.30629e+02   -1.02899e+06   -4.39446e+05   -1.46831e+06    2.22619e+04
   Total Energy    Temperature Pressure (bar)   Constr. rmsd
   -1.44605e+06    1.78517e+02    3.18200e+01    5.34218e-06

Writing checkpoint, step 31451090 at Sat Apr 25 02:10:57 2020


DD  step 31999999 load imb.: force 21.2%

           Step           Time
       32000000    64000.00000

   Energies (kJ/mol)
        LJ (SR)   Coulomb (SR)   Coul. recip.      Potential    Kinetic En.
    1.17742e+02   -1.02906e+06   -4.39451e+05   -1.46840e+06    2.24394e+04
   Total Energy    Temperature Pressure (bar)   Constr. rmsd
   -1.44596e+06    1.79940e+02    2.91440e+01    5.36510e-06

Writing checkpoint, step 32437520 at Sat Apr 25 02:25:57 2020


DD  step 32999999 load imb.: force 28.4%

           Step           Time
       33000000    66000.00000

   Energies (kJ/mol)
        LJ (SR)   Coulomb (SR)   Coul. recip.      Potential    Kinetic En.
    1.19750e+02   -1.02910e+06   -4.39410e+05   -1.46839e+06    2.23221e+04
   Total Energy    Temperature Pressure (bar)   Constr. rmsd
   -1.44607e+06    1.79000e+02    3.14482e+01    5.44702e-06

Writing checkpoint, step 33424270 at Sat Apr 25 02:40:57 2020


DD  step 33999999 load imb.: force 25.9%

           Step           Time
       34000000    68000.00000

   Energies (kJ/mol)
        LJ (SR)   Coulomb (SR)   Coul. recip.      Potential    Kinetic En.
    1.26740e+02   -1.02912e+06   -4.39452e+05   -1.46844e+06    2.25899e+04
   Total Energy    Temperature Pressure (bar)   Constr. rmsd
   -1.44585e+06    1.81147e+02    3.19086e+01    5.43713e-06

Writing checkpoint, step 34410915 at Sat Apr 25 02:55:57 2020


DD  step 34999999 load imb.: force 32.8%

           Step           Time
       35000000    70000.00000

   Energies (kJ/mol)
        LJ (SR)   Coulomb (SR)   Coul. recip.      Potential    Kinetic En.
    1.30651e+02   -1.02898e+06   -4.39368e+05   -1.46822e+06    2.22743e+04
   Total Energy    Temperature Pressure (bar)   Constr. rmsd
   -1.44594e+06    1.78617e+02    3.27048e+01    5.45548e-06

Writing checkpoint, step 35397005 at Sat Apr 25 03:10:57 2020


DD  step 35999999 load imb.: force 19.4%

           Step           Time
       36000000    72000.00000

   Energies (kJ/mol)
        LJ (SR)   Coulomb (SR)   Coul. recip.      Potential    Kinetic En.
    1.30830e+02   -1.02890e+06   -4.39478e+05   -1.46825e+06    2.22350e+04
   Total Energy    Temperature Pressure (bar)   Constr. rmsd
   -1.44601e+06    1.78301e+02    3.13104e+01    5.37734e-06

Writing checkpoint, step 36383295 at Sat Apr 25 03:25:57 2020


DD  step 36999999 load imb.: force 29.8%

           Step           Time
       37000000    74000.00000

   Energies (kJ/mol)
        LJ (SR)   Coulomb (SR)   Coul. recip.      Potential    Kinetic En.
    1.24136e+02   -1.02902e+06   -4.39537e+05   -1.46843e+06    2.24773e+04
   Total Energy    Temperature Pressure (bar)   Constr. rmsd
   -1.44595e+06    1.80244e+02    2.97232e+01    5.45952e-06

Writing checkpoint, step 37369910 at Sat Apr 25 03:40:57 2020


DD  step 37999999 load imb.: force 23.9%

           Step           Time
       38000000    76000.00000

   Energies (kJ/mol)
        LJ (SR)   Coulomb (SR)   Coul. recip.      Potential    Kinetic En.
    1.23758e+02   -1.02916e+06   -4.39501e+05   -1.46853e+06    2.22559e+04
   Total Energy    Temperature Pressure (bar)   Constr. rmsd
   -1.44628e+06    1.78469e+02    2.88142e+01    5.41849e-06

Writing checkpoint, step 38355720 at Sat Apr 25 03:55:57 2020


DD  step 38999999 load imb.: force 29.2%

           Step           Time
       39000000    78000.00000

   Energies (kJ/mol)
        LJ (SR)   Coulomb (SR)   Coul. recip.      Potential    Kinetic En.
    1.43043e+02   -1.02914e+06   -4.39439e+05   -1.46844e+06    2.24253e+04
   Total Energy    Temperature Pressure (bar)   Constr. rmsd
   -1.44601e+06    1.79828e+02    3.51598e+01    5.44878e-06

Writing checkpoint, step 39341680 at Sat Apr 25 04:10:57 2020


DD  step 39999999 load imb.: force 28.1%

           Step           Time
       40000000    80000.00000

   Energies (kJ/mol)
        LJ (SR)   Coulomb (SR)   Coul. recip.      Potential    Kinetic En.
    1.47957e+02   -1.02908e+06   -4.39530e+05   -1.46846e+06    2.24569e+04
   Total Energy    Temperature Pressure (bar)   Constr. rmsd
   -1.44600e+06    1.80081e+02    3.59147e+01    5.46441e-06

Writing checkpoint, step 40328060 at Sat Apr 25 04:25:57 2020


DD  step 40999999 load imb.: force 21.5%

           Step           Time
       41000000    82000.00000

   Energies (kJ/mol)
        LJ (SR)   Coulomb (SR)   Coul. recip.      Potential    Kinetic En.
    1.07460e+02   -1.02885e+06   -4.39410e+05   -1.46815e+06    2.21322e+04
   Total Energy    Temperature Pressure (bar)   Constr. rmsd
   -1.44602e+06    1.77477e+02    2.59766e+01    5.36576e-06

Writing checkpoint, step 41313820 at Sat Apr 25 04:40:57 2020


DD  step 41999999 load imb.: force 26.9%

           Step           Time
       42000000    84000.00000

   Energies (kJ/mol)
        LJ (SR)   Coulomb (SR)   Coul. recip.      Potential    Kinetic En.
    1.23324e+02   -1.02901e+06   -4.39485e+05   -1.46838e+06    2.23856e+04
   Total Energy    Temperature Pressure (bar)   Constr. rmsd
   -1.44599e+06    1.79510e+02    3.07246e+01    5.38698e-06

Writing checkpoint, step 42300050 at Sat Apr 25 04:55:57 2020


DD  step 42999999 load imb.: force 23.6%

           Step           Time
       43000000    86000.00000

   Energies (kJ/mol)
        LJ (SR)   Coulomb (SR)   Coul. recip.      Potential    Kinetic En.
    1.12369e+02   -1.02909e+06   -4.39437e+05   -1.46841e+06    2.23284e+04
   Total Energy    Temperature Pressure (bar)   Constr. rmsd
   -1.44608e+06    1.79051e+02    2.84394e+01    5.35446e-06

Writing checkpoint, step 43285940 at Sat Apr 25 05:10:57 2020


DD  step 43999999 load imb.: force 19.6%

           Step           Time
       44000000    88000.00000

   Energies (kJ/mol)
        LJ (SR)   Coulomb (SR)   Coul. recip.      Potential    Kinetic En.
    1.33089e+02   -1.02920e+06   -4.39443e+05   -1.46851e+06    2.24853e+04
   Total Energy    Temperature Pressure (bar)   Constr. rmsd
   -1.44603e+06    1.80309e+02    3.20417e+01    5.38727e-06

Writing checkpoint, step 44272115 at Sat Apr 25 05:25:57 2020


DD  step 44999999 load imb.: force 18.4%

           Step           Time
       45000000    90000.00000

   Energies (kJ/mol)
        LJ (SR)   Coulomb (SR)   Coul. recip.      Potential    Kinetic En.
    1.27223e+02   -1.02916e+06   -4.39548e+05   -1.46858e+06    2.25447e+04
   Total Energy    Temperature Pressure (bar)   Constr. rmsd
   -1.44603e+06    1.80785e+02    3.23846e+01    5.40830e-06

Writing checkpoint, step 45257940 at Sat Apr 25 05:40:57 2020


DD  step 45999999 load imb.: force 31.9%

           Step           Time
       46000000    92000.00000

   Energies (kJ/mol)
        LJ (SR)   Coulomb (SR)   Coul. recip.      Potential    Kinetic En.
    1.44599e+02   -1.02906e+06   -4.39507e+05   -1.46843e+06    2.23887e+04
   Total Energy    Temperature Pressure (bar)   Constr. rmsd
   -1.44604e+06    1.79534e+02    3.66419e+01    5.37613e-06

Writing checkpoint, step 46244220 at Sat Apr 25 05:55:57 2020


DD  step 46999999 load imb.: force 22.3%

           Step           Time
       47000000    94000.00000

   Energies (kJ/mol)
        LJ (SR)   Coulomb (SR)   Coul. recip.      Potential    Kinetic En.
    1.43583e+02   -1.02914e+06   -4.39509e+05   -1.46851e+06    2.24671e+04
   Total Energy    Temperature Pressure (bar)   Constr. rmsd
   -1.44604e+06    1.80163e+02    3.57614e+01    5.40435e-06

Writing checkpoint, step 47230025 at Sat Apr 25 06:10:57 2020


DD  step 47999999 load imb.: force 35.2%

           Step           Time
       48000000    96000.00000

   Energies (kJ/mol)
        LJ (SR)   Coulomb (SR)   Coul. recip.      Potential    Kinetic En.
    1.42208e+02   -1.02919e+06   -4.39442e+05   -1.46849e+06    2.26371e+04
   Total Energy    Temperature Pressure (bar)   Constr. rmsd
   -1.44586e+06    1.81526e+02    3.45837e+01    5.33781e-06

Writing checkpoint, step 48216110 at Sat Apr 25 06:25:57 2020


DD  step 48999999 load imb.: force 25.3%

           Step           Time
       49000000    98000.00000

   Energies (kJ/mol)
        LJ (SR)   Coulomb (SR)   Coul. recip.      Potential    Kinetic En.
    9.62263e+01   -1.02904e+06   -4.39412e+05   -1.46835e+06    2.23322e+04
   Total Energy    Temperature Pressure (bar)   Constr. rmsd
   -1.44602e+06    1.79081e+02    2.24937e+01    5.43179e-06

Writing checkpoint, step 49202925 at Sat Apr 25 06:40:57 2020


DD  step 49999999 load imb.: force 17.1%

           Step           Time
       50000000   100000.00000

   Energies (kJ/mol)
        LJ (SR)   Coulomb (SR)   Coul. recip.      Potential    Kinetic En.
    1.29000e+02   -1.02904e+06   -4.39524e+05   -1.46844e+06    2.24217e+04
   Total Energy    Temperature Pressure (bar)   Constr. rmsd
   -1.44602e+06    1.79799e+02    3.15050e+01    5.48039e-06

Writing checkpoint, step 50189090 at Sat Apr 25 06:55:57 2020


DD  step 50999999 load imb.: force 20.9%

           Step           Time
       51000000   102000.00000

   Energies (kJ/mol)
        LJ (SR)   Coulomb (SR)   Coul. recip.      Potential    Kinetic En.
    1.23807e+02   -1.02909e+06   -4.39469e+05   -1.46843e+06    2.24486e+04
   Total Energy    Temperature Pressure (bar)   Constr. rmsd
   -1.44598e+06    1.80014e+02    3.03304e+01    5.36885e-06

Writing checkpoint, step 51175170 at Sat Apr 25 07:10:57 2020


DD  step 51999999 load imb.: force 24.8%

           Step           Time
       52000000   104000.00000

   Energies (kJ/mol)
        LJ (SR)   Coulomb (SR)   Coul. recip.      Potential    Kinetic En.
    1.50719e+02   -1.02917e+06   -4.39527e+05   -1.46854e+06    2.24616e+04
   Total Energy    Temperature Pressure (bar)   Constr. rmsd
   -1.44608e+06    1.80118e+02    3.57872e+01    5.40675e-06

Writing checkpoint, step 52161625 at Sat Apr 25 07:25:57 2020


DD  step 52999999 load imb.: force 22.0%

           Step           Time
       53000000   106000.00000

   Energies (kJ/mol)
        LJ (SR)   Coulomb (SR)   Coul. recip.      Potential    Kinetic En.
    1.29912e+02   -1.02912e+06   -4.39446e+05   -1.46843e+06    2.22940e+04
   Total Energy    Temperature Pressure (bar)   Constr. rmsd
   -1.44614e+06    1.78775e+02    3.14785e+01    5.43913e-06

Writing checkpoint, step 53147425 at Sat Apr 25 07:40:57 2020


DD  step 53999999 load imb.: force 29.7%

           Step           Time
       54000000   108000.00000

   Energies (kJ/mol)
        LJ (SR)   Coulomb (SR)   Coul. recip.      Potential    Kinetic En.
    1.43772e+02   -1.02910e+06   -4.39452e+05   -1.46841e+06    2.24209e+04
   Total Energy    Temperature Pressure (bar)   Constr. rmsd
   -1.44599e+06    1.79792e+02    3.46826e+01    5.43866e-06

Writing checkpoint, step 54133475 at Sat Apr 25 07:55:57 2020


DD  step 54999999 load imb.: force 29.0%

           Step           Time
       55000000   110000.00000

   Energies (kJ/mol)
        LJ (SR)   Coulomb (SR)   Coul. recip.      Potential    Kinetic En.
    1.16792e+02   -1.02910e+06   -4.39566e+05   -1.46855e+06    2.26089e+04
   Total Energy    Temperature Pressure (bar)   Constr. rmsd
   -1.44594e+06    1.81300e+02    2.79634e+01    5.43865e-06

Writing checkpoint, step 55119455 at Sat Apr 25 08:10:57 2020


DD  step 55999999 load imb.: force 20.3%

           Step           Time
       56000000   112000.00000

   Energies (kJ/mol)
        LJ (SR)   Coulomb (SR)   Coul. recip.      Potential    Kinetic En.
    1.57442e+02   -1.02899e+06   -4.39420e+05   -1.46825e+06    2.23527e+04
   Total Energy    Temperature Pressure (bar)   Constr. rmsd
   -1.44590e+06    1.79246e+02    4.06515e+01    5.40637e-06

Writing checkpoint, step 56105380 at Sat Apr 25 08:25:57 2020


DD  step 56999999 load imb.: force 20.1%

           Step           Time
       57000000   114000.00000

   Energies (kJ/mol)
        LJ (SR)   Coulomb (SR)   Coul. recip.      Potential    Kinetic En.
    1.31656e+02   -1.02906e+06   -4.39481e+05   -1.46841e+06    2.22962e+04
   Total Energy    Temperature Pressure (bar)   Constr. rmsd
   -1.44611e+06    1.78792e+02    3.12840e+01    5.45025e-06

Writing checkpoint, step 57091435 at Sat Apr 25 08:40:57 2020


DD  step 57999999 load imb.: force 25.1%

           Step           Time
       58000000   116000.00000

   Energies (kJ/mol)
        LJ (SR)   Coulomb (SR)   Coul. recip.      Potential    Kinetic En.
    1.33731e+02   -1.02888e+06   -4.39445e+05   -1.46820e+06    2.24643e+04
   Total Energy    Temperature Pressure (bar)   Constr. rmsd
   -1.44573e+06    1.80140e+02    3.38082e+01    5.42084e-06

Writing checkpoint, step 58078105 at Sat Apr 25 08:55:57 2020


DD  step 58999999 load imb.: force 19.0%

           Step           Time
       59000000   118000.00000

   Energies (kJ/mol)
        LJ (SR)   Coulomb (SR)   Coul. recip.      Potential    Kinetic En.
    1.03827e+02   -1.02899e+06   -4.39428e+05   -1.46832e+06    2.23209e+04
   Total Energy    Temperature Pressure (bar)   Constr. rmsd
   -1.44599e+06    1.78990e+02    2.56731e+01    5.41168e-06

Writing checkpoint, step 59064825 at Sat Apr 25 09:10:57 2020


DD  step 59999999 load imb.: force 23.8%

           Step           Time
       60000000   120000.00000

   Energies (kJ/mol)
        LJ (SR)   Coulomb (SR)   Coul. recip.      Potential    Kinetic En.
    1.31286e+02   -1.02904e+06   -4.39414e+05   -1.46832e+06    2.23752e+04
   Total Energy    Temperature Pressure (bar)   Constr. rmsd
   -1.44595e+06    1.79426e+02    3.11661e+01    5.44134e-06

Writing checkpoint, step 60051095 at Sat Apr 25 09:25:57 2020


DD  step 60999999 load imb.: force 17.6%

           Step           Time
       61000000   122000.00000

   Energies (kJ/mol)
        LJ (SR)   Coulomb (SR)   Coul. recip.      Potential    Kinetic En.
    1.36096e+02   -1.02905e+06   -4.39506e+05   -1.46842e+06    2.23848e+04
   Total Energy    Temperature Pressure (bar)   Constr. rmsd
   -1.44604e+06    1.79503e+02    3.39024e+01    5.37977e-06

Writing checkpoint, step 61037450 at Sat Apr 25 09:40:57 2020


DD  step 61999999 load imb.: force 17.4%

           Step           Time
       62000000   124000.00000

   Energies (kJ/mol)
        LJ (SR)   Coulomb (SR)   Coul. recip.      Potential    Kinetic En.
    1.57983e+02   -1.02911e+06   -4.39482e+05   -1.46844e+06    2.24611e+04
   Total Energy    Temperature Pressure (bar)   Constr. rmsd
   -1.44598e+06    1.80114e+02    3.86717e+01    5.41913e-06

Writing checkpoint, step 62024175 at Sat Apr 25 09:55:57 2020


DD  step 62999999 load imb.: force 26.4%

           Step           Time
       63000000   126000.00000

   Energies (kJ/mol)
        LJ (SR)   Coulomb (SR)   Coul. recip.      Potential    Kinetic En.
    1.61337e+02   -1.02910e+06   -4.39452e+05   -1.46839e+06    2.23286e+04
   Total Energy    Temperature Pressure (bar)   Constr. rmsd
   -1.44606e+06    1.79052e+02    3.82048e+01    5.32243e-06

Writing checkpoint, step 63010675 at Sat Apr 25 10:10:57 2020


Writing checkpoint, step 63997375 at Sat Apr 25 10:25:57 2020


DD  step 63999999 load imb.: force 30.0%

           Step           Time
       64000000   128000.00000

   Energies (kJ/mol)
        LJ (SR)   Coulomb (SR)   Coul. recip.      Potential    Kinetic En.
    1.51261e+02   -1.02907e+06   -4.39457e+05   -1.46838e+06    2.24206e+04
   Total Energy    Temperature Pressure (bar)   Constr. rmsd
   -1.44596e+06    1.79790e+02    3.67483e+01    5.38082e-06

Writing checkpoint, step 64984640 at Sat Apr 25 10:40:57 2020


DD  step 64999999 load imb.: force 24.6%

           Step           Time
       65000000   130000.00000

   Energies (kJ/mol)
        LJ (SR)   Coulomb (SR)   Coul. recip.      Potential    Kinetic En.
    1.39838e+02   -1.02916e+06   -4.39508e+05   -1.46853e+06    2.25027e+04
   Total Energy    Temperature Pressure (bar)   Constr. rmsd
   -1.44603e+06    1.80448e+02    3.46283e+01    5.44597e-06

Writing checkpoint, step 65971610 at Sat Apr 25 10:55:57 2020


DD  step 65999999 load imb.: force 25.7%

           Step           Time
       66000000   132000.00000

   Energies (kJ/mol)
        LJ (SR)   Coulomb (SR)   Coul. recip.      Potential    Kinetic En.
    1.42217e+02   -1.02908e+06   -4.39459e+05   -1.46839e+06    2.23952e+04
   Total Energy    Temperature Pressure (bar)   Constr. rmsd
   -1.44600e+06    1.79587e+02    3.40984e+01    5.34034e-06

Writing checkpoint, step 66957420 at Sat Apr 25 11:10:57 2020


DD  step 66999999 load imb.: force 23.1%

           Step           Time
       67000000   134000.00000

   Energies (kJ/mol)
        LJ (SR)   Coulomb (SR)   Coul. recip.      Potential    Kinetic En.
    1.13638e+02   -1.02906e+06   -4.39451e+05   -1.46840e+06    2.24745e+04
   Total Energy    Temperature Pressure (bar)   Constr. rmsd
   -1.44593e+06    1.80222e+02    2.78939e+01    5.41080e-06

Writing checkpoint, step 67944525 at Sat Apr 25 11:25:57 2020


DD  step 67999999 load imb.: force 17.2%

           Step           Time
       68000000   136000.00000

   Energies (kJ/mol)
        LJ (SR)   Coulomb (SR)   Coul. recip.      Potential    Kinetic En.
    1.09945e+02   -1.02898e+06   -4.39437e+05   -1.46831e+06    2.23998e+04
   Total Energy    Temperature Pressure (bar)   Constr. rmsd
   -1.44591e+06    1.79623e+02    2.85947e+01    5.44282e-06

Writing checkpoint, step 68931955 at Sat Apr 25 11:40:57 2020


DD  step 68999999 load imb.: force 22.3%

           Step           Time
       69000000   138000.00000

   Energies (kJ/mol)
        LJ (SR)   Coulomb (SR)   Coul. recip.      Potential    Kinetic En.
    1.37870e+02   -1.02904e+06   -4.39481e+05   -1.46838e+06    2.23851e+04
   Total Energy    Temperature Pressure (bar)   Constr. rmsd
   -1.44600e+06    1.79505e+02    3.50538e+01    5.38480e-06

Writing checkpoint, step 69918740 at Sat Apr 25 11:55:57 2020


DD  step 69999999 load imb.: force 31.7%

           Step           Time
       70000000   140000.00000

   Energies (kJ/mol)
        LJ (SR)   Coulomb (SR)   Coul. recip.      Potential    Kinetic En.
    1.28871e+02   -1.02926e+06   -4.39552e+05   -1.46869e+06    2.25630e+04
   Total Energy    Temperature Pressure (bar)   Constr. rmsd
   -1.44612e+06    1.80932e+02    3.14716e+01    5.33797e-06

Writing checkpoint, step 70905715 at Sat Apr 25 12:10:57 2020


DD  step 70999999 load imb.: force 25.7%

           Step           Time
       71000000   142000.00000

   Energies (kJ/mol)
        LJ (SR)   Coulomb (SR)   Coul. recip.      Potential    Kinetic En.
    1.11327e+02   -1.02901e+06   -4.39458e+05   -1.46836e+06    2.22843e+04
   Total Energy    Temperature Pressure (bar)   Constr. rmsd
   -1.44607e+06    1.78697e+02    2.72336e+01    5.45241e-06

Writing checkpoint, step 71892430 at Sat Apr 25 12:25:57 2020


DD  step 71999999 load imb.: force 21.7%

           Step           Time
       72000000   144000.00000

   Energies (kJ/mol)
        LJ (SR)   Coulomb (SR)   Coul. recip.      Potential    Kinetic En.
    1.36519e+02   -1.02909e+06   -4.39489e+05   -1.46844e+06    2.24741e+04
   Total Energy    Temperature Pressure (bar)   Constr. rmsd
   -1.44596e+06    1.80219e+02    3.19395e+01    5.43851e-06

Writing checkpoint, step 72879435 at Sat Apr 25 12:40:57 2020


DD  step 72999999 load imb.: force 22.1%

           Step           Time
       73000000   146000.00000

   Energies (kJ/mol)
        LJ (SR)   Coulomb (SR)   Coul. recip.      Potential    Kinetic En.
    1.59070e+02   -1.02924e+06   -4.39509e+05   -1.46859e+06    2.25391e+04
   Total Energy    Temperature Pressure (bar)   Constr. rmsd
   -1.44605e+06    1.80740e+02    3.74338e+01    5.44392e-06

Writing checkpoint, step 73866140 at Sat Apr 25 12:55:57 2020


DD  step 73999999 load imb.: force 18.6%

           Step           Time
       74000000   148000.00000

   Energies (kJ/mol)
        LJ (SR)   Coulomb (SR)   Coul. recip.      Potential    Kinetic En.
    1.23408e+02   -1.02920e+06   -4.39450e+05   -1.46853e+06    2.24918e+04
   Total Energy    Temperature Pressure (bar)   Constr. rmsd
   -1.44604e+06    1.80361e+02    2.99754e+01    5.40274e-06

Writing checkpoint, step 74852735 at Sat Apr 25 13:10:57 2020


DD  step 74999999 load imb.: force 23.4%

           Step           Time
       75000000   150000.00000

   Energies (kJ/mol)
        LJ (SR)   Coulomb (SR)   Coul. recip.      Potential    Kinetic En.
    1.27172e+02   -1.02907e+06   -4.39435e+05   -1.46838e+06    2.23225e+04
   Total Energy    Temperature Pressure (bar)   Constr. rmsd
   -1.44606e+06    1.79003e+02    3.20698e+01    5.52160e-06

Writing checkpoint, step 75839295 at Sat Apr 25 13:25:57 2020


DD  step 75999999 load imb.: force 18.4%

           Step           Time
       76000000   152000.00000

   Energies (kJ/mol)
        LJ (SR)   Coulomb (SR)   Coul. recip.      Potential    Kinetic En.
    1.44859e+02   -1.02909e+06   -4.39492e+05   -1.46843e+06    2.23988e+04
   Total Energy    Temperature Pressure (bar)   Constr. rmsd
   -1.44603e+06    1.79615e+02    3.61066e+01    5.38981e-06

Writing checkpoint, step 76826070 at Sat Apr 25 13:40:57 2020


DD  step 76999999 load imb.: force 19.8%

           Step           Time
       77000000   154000.00000

   Energies (kJ/mol)
        LJ (SR)   Coulomb (SR)   Coul. recip.      Potential    Kinetic En.
    1.63877e+02   -1.02895e+06   -4.39386e+05   -1.46818e+06    2.22269e+04
   Total Energy    Temperature Pressure (bar)   Constr. rmsd
   -1.44595e+06    1.78237e+02    4.03747e+01    5.38565e-06

Writing checkpoint, step 77812945 at Sat Apr 25 13:55:57 2020


DD  step 77999999 load imb.: force 23.0%

           Step           Time
       78000000   156000.00000

   Energies (kJ/mol)
        LJ (SR)   Coulomb (SR)   Coul. recip.      Potential    Kinetic En.
    1.50118e+02   -1.02907e+06   -4.39443e+05   -1.46836e+06    2.24120e+04
   Total Energy    Temperature Pressure (bar)   Constr. rmsd
   -1.44595e+06    1.79721e+02    3.76784e+01    5.40977e-06

Writing checkpoint, step 78799825 at Sat Apr 25 14:10:57 2020


DD  step 78999999 load imb.: force 35.9%

           Step           Time
       79000000   158000.00000

   Energies (kJ/mol)
        LJ (SR)   Coulomb (SR)   Coul. recip.      Potential    Kinetic En.
    1.26190e+02   -1.02910e+06   -4.39502e+05   -1.46847e+06    2.24762e+04
   Total Energy    Temperature Pressure (bar)   Constr. rmsd
   -1.44600e+06    1.80236e+02    3.03706e+01    5.37192e-06

Writing checkpoint, step 79784530 at Sat Apr 25 14:25:57 2020


DD  step 79999999 load imb.: force 23.3%

           Step           Time
       80000000   160000.00000

Writing checkpoint, step 80000000 at Sat Apr 25 14:29:13 2020


   Energies (kJ/mol)
        LJ (SR)   Coulomb (SR)   Coul. recip.      Potential    Kinetic En.
    1.33522e+02   -1.02915e+06   -4.39474e+05   -1.46849e+06    2.25303e+04
   Total Energy    Temperature Pressure (bar)   Constr. rmsd
   -1.44596e+06    1.80670e+02    3.21353e+01    5.42825e-06

	<======  ###############  ==>
	<====  A V E R A G E S  ====>
	<==  ###############  ======>

	Statistics over 80000001 steps using 800001 frames

   Energies (kJ/mol)
        LJ (SR)   Coulomb (SR)   Coul. recip.      Potential    Kinetic En.
    1.32139e+02   -1.02907e+06   -4.39473e+05   -1.46841e+06    2.24317e+04
   Total Energy    Temperature Pressure (bar)   Constr. rmsd
   -1.44598e+06    1.79879e+02    3.23655e+01    0.00000e+00

   Total Virial (kJ/mol)
    8.01379e+03    6.18982e-01    1.59086e-01
    6.18941e-01    3.86186e+03    6.74861e-02
    1.58909e-01    6.74437e-02    3.86166e+03

   Pressure (bar)
   -1.90046e+01   -7.19009e-03   -6.99072e-04
   -7.18948e-03    5.80518e+01    3.95082e-03
   -6.96499e-04    3.95143e-03    5.80494e+01


	M E G A - F L O P S   A C C O U N T I N G

 NB=Group-cutoff nonbonded kernels    NxN=N-by-N cluster Verlet kernels
 RF=Reaction-Field  VdW=Van der Waals  QSTab=quadratic-spline table
 W3=SPC/TIP3p  W4=TIP4p (single or pairs)
 V&F=Potential and force  V=Potential only  F=Force only

 Computing:                               M-Number         M-Flops  % Flops
-----------------------------------------------------------------------------
 NB VdW [V&F]                       2436080.941681     2436080.942     0.0
 NB VdW [F]                       207314144.617134   207314144.617     1.2
 NB Elec. [V&F]                    10324761.773840    10324761.774     0.1
 NB Elec. [F]                     687128063.334320   687128063.334     4.0
 Calc Weights                       7200000.090000   259200003.240     1.5
 Spread Q Bspline                 153600001.920000   307200003.840     1.8
 Gather F Bspline                 153600001.920000   921600011.520     5.3
 3D-FFT                           1818600982.732512 14548807861.860    83.8
 Solve PME                          4515840.056448   289013763.613     1.7
 NS-Pairs                           1802299.061814    37848280.298     0.2
 Reset In Box                         96000.000000      288000.000     0.0
 CG-CoM                              480000.030000     1440000.090     0.0
 Virial                               26304.032880      473472.592     0.0
 Stop-CM                              24000.030000      240000.300     0.0
 Calc-Ekin                           960000.060000    25920001.620     0.1
 Lincs                               480000.006000    28800000.360     0.2
 Constraint-V                        960000.012000     7680000.096     0.0
 Constraint-Vir                        4800.006000      115200.144     0.0
 Virtual Site 2                     1454400.036000    33451200.828     0.2
-----------------------------------------------------------------------------
 Total                                             17369280851.068   100.0
-----------------------------------------------------------------------------


    D O M A I N   D E C O M P O S I T I O N   S T A T I S T I C S

 av. #atoms communicated per step for force:  2 x 39807.3

 Average load imbalance: 25.1 %
 Part of the total run time spent waiting due to load imbalance: 0.9 %


     R E A L   C Y C L E   A N D   T I M E   A C C O U N T I N G

On 64 MPI ranks

 Computing:          Num   Num      Call    Wall time         Giga-Cycles
                     Ranks Threads  Count      (s)         total sum    %
-----------------------------------------------------------------------------
 Domain decomp.        64    1   16000000    2494.252     415043.412   3.4
 DD comm. load         64    1     160002       0.480         79.814   0.0
 Vsite constr.         64    1   80000001     312.698      52032.923   0.4
 Neighbor search       64    1   16000001    2307.969     384045.833   3.2
 Comm. coord.          64    1   80000001    1188.500     197766.335   1.6
 Force                 64    1   80000001    3292.944     547945.668   4.5
 Wait + Comm. F        64    1   80000001    1098.594     182805.901   1.5
 PME mesh              64    1   80000001   58553.750    9743340.062  80.1
 Vsite spread          64    1   80800002     343.934      57230.624   0.5
 Write traj.           64    1     160082     102.740      17095.963   0.1
 Update                64    1   80000001     552.023      91856.581   0.8
 Constraints           64    1   80000001     594.463      98918.614   0.8
 Comm. energies        64    1   16000001    1662.803     276690.272   2.3
 Rest                                         591.198      98375.268   0.8
-----------------------------------------------------------------------------
 Total                                      73096.347   12163227.266 100.0
-----------------------------------------------------------------------------
 Breakdown of PME mesh computation
-----------------------------------------------------------------------------
 PME redist. X/F       64    1  160000002    5348.380     889970.111   7.3
 PME spread/gather     64    1  160000002    9884.671    1644808.543  13.5
 PME 3D-FFT            64    1  160000002   13840.642    2303081.980  18.9
 PME 3D-FFT Comm.      64    1  320000004   27434.843    4565155.986  37.5
 PME solve Elec        64    1   80000001    1842.447     306582.999   2.5
-----------------------------------------------------------------------------

               Core t (s)   Wall t (s)        (%)
       Time:  4678166.191    73096.347     6400.0
                         20h18:16
                 (ns/day)    (hour/ns)
Performance:      189.120        0.127
Finished mdrun on rank 0 Sat Apr 25 14:29:14 2020
